<?xml version="1.0" encoding="UTF-8"?>
<testsuites name="SW-Change Profile" time="412.679" tests="20" failures="0" errors="0">
   <testsuite name="SW-Change Profile" tests="20" failures="0" errors="0" time="412.679" skipped="0" timestamp="2023-08-13 18:05:49" hostname="Dermawan - DESKTOP-0A9ALQA" id="Test Suites/Platform Website/SW-Change Profile">
      <properties>
[...]
</properties>
      <testcase name="Test Cases/Website/SW-Change Profile/SW-CP01" time="25.492" classname="Test Cases/Website/SW-Change Profile/SW-CP01" status="PASSED">
         <system-out><![CDATA[2023-08-13 18:05:49 - [TEST_CASE][PASSED] - Test Cases/Website/SW-Change Profile/SW-CP01: Test Cases/Website/SW-Change Profile/SW-CP01

2023-08-13 18:05:49 - [TEST_STEP][PASSED] - openBrowser(""): Browser is opened with url: ''

2023-08-13 18:05:50 - [MESSAGE][INFO] - Starting 'Chrome' driver

2023-08-13 18:05:50 - [MESSAGE][INFO] - Action delay is set to 0 milliseconds

2023-08-13 18:05:52 - [MESSAGE][PASSED] - Browser is opened with url: ''

2023-08-13 18:05:52 - [TEST_STEP][PASSED] - maximizeWindow(): Current window maximized

2023-08-13 18:05:52 - [MESSAGE][PASSED] - Current window maximized

2023-08-13 18:05:52 - [TEST_STEP][PASSED] - navigateToUrl("https://demo-app.online/"): Navigate to 'https://demo-app.online/' successfully

2023-08-13 18:05:54 - [MESSAGE][PASSED] - Navigate to 'https://demo-app.online/' successfully

2023-08-13 18:05:54 - [TEST_STEP][PASSED] - click(findTestObject("Object Repository/Web - Change Profile/Page_Be a Profressional Talent with Coding.ID/Button_Masuk")): Object: 'Object Repository/Web - Change Profile/Page_Be a Profressional Talent with Coding.ID/Button_Masuk' is clicked on

2023-08-13 18:05:55 - [MESSAGE][PASSED] - Object: 'Object Repository/Web - Change Profile/Page_Be a Profressional Talent with Coding.ID/Button_Masuk' is clicked on

2023-08-13 18:05:55 - [TEST_STEP][PASSED] - setText(findTestObject("Object Repository/Web - Change Profile/Page_Masuk untuk dapatkan akses di Coding.ID/input_Email_email"), "iqbalm213@gmail.com"): Text 'iqbalm213@gmail.com' is set on object 'Object Repository/Web - Change Profile/Page_Masuk untuk dapatkan akses di Coding.ID/input_Email_email'

2023-08-13 18:05:56 - [MESSAGE][PASSED] - Text 'iqbalm213@gmail.com' is set on object 'Object Repository/Web - Change Profile/Page_Masuk untuk dapatkan akses di Coding.ID/input_Email_email'

2023-08-13 18:05:56 - [TEST_STEP][PASSED] - setText(findTestObject("Object Repository/Web - Change Profile/Page_Masuk untuk dapatkan akses di Coding.ID/input_Kata                                 _98da12"), iqbal_pass): Text 'password123' is set on object 'Object Repository/Web - Change Profile/Page_Masuk untuk dapatkan akses di Coding.ID/input_Kata                                 _98da12'

2023-08-13 18:05:57 - [MESSAGE][PASSED] - Text 'password123' is set on object 'Object Repository/Web - Change Profile/Page_Masuk untuk dapatkan akses di Coding.ID/input_Kata                                 _98da12'

2023-08-13 18:05:57 - [TEST_STEP][PASSED] - click(findTestObject("Object Repository/Web - Change Profile/Page_Masuk untuk dapatkan akses di Coding.ID/button_Login")): Object: 'Object Repository/Web - Change Profile/Page_Masuk untuk dapatkan akses di Coding.ID/button_Login' is clicked on

2023-08-13 18:05:59 - [MESSAGE][PASSED] - Object: 'Object Repository/Web - Change Profile/Page_Masuk untuk dapatkan akses di Coding.ID/button_Login' is clicked on

2023-08-13 18:05:59 - [TEST_STEP][PASSED] - click(findTestObject("Object Repository/Web - Change Profile/Page_Be a Profressional Talent with Coding.ID/Dropdown_goes_to_Profile")): Object: 'Object Repository/Web - Change Profile/Page_Be a Profressional Talent with Coding.ID/Dropdown_goes_to_Profile' is clicked on

2023-08-13 18:05:59 - [MESSAGE][PASSED] - Object: 'Object Repository/Web - Change Profile/Page_Be a Profressional Talent with Coding.ID/Dropdown_goes_to_Profile' is clicked on

2023-08-13 18:05:59 - [TEST_STEP][PASSED] - click(findTestObject("Object Repository/Web - Change Profile/Page_Be a Profressional Talent with Coding.ID/a_My Account")): Object: 'Object Repository/Web - Change Profile/Page_Be a Profressional Talent with Coding.ID/a_My Account' is clicked on

2023-08-13 18:06:00 - [MESSAGE][PASSED] - Object: 'Object Repository/Web - Change Profile/Page_Be a Profressional Talent with Coding.ID/a_My Account' is clicked on

2023-08-13 18:06:00 - [TEST_STEP][PASSED] - click(findTestObject("Object Repository/Web - Change Profile/Page_Coding.ID - Dashboard/span_Profil")): Object: 'Object Repository/Web - Change Profile/Page_Coding.ID - Dashboard/span_Profil' is clicked on

2023-08-13 18:06:01 - [MESSAGE][PASSED] - Object: 'Object Repository/Web - Change Profile/Page_Coding.ID - Dashboard/span_Profil' is clicked on

2023-08-13 18:06:01 - [TEST_STEP][PASSED] - click(findTestObject("Object Repository/Web - Change Profile/Page_Coding.ID - Dashboard/a_Edit Profile")): Object: 'Object Repository/Web - Change Profile/Page_Coding.ID - Dashboard/a_Edit Profile' is clicked on

2023-08-13 18:06:02 - [MESSAGE][PASSED] - Object: 'Object Repository/Web - Change Profile/Page_Coding.ID - Dashboard/a_Edit Profile' is clicked on

2023-08-13 18:06:02 - [TEST_STEP][PASSED] - uploadFile(findTestObject("Web - Change Profile/Page_Coding.ID - Dashboard/input_gambar"), "C:\Users\Dermawan\Desktop\Katalon Directory\dummy\DanteDMC5.jpg"): File 'C:\Users\Dermawan\Desktop\Katalon Directory\dummy\DanteDMC5.jpg' sent to object: 'Object Repository/Web - Change Profile/Page_Coding.ID - Dashboard/input_gambar'

2023-08-13 18:06:03 - [MESSAGE][PASSED] - File 'C:\Users\Dermawan\Desktop\Katalon Directory\dummy\DanteDMC5.jpg' sent to object: 'Object Repository/Web - Change Profile/Page_Coding.ID - Dashboard/input_gambar'

2023-08-13 18:06:03 - [TEST_STEP][PASSED] - setText(findTestObject("Web - Change Profile/Page_Coding.ID - Dashboard/input_Phone_whatsapp"), "0813816291"): Text '0813816291' is set on object 'Object Repository/Web - Change Profile/Page_Coding.ID - Dashboard/input_Phone_whatsapp'

2023-08-13 18:06:04 - [MESSAGE][PASSED] - Text '0813816291' is set on object 'Object Repository/Web - Change Profile/Page_Coding.ID - Dashboard/input_Phone_whatsapp'

2023-08-13 18:06:04 - [TEST_STEP][PASSED] - setText(findTestObject("Web - Change Profile/Page_Coding.ID - Dashboard/input_BirthDay_birth_date"), "06dec1998"): Text '06dec1998' is set on object 'Object Repository/Web - Change Profile/Page_Coding.ID - Dashboard/input_BirthDay_birth_date'

2023-08-13 18:06:05 - [MESSAGE][PASSED] - Text '06dec1998' is set on object 'Object Repository/Web - Change Profile/Page_Coding.ID - Dashboard/input_BirthDay_birth_date'

2023-08-13 18:06:05 - [TEST_STEP][PASSED] - click(findTestObject("Web - Change Profile/Page_Coding.ID - Dashboard/button_Save Changes")): Object: 'Object Repository/Web - Change Profile/Page_Coding.ID - Dashboard/button_Save Changes' is clicked on

2023-08-13 18:06:09 - [MESSAGE][PASSED] - Object: 'Object Repository/Web - Change Profile/Page_Coding.ID - Dashboard/button_Save Changes' is clicked on

2023-08-13 18:06:09 - [TEST_STEP][PASSED] - delay(5): Delayed 5 second(s)

2023-08-13 18:06:14 - [MESSAGE][PASSED] - Delayed 5 second(s)

2023-08-13 18:06:14 - [TEST_STEP][PASSED] - closeBrowser(): Browser is closed

2023-08-13 18:06:14 - [MESSAGE][PASSED] - Browser is closed]]></system-out>
         <system-err><![CDATA[]]></system-err>
      </testcase>
      <testcase name="Test Cases/Website/SW-Change Profile/SW-CP02" time="18.533" classname="Test Cases/Website/SW-Change Profile/SW-CP02" status="PASSED">
         <system-out><![CDATA[2023-08-13 18:06:14 - [TEST_CASE][PASSED] - Test Cases/Website/SW-Change Profile/SW-CP02: Test Cases/Website/SW-Change Profile/SW-CP02

2023-08-13 18:06:15 - [TEST_STEP][PASSED] - openBrowser(""): Browser is opened with url: ''

2023-08-13 18:06:15 - [MESSAGE][INFO] - Starting 'Chrome' driver

2023-08-13 18:06:15 - [MESSAGE][INFO] - Action delay is set to 0 milliseconds

2023-08-13 18:06:16 - [MESSAGE][PASSED] - Browser is opened with url: ''

2023-08-13 18:06:16 - [TEST_STEP][PASSED] - maximizeWindow(): Current window maximized

2023-08-13 18:06:16 - [MESSAGE][PASSED] - Current window maximized

2023-08-13 18:06:16 - [TEST_STEP][PASSED] - navigateToUrl("https://demo-app.online/"): Navigate to 'https://demo-app.online/' successfully

2023-08-13 18:06:18 - [MESSAGE][PASSED] - Navigate to 'https://demo-app.online/' successfully

2023-08-13 18:06:18 - [TEST_STEP][PASSED] - click(findTestObject("Object Repository/Web - Change Profile/Page_Be a Profressional Talent with Coding.ID/Button_Masuk")): Object: 'Object Repository/Web - Change Profile/Page_Be a Profressional Talent with Coding.ID/Button_Masuk' is clicked on

2023-08-13 18:06:19 - [MESSAGE][PASSED] - Object: 'Object Repository/Web - Change Profile/Page_Be a Profressional Talent with Coding.ID/Button_Masuk' is clicked on

2023-08-13 18:06:19 - [TEST_STEP][PASSED] - setText(findTestObject("Object Repository/Web - Change Profile/Page_Masuk untuk dapatkan akses di Coding.ID/input_Email_email"), "iqbalm213@gmail.com"): Text 'iqbalm213@gmail.com' is set on object 'Object Repository/Web - Change Profile/Page_Masuk untuk dapatkan akses di Coding.ID/input_Email_email'

2023-08-13 18:06:20 - [MESSAGE][PASSED] - Text 'iqbalm213@gmail.com' is set on object 'Object Repository/Web - Change Profile/Page_Masuk untuk dapatkan akses di Coding.ID/input_Email_email'

2023-08-13 18:06:20 - [TEST_STEP][PASSED] - setText(findTestObject("Object Repository/Web - Change Profile/Page_Masuk untuk dapatkan akses di Coding.ID/input_Kata                                 _98da12"), iqbal_pass): Text 'password123' is set on object 'Object Repository/Web - Change Profile/Page_Masuk untuk dapatkan akses di Coding.ID/input_Kata                                 _98da12'

2023-08-13 18:06:21 - [MESSAGE][PASSED] - Text 'password123' is set on object 'Object Repository/Web - Change Profile/Page_Masuk untuk dapatkan akses di Coding.ID/input_Kata                                 _98da12'

2023-08-13 18:06:21 - [TEST_STEP][PASSED] - click(findTestObject("Object Repository/Web - Change Profile/Page_Masuk untuk dapatkan akses di Coding.ID/button_Login")): Object: 'Object Repository/Web - Change Profile/Page_Masuk untuk dapatkan akses di Coding.ID/button_Login' is clicked on

2023-08-13 18:06:22 - [MESSAGE][PASSED] - Object: 'Object Repository/Web - Change Profile/Page_Masuk untuk dapatkan akses di Coding.ID/button_Login' is clicked on

2023-08-13 18:06:22 - [TEST_STEP][PASSED] - click(findTestObject("Object Repository/Web - Change Profile/Page_Be a Profressional Talent with Coding.ID/Dropdown_goes_to_Profile")): Object: 'Object Repository/Web - Change Profile/Page_Be a Profressional Talent with Coding.ID/Dropdown_goes_to_Profile' is clicked on

2023-08-13 18:06:23 - [MESSAGE][PASSED] - Object: 'Object Repository/Web - Change Profile/Page_Be a Profressional Talent with Coding.ID/Dropdown_goes_to_Profile' is clicked on

2023-08-13 18:06:23 - [TEST_STEP][PASSED] - click(findTestObject("Object Repository/Web - Change Profile/Page_Be a Profressional Talent with Coding.ID/a_My Account")): Object: 'Object Repository/Web - Change Profile/Page_Be a Profressional Talent with Coding.ID/a_My Account' is clicked on

2023-08-13 18:06:24 - [MESSAGE][PASSED] - Object: 'Object Repository/Web - Change Profile/Page_Be a Profressional Talent with Coding.ID/a_My Account' is clicked on

2023-08-13 18:06:24 - [TEST_STEP][PASSED] - click(findTestObject("Object Repository/Web - Change Profile/Page_Coding.ID - Dashboard/span_Profil")): Object: 'Object Repository/Web - Change Profile/Page_Coding.ID - Dashboard/span_Profil' is clicked on

2023-08-13 18:06:25 - [MESSAGE][PASSED] - Object: 'Object Repository/Web - Change Profile/Page_Coding.ID - Dashboard/span_Profil' is clicked on

2023-08-13 18:06:25 - [TEST_STEP][PASSED] - click(findTestObject("Web - Change Profile/Page_Coding.ID - Dashboard/a_Edit Profile")): Object: 'Object Repository/Web - Change Profile/Page_Coding.ID - Dashboard/a_Edit Profile' is clicked on

2023-08-13 18:06:26 - [MESSAGE][PASSED] - Object: 'Object Repository/Web - Change Profile/Page_Coding.ID - Dashboard/a_Edit Profile' is clicked on

2023-08-13 18:06:26 - [TEST_STEP][PASSED] - delay(5): Delayed 5 second(s)

2023-08-13 18:06:31 - [MESSAGE][PASSED] - Delayed 5 second(s)

2023-08-13 18:06:31 - [TEST_STEP][PASSED] - click(findTestObject("Object Repository/Web - Change Profile/Page_Coding.ID - Dashboard/button_Save Changes")): Object: 'Object Repository/Web - Change Profile/Page_Coding.ID - Dashboard/button_Save Changes' is clicked on

2023-08-13 18:06:32 - [MESSAGE][PASSED] - Object: 'Object Repository/Web - Change Profile/Page_Coding.ID - Dashboard/button_Save Changes' is clicked on

2023-08-13 18:06:32 - [TEST_STEP][PASSED] - closeBrowser(): Browser is closed

2023-08-13 18:06:33 - [MESSAGE][PASSED] - Browser is closed]]></system-out>
         <system-err><![CDATA[]]></system-err>
      </testcase>
      <testcase name="Test Cases/Website/SW-Change Profile/SW-CP03" time="18.333" classname="Test Cases/Website/SW-Change Profile/SW-CP03" status="PASSED">
         <system-out><![CDATA[2023-08-13 18:06:33 - [TEST_CASE][PASSED] - Test Cases/Website/SW-Change Profile/SW-CP03: Test Cases/Website/SW-Change Profile/SW-CP03

2023-08-13 18:06:33 - [TEST_STEP][PASSED] - openBrowser(""): Browser is opened with url: ''

2023-08-13 18:06:33 - [MESSAGE][INFO] - Starting 'Chrome' driver

2023-08-13 18:06:33 - [MESSAGE][INFO] - Action delay is set to 0 milliseconds

2023-08-13 18:06:35 - [MESSAGE][PASSED] - Browser is opened with url: ''

2023-08-13 18:06:35 - [TEST_STEP][PASSED] - maximizeWindow(): Current window maximized

2023-08-13 18:06:35 - [MESSAGE][PASSED] - Current window maximized

2023-08-13 18:06:35 - [TEST_STEP][PASSED] - navigateToUrl("https://demo-app.online/"): Navigate to 'https://demo-app.online/' successfully

2023-08-13 18:06:36 - [MESSAGE][PASSED] - Navigate to 'https://demo-app.online/' successfully

2023-08-13 18:06:36 - [TEST_STEP][PASSED] - click(findTestObject("Object Repository/Web - Change Profile/Page_Be a Profressional Talent with Coding.ID/Button_Masuk")): Object: 'Object Repository/Web - Change Profile/Page_Be a Profressional Talent with Coding.ID/Button_Masuk' is clicked on

2023-08-13 18:06:37 - [MESSAGE][PASSED] - Object: 'Object Repository/Web - Change Profile/Page_Be a Profressional Talent with Coding.ID/Button_Masuk' is clicked on

2023-08-13 18:06:37 - [TEST_STEP][PASSED] - setText(findTestObject("Object Repository/Web - Change Profile/Page_Masuk untuk dapatkan akses di Coding.ID/input_Email_email"), "iqbalm213@gmail.com"): Text 'iqbalm213@gmail.com' is set on object 'Object Repository/Web - Change Profile/Page_Masuk untuk dapatkan akses di Coding.ID/input_Email_email'

2023-08-13 18:06:38 - [MESSAGE][PASSED] - Text 'iqbalm213@gmail.com' is set on object 'Object Repository/Web - Change Profile/Page_Masuk untuk dapatkan akses di Coding.ID/input_Email_email'

2023-08-13 18:06:38 - [TEST_STEP][PASSED] - setText(findTestObject("Object Repository/Web - Change Profile/Page_Masuk untuk dapatkan akses di Coding.ID/input_Kata                                 _98da12"), iqbal_pass): Text 'password123' is set on object 'Object Repository/Web - Change Profile/Page_Masuk untuk dapatkan akses di Coding.ID/input_Kata                                 _98da12'

2023-08-13 18:06:39 - [MESSAGE][PASSED] - Text 'password123' is set on object 'Object Repository/Web - Change Profile/Page_Masuk untuk dapatkan akses di Coding.ID/input_Kata                                 _98da12'

2023-08-13 18:06:39 - [TEST_STEP][PASSED] - click(findTestObject("Object Repository/Web - Change Profile/Page_Masuk untuk dapatkan akses di Coding.ID/button_Login")): Object: 'Object Repository/Web - Change Profile/Page_Masuk untuk dapatkan akses di Coding.ID/button_Login' is clicked on

2023-08-13 18:06:40 - [MESSAGE][PASSED] - Object: 'Object Repository/Web - Change Profile/Page_Masuk untuk dapatkan akses di Coding.ID/button_Login' is clicked on

2023-08-13 18:06:40 - [TEST_STEP][PASSED] - click(findTestObject("Object Repository/Web - Change Profile/Page_Be a Profressional Talent with Coding.ID/Dropdown_goes_to_Profile")): Object: 'Object Repository/Web - Change Profile/Page_Be a Profressional Talent with Coding.ID/Dropdown_goes_to_Profile' is clicked on

2023-08-13 18:06:41 - [MESSAGE][PASSED] - Object: 'Object Repository/Web - Change Profile/Page_Be a Profressional Talent with Coding.ID/Dropdown_goes_to_Profile' is clicked on

2023-08-13 18:06:41 - [TEST_STEP][PASSED] - click(findTestObject("Object Repository/Web - Change Profile/Page_Be a Profressional Talent with Coding.ID/a_My Account")): Object: 'Object Repository/Web - Change Profile/Page_Be a Profressional Talent with Coding.ID/a_My Account' is clicked on

2023-08-13 18:06:42 - [MESSAGE][PASSED] - Object: 'Object Repository/Web - Change Profile/Page_Be a Profressional Talent with Coding.ID/a_My Account' is clicked on

2023-08-13 18:06:42 - [TEST_STEP][PASSED] - click(findTestObject("Object Repository/Web - Change Profile/Page_Coding.ID - Dashboard/span_Profil")): Object: 'Object Repository/Web - Change Profile/Page_Coding.ID - Dashboard/span_Profil' is clicked on

2023-08-13 18:06:43 - [MESSAGE][PASSED] - Object: 'Object Repository/Web - Change Profile/Page_Coding.ID - Dashboard/span_Profil' is clicked on

2023-08-13 18:06:43 - [TEST_STEP][PASSED] - click(findTestObject("Object Repository/Web - Change Profile/Page_Coding.ID - Dashboard/a_Edit Profile")): Object: 'Object Repository/Web - Change Profile/Page_Coding.ID - Dashboard/a_Edit Profile' is clicked on

2023-08-13 18:06:44 - [MESSAGE][PASSED] - Object: 'Object Repository/Web - Change Profile/Page_Coding.ID - Dashboard/a_Edit Profile' is clicked on

2023-08-13 18:06:44 - [TEST_STEP][PASSED] - setText(findTestObject("Web - Change Profile/Page_Coding.ID - Dashboard/input_Phone_whatsapp"), "0813816300"): Text '0813816300' is set on object 'Object Repository/Web - Change Profile/Page_Coding.ID - Dashboard/input_Phone_whatsapp'

2023-08-13 18:06:45 - [MESSAGE][PASSED] - Text '0813816300' is set on object 'Object Repository/Web - Change Profile/Page_Coding.ID - Dashboard/input_Phone_whatsapp'

2023-08-13 18:06:45 - [TEST_STEP][PASSED] - click(findTestObject("Web - Change Profile/Page_Coding.ID - Dashboard/button_Save Changes")): Object: 'Object Repository/Web - Change Profile/Page_Coding.ID - Dashboard/button_Save Changes' is clicked on

2023-08-13 18:06:46 - [MESSAGE][PASSED] - Object: 'Object Repository/Web - Change Profile/Page_Coding.ID - Dashboard/button_Save Changes' is clicked on

2023-08-13 18:06:46 - [TEST_STEP][PASSED] - delay(5): Delayed 5 second(s)

2023-08-13 18:06:51 - [MESSAGE][PASSED] - Delayed 5 second(s)

2023-08-13 18:06:51 - [TEST_STEP][PASSED] - closeBrowser(): Browser is closed

2023-08-13 18:06:51 - [MESSAGE][PASSED] - Browser is closed]]></system-out>
         <system-err><![CDATA[]]></system-err>
      </testcase>
      <testcase name="Test Cases/Website/SW-Change Profile/SW-CP04" time="22.179" classname="Test Cases/Website/SW-Change Profile/SW-CP04" status="PASSED">
         <system-out><![CDATA[2023-08-13 18:06:51 - [TEST_CASE][PASSED] - Test Cases/Website/SW-Change Profile/SW-CP04: Test Cases/Website/SW-Change Profile/SW-CP04

2023-08-13 18:06:52 - [TEST_STEP][PASSED] - openBrowser(""): Browser is opened with url: ''

2023-08-13 18:06:52 - [MESSAGE][INFO] - Starting 'Chrome' driver

2023-08-13 18:06:52 - [MESSAGE][INFO] - Action delay is set to 0 milliseconds

2023-08-13 18:06:53 - [MESSAGE][PASSED] - Browser is opened with url: ''

2023-08-13 18:06:53 - [TEST_STEP][PASSED] - maximizeWindow(): Current window maximized

2023-08-13 18:06:53 - [MESSAGE][PASSED] - Current window maximized

2023-08-13 18:06:53 - [TEST_STEP][PASSED] - navigateToUrl("https://demo-app.online/"): Navigate to 'https://demo-app.online/' successfully

2023-08-13 18:06:56 - [MESSAGE][PASSED] - Navigate to 'https://demo-app.online/' successfully

2023-08-13 18:06:56 - [TEST_STEP][PASSED] - click(findTestObject("Object Repository/Web - Change Profile/Page_Be a Profressional Talent with Coding.ID/Button_Masuk")): Object: 'Object Repository/Web - Change Profile/Page_Be a Profressional Talent with Coding.ID/Button_Masuk' is clicked on

2023-08-13 18:06:57 - [MESSAGE][PASSED] - Object: 'Object Repository/Web - Change Profile/Page_Be a Profressional Talent with Coding.ID/Button_Masuk' is clicked on

2023-08-13 18:06:57 - [TEST_STEP][PASSED] - setText(findTestObject("Object Repository/Web - Change Profile/Page_Masuk untuk dapatkan akses di Coding.ID/input_Email_email"), "iqbalm213@gmail.com"): Text 'iqbalm213@gmail.com' is set on object 'Object Repository/Web - Change Profile/Page_Masuk untuk dapatkan akses di Coding.ID/input_Email_email'

2023-08-13 18:06:58 - [MESSAGE][PASSED] - Text 'iqbalm213@gmail.com' is set on object 'Object Repository/Web - Change Profile/Page_Masuk untuk dapatkan akses di Coding.ID/input_Email_email'

2023-08-13 18:06:58 - [TEST_STEP][PASSED] - setText(findTestObject("Object Repository/Web - Change Profile/Page_Masuk untuk dapatkan akses di Coding.ID/input_Kata                                 _98da12"), iqbal_pass): Text 'password123' is set on object 'Object Repository/Web - Change Profile/Page_Masuk untuk dapatkan akses di Coding.ID/input_Kata                                 _98da12'

2023-08-13 18:06:59 - [MESSAGE][PASSED] - Text 'password123' is set on object 'Object Repository/Web - Change Profile/Page_Masuk untuk dapatkan akses di Coding.ID/input_Kata                                 _98da12'

2023-08-13 18:06:59 - [TEST_STEP][PASSED] - click(findTestObject("Object Repository/Web - Change Profile/Page_Masuk untuk dapatkan akses di Coding.ID/button_Login")): Object: 'Object Repository/Web - Change Profile/Page_Masuk untuk dapatkan akses di Coding.ID/button_Login' is clicked on

2023-08-13 18:07:01 - [MESSAGE][PASSED] - Object: 'Object Repository/Web - Change Profile/Page_Masuk untuk dapatkan akses di Coding.ID/button_Login' is clicked on

2023-08-13 18:07:01 - [TEST_STEP][PASSED] - click(findTestObject("Object Repository/Web - Change Profile/Page_Be a Profressional Talent with Coding.ID/Dropdown_goes_to_Profile")): Object: 'Object Repository/Web - Change Profile/Page_Be a Profressional Talent with Coding.ID/Dropdown_goes_to_Profile' is clicked on

2023-08-13 18:07:02 - [MESSAGE][PASSED] - Object: 'Object Repository/Web - Change Profile/Page_Be a Profressional Talent with Coding.ID/Dropdown_goes_to_Profile' is clicked on

2023-08-13 18:07:02 - [TEST_STEP][PASSED] - click(findTestObject("Object Repository/Web - Change Profile/Page_Be a Profressional Talent with Coding.ID/a_My Account")): Object: 'Object Repository/Web - Change Profile/Page_Be a Profressional Talent with Coding.ID/a_My Account' is clicked on

2023-08-13 18:07:03 - [MESSAGE][PASSED] - Object: 'Object Repository/Web - Change Profile/Page_Be a Profressional Talent with Coding.ID/a_My Account' is clicked on

2023-08-13 18:07:03 - [TEST_STEP][PASSED] - click(findTestObject("Object Repository/Web - Change Profile/Page_Coding.ID - Dashboard/span_Profil")): Object: 'Object Repository/Web - Change Profile/Page_Coding.ID - Dashboard/span_Profil' is clicked on

2023-08-13 18:07:05 - [MESSAGE][PASSED] - Object: 'Object Repository/Web - Change Profile/Page_Coding.ID - Dashboard/span_Profil' is clicked on

2023-08-13 18:07:05 - [TEST_STEP][PASSED] - click(findTestObject("Object Repository/Web - Change Profile/Page_Coding.ID - Dashboard/a_Edit Profile")): Object: 'Object Repository/Web - Change Profile/Page_Coding.ID - Dashboard/a_Edit Profile' is clicked on

2023-08-13 18:07:06 - [MESSAGE][PASSED] - Object: 'Object Repository/Web - Change Profile/Page_Coding.ID - Dashboard/a_Edit Profile' is clicked on

2023-08-13 18:07:06 - [TEST_STEP][PASSED] - setText(findTestObject("Web - Change Profile/Page_Coding.ID - Dashboard/input_Phone_whatsapp"), "081381630033"): Text '081381630033' is set on object 'Object Repository/Web - Change Profile/Page_Coding.ID - Dashboard/input_Phone_whatsapp'

2023-08-13 18:07:07 - [MESSAGE][PASSED] - Text '081381630033' is set on object 'Object Repository/Web - Change Profile/Page_Coding.ID - Dashboard/input_Phone_whatsapp'

2023-08-13 18:07:07 - [TEST_STEP][PASSED] - click(findTestObject("Web - Change Profile/Page_Coding.ID - Dashboard/button_Save Changes")): Object: 'Object Repository/Web - Change Profile/Page_Coding.ID - Dashboard/button_Save Changes' is clicked on

2023-08-13 18:07:08 - [MESSAGE][PASSED] - Object: 'Object Repository/Web - Change Profile/Page_Coding.ID - Dashboard/button_Save Changes' is clicked on

2023-08-13 18:07:08 - [TEST_STEP][PASSED] - delay(5): Delayed 5 second(s)

2023-08-13 18:07:13 - [MESSAGE][PASSED] - Delayed 5 second(s)

2023-08-13 18:07:13 - [TEST_STEP][PASSED] - closeBrowser(): Browser is closed

2023-08-13 18:07:13 - [MESSAGE][PASSED] - Browser is closed]]></system-out>
         <system-err><![CDATA[]]></system-err>
      </testcase>
      <testcase name="Test Cases/Website/SW-Change Profile/SW-CP05" time="24.333" classname="Test Cases/Website/SW-Change Profile/SW-CP05" status="PASSED">
         <system-out><![CDATA[2023-08-13 18:07:13 - [TEST_CASE][PASSED] - Test Cases/Website/SW-Change Profile/SW-CP05: Test Cases/Website/SW-Change Profile/SW-CP05

2023-08-13 18:07:14 - [TEST_STEP][PASSED] - openBrowser(""): Browser is opened with url: ''

2023-08-13 18:07:14 - [MESSAGE][INFO] - Starting 'Chrome' driver

2023-08-13 18:07:14 - [MESSAGE][INFO] - Action delay is set to 0 milliseconds

2023-08-13 18:07:15 - [MESSAGE][PASSED] - Browser is opened with url: ''

2023-08-13 18:07:15 - [TEST_STEP][PASSED] - maximizeWindow(): Current window maximized

2023-08-13 18:07:15 - [MESSAGE][PASSED] - Current window maximized

2023-08-13 18:07:15 - [TEST_STEP][PASSED] - navigateToUrl("https://demo-app.online/"): Navigate to 'https://demo-app.online/' successfully

2023-08-13 18:07:18 - [MESSAGE][PASSED] - Navigate to 'https://demo-app.online/' successfully

2023-08-13 18:07:18 - [TEST_STEP][PASSED] - click(findTestObject("Object Repository/Web - Change Profile/Page_Be a Profressional Talent with Coding.ID/Button_Masuk")): Object: 'Object Repository/Web - Change Profile/Page_Be a Profressional Talent with Coding.ID/Button_Masuk' is clicked on

2023-08-13 18:07:19 - [MESSAGE][PASSED] - Object: 'Object Repository/Web - Change Profile/Page_Be a Profressional Talent with Coding.ID/Button_Masuk' is clicked on

2023-08-13 18:07:19 - [TEST_STEP][PASSED] - setText(findTestObject("Object Repository/Web - Change Profile/Page_Masuk untuk dapatkan akses di Coding.ID/input_Email_email"), "iqbalm213@gmail.com"): Text 'iqbalm213@gmail.com' is set on object 'Object Repository/Web - Change Profile/Page_Masuk untuk dapatkan akses di Coding.ID/input_Email_email'

2023-08-13 18:07:20 - [MESSAGE][PASSED] - Text 'iqbalm213@gmail.com' is set on object 'Object Repository/Web - Change Profile/Page_Masuk untuk dapatkan akses di Coding.ID/input_Email_email'

2023-08-13 18:07:20 - [TEST_STEP][PASSED] - setText(findTestObject("Object Repository/Web - Change Profile/Page_Masuk untuk dapatkan akses di Coding.ID/input_Kata                                 _98da12"), iqbal_pass): Text 'password123' is set on object 'Object Repository/Web - Change Profile/Page_Masuk untuk dapatkan akses di Coding.ID/input_Kata                                 _98da12'

2023-08-13 18:07:20 - [MESSAGE][PASSED] - Text 'password123' is set on object 'Object Repository/Web - Change Profile/Page_Masuk untuk dapatkan akses di Coding.ID/input_Kata                                 _98da12'

2023-08-13 18:07:20 - [TEST_STEP][PASSED] - click(findTestObject("Object Repository/Web - Change Profile/Page_Masuk untuk dapatkan akses di Coding.ID/button_Login")): Object: 'Object Repository/Web - Change Profile/Page_Masuk untuk dapatkan akses di Coding.ID/button_Login' is clicked on

2023-08-13 18:07:22 - [MESSAGE][PASSED] - Object: 'Object Repository/Web - Change Profile/Page_Masuk untuk dapatkan akses di Coding.ID/button_Login' is clicked on

2023-08-13 18:07:22 - [TEST_STEP][PASSED] - click(findTestObject("Object Repository/Web - Change Profile/Page_Be a Profressional Talent with Coding.ID/Dropdown_goes_to_Profile")): Object: 'Object Repository/Web - Change Profile/Page_Be a Profressional Talent with Coding.ID/Dropdown_goes_to_Profile' is clicked on

2023-08-13 18:07:22 - [MESSAGE][PASSED] - Object: 'Object Repository/Web - Change Profile/Page_Be a Profressional Talent with Coding.ID/Dropdown_goes_to_Profile' is clicked on

2023-08-13 18:07:22 - [TEST_STEP][PASSED] - click(findTestObject("Object Repository/Web - Change Profile/Page_Be a Profressional Talent with Coding.ID/a_My Account")): Object: 'Object Repository/Web - Change Profile/Page_Be a Profressional Talent with Coding.ID/a_My Account' is clicked on

2023-08-13 18:07:23 - [MESSAGE][PASSED] - Object: 'Object Repository/Web - Change Profile/Page_Be a Profressional Talent with Coding.ID/a_My Account' is clicked on

2023-08-13 18:07:23 - [TEST_STEP][PASSED] - click(findTestObject("Object Repository/Web - Change Profile/Page_Coding.ID - Dashboard/span_Profil")): Object: 'Object Repository/Web - Change Profile/Page_Coding.ID - Dashboard/span_Profil' is clicked on

2023-08-13 18:07:24 - [MESSAGE][PASSED] - Object: 'Object Repository/Web - Change Profile/Page_Coding.ID - Dashboard/span_Profil' is clicked on

2023-08-13 18:07:24 - [TEST_STEP][PASSED] - click(findTestObject("Object Repository/Web - Change Profile/Page_Coding.ID - Dashboard/a_Edit Profile")): Object: 'Object Repository/Web - Change Profile/Page_Coding.ID - Dashboard/a_Edit Profile' is clicked on

2023-08-13 18:07:25 - [MESSAGE][PASSED] - Object: 'Object Repository/Web - Change Profile/Page_Coding.ID - Dashboard/a_Edit Profile' is clicked on

2023-08-13 18:07:25 - [TEST_STEP][PASSED] - setText(findTestObject("Web - Change Profile/Page_Coding.ID - Dashboard/input_BirthDay_birth_date"), "05aug2017"): Text '05aug2017' is set on object 'Object Repository/Web - Change Profile/Page_Coding.ID - Dashboard/input_BirthDay_birth_date'

2023-08-13 18:07:26 - [MESSAGE][PASSED] - Text '05aug2017' is set on object 'Object Repository/Web - Change Profile/Page_Coding.ID - Dashboard/input_BirthDay_birth_date'

2023-08-13 18:07:26 - [TEST_STEP][PASSED] - delay(5): Delayed 5 second(s)

2023-08-13 18:07:31 - [MESSAGE][PASSED] - Delayed 5 second(s)

2023-08-13 18:07:31 - [TEST_STEP][PASSED] - click(findTestObject("Web - Change Profile/Page_Coding.ID - Dashboard/button_Save Changes")): Object: 'Object Repository/Web - Change Profile/Page_Coding.ID - Dashboard/button_Save Changes' is clicked on

2023-08-13 18:07:32 - [MESSAGE][PASSED] - Object: 'Object Repository/Web - Change Profile/Page_Coding.ID - Dashboard/button_Save Changes' is clicked on

2023-08-13 18:07:32 - [TEST_STEP][PASSED] - delay(5): Delayed 5 second(s)

2023-08-13 18:07:37 - [MESSAGE][PASSED] - Delayed 5 second(s)

2023-08-13 18:07:37 - [TEST_STEP][PASSED] - closeBrowser(): Browser is closed

2023-08-13 18:07:38 - [MESSAGE][PASSED] - Browser is closed]]></system-out>
         <system-err><![CDATA[]]></system-err>
      </testcase>
      <testcase name="Test Cases/Website/SW-Change Profile/SW-CP06" time="23.286" classname="Test Cases/Website/SW-Change Profile/SW-CP06" status="PASSED">
         <system-out><![CDATA[2023-08-13 18:07:38 - [TEST_CASE][PASSED] - Test Cases/Website/SW-Change Profile/SW-CP06: Test Cases/Website/SW-Change Profile/SW-CP06

2023-08-13 18:07:38 - [TEST_STEP][PASSED] - openBrowser(""): Browser is opened with url: ''

2023-08-13 18:07:38 - [MESSAGE][INFO] - Starting 'Chrome' driver

2023-08-13 18:07:38 - [MESSAGE][INFO] - Action delay is set to 0 milliseconds

2023-08-13 18:07:39 - [MESSAGE][PASSED] - Browser is opened with url: ''

2023-08-13 18:07:39 - [TEST_STEP][PASSED] - maximizeWindow(): Current window maximized

2023-08-13 18:07:39 - [MESSAGE][PASSED] - Current window maximized

2023-08-13 18:07:39 - [TEST_STEP][PASSED] - navigateToUrl("https://demo-app.online/"): Navigate to 'https://demo-app.online/' successfully

2023-08-13 18:07:41 - [MESSAGE][PASSED] - Navigate to 'https://demo-app.online/' successfully

2023-08-13 18:07:41 - [TEST_STEP][PASSED] - click(findTestObject("Object Repository/Web - Change Profile/Page_Be a Profressional Talent with Coding.ID/Button_Masuk")): Object: 'Object Repository/Web - Change Profile/Page_Be a Profressional Talent with Coding.ID/Button_Masuk' is clicked on

2023-08-13 18:07:42 - [MESSAGE][PASSED] - Object: 'Object Repository/Web - Change Profile/Page_Be a Profressional Talent with Coding.ID/Button_Masuk' is clicked on

2023-08-13 18:07:42 - [TEST_STEP][PASSED] - setText(findTestObject("Object Repository/Web - Change Profile/Page_Masuk untuk dapatkan akses di Coding.ID/input_Email_email"), "iqbalm213@gmail.com"): Text 'iqbalm213@gmail.com' is set on object 'Object Repository/Web - Change Profile/Page_Masuk untuk dapatkan akses di Coding.ID/input_Email_email'

2023-08-13 18:07:43 - [MESSAGE][PASSED] - Text 'iqbalm213@gmail.com' is set on object 'Object Repository/Web - Change Profile/Page_Masuk untuk dapatkan akses di Coding.ID/input_Email_email'

2023-08-13 18:07:43 - [TEST_STEP][PASSED] - setText(findTestObject("Object Repository/Web - Change Profile/Page_Masuk untuk dapatkan akses di Coding.ID/input_Kata                                 _98da12"), iqbal_pass): Text 'password123' is set on object 'Object Repository/Web - Change Profile/Page_Masuk untuk dapatkan akses di Coding.ID/input_Kata                                 _98da12'

2023-08-13 18:07:44 - [MESSAGE][PASSED] - Text 'password123' is set on object 'Object Repository/Web - Change Profile/Page_Masuk untuk dapatkan akses di Coding.ID/input_Kata                                 _98da12'

2023-08-13 18:07:44 - [TEST_STEP][PASSED] - click(findTestObject("Object Repository/Web - Change Profile/Page_Masuk untuk dapatkan akses di Coding.ID/button_Login")): Object: 'Object Repository/Web - Change Profile/Page_Masuk untuk dapatkan akses di Coding.ID/button_Login' is clicked on

2023-08-13 18:07:45 - [MESSAGE][PASSED] - Object: 'Object Repository/Web - Change Profile/Page_Masuk untuk dapatkan akses di Coding.ID/button_Login' is clicked on

2023-08-13 18:07:45 - [TEST_STEP][PASSED] - click(findTestObject("Object Repository/Web - Change Profile/Page_Be a Profressional Talent with Coding.ID/Dropdown_goes_to_Profile")): Object: 'Object Repository/Web - Change Profile/Page_Be a Profressional Talent with Coding.ID/Dropdown_goes_to_Profile' is clicked on

2023-08-13 18:07:46 - [MESSAGE][PASSED] - Object: 'Object Repository/Web - Change Profile/Page_Be a Profressional Talent with Coding.ID/Dropdown_goes_to_Profile' is clicked on

2023-08-13 18:07:46 - [TEST_STEP][PASSED] - click(findTestObject("Object Repository/Web - Change Profile/Page_Be a Profressional Talent with Coding.ID/a_My Account")): Object: 'Object Repository/Web - Change Profile/Page_Be a Profressional Talent with Coding.ID/a_My Account' is clicked on

2023-08-13 18:07:46 - [MESSAGE][PASSED] - Object: 'Object Repository/Web - Change Profile/Page_Be a Profressional Talent with Coding.ID/a_My Account' is clicked on

2023-08-13 18:07:46 - [TEST_STEP][PASSED] - click(findTestObject("Object Repository/Web - Change Profile/Page_Coding.ID - Dashboard/span_Profil")): Object: 'Object Repository/Web - Change Profile/Page_Coding.ID - Dashboard/span_Profil' is clicked on

2023-08-13 18:07:47 - [MESSAGE][PASSED] - Object: 'Object Repository/Web - Change Profile/Page_Coding.ID - Dashboard/span_Profil' is clicked on

2023-08-13 18:07:47 - [TEST_STEP][PASSED] - click(findTestObject("Object Repository/Web - Change Profile/Page_Coding.ID - Dashboard/a_Edit Profile")): Object: 'Object Repository/Web - Change Profile/Page_Coding.ID - Dashboard/a_Edit Profile' is clicked on

2023-08-13 18:07:48 - [MESSAGE][PASSED] - Object: 'Object Repository/Web - Change Profile/Page_Coding.ID - Dashboard/a_Edit Profile' is clicked on

2023-08-13 18:07:48 - [TEST_STEP][PASSED] - setText(findTestObject("Web - Change Profile/Page_Coding.ID - Dashboard/input_BirthDay_birth_date"), "05aug1953"): Text '05aug1953' is set on object 'Object Repository/Web - Change Profile/Page_Coding.ID - Dashboard/input_BirthDay_birth_date'

2023-08-13 18:07:50 - [MESSAGE][PASSED] - Text '05aug1953' is set on object 'Object Repository/Web - Change Profile/Page_Coding.ID - Dashboard/input_BirthDay_birth_date'

2023-08-13 18:07:50 - [TEST_STEP][PASSED] - delay(5): Delayed 5 second(s)

2023-08-13 18:07:55 - [MESSAGE][PASSED] - Delayed 5 second(s)

2023-08-13 18:07:55 - [TEST_STEP][PASSED] - click(findTestObject("Web - Change Profile/Page_Coding.ID - Dashboard/button_Save Changes")): Object: 'Object Repository/Web - Change Profile/Page_Coding.ID - Dashboard/button_Save Changes' is clicked on

2023-08-13 18:07:55 - [MESSAGE][PASSED] - Object: 'Object Repository/Web - Change Profile/Page_Coding.ID - Dashboard/button_Save Changes' is clicked on

2023-08-13 18:07:55 - [TEST_STEP][PASSED] - delay(5): Delayed 5 second(s)

2023-08-13 18:08:00 - [MESSAGE][PASSED] - Delayed 5 second(s)

2023-08-13 18:08:00 - [TEST_STEP][PASSED] - closeBrowser(): Browser is closed

2023-08-13 18:08:01 - [MESSAGE][PASSED] - Browser is closed]]></system-out>
         <system-err><![CDATA[]]></system-err>
      </testcase>
      <testcase name="Test Cases/Website/SW-Change Profile/SW-CP07" time="23.511" classname="Test Cases/Website/SW-Change Profile/SW-CP07" status="PASSED">
         <system-out><![CDATA[2023-08-13 18:08:01 - [TEST_CASE][PASSED] - Test Cases/Website/SW-Change Profile/SW-CP07: Test Cases/Website/SW-Change Profile/SW-CP07

2023-08-13 18:08:01 - [TEST_STEP][PASSED] - openBrowser(""): Browser is opened with url: ''

2023-08-13 18:08:01 - [MESSAGE][INFO] - Starting 'Chrome' driver

2023-08-13 18:08:01 - [MESSAGE][INFO] - Action delay is set to 0 milliseconds

2023-08-13 18:08:03 - [MESSAGE][PASSED] - Browser is opened with url: ''

2023-08-13 18:08:03 - [TEST_STEP][PASSED] - maximizeWindow(): Current window maximized

2023-08-13 18:08:03 - [MESSAGE][PASSED] - Current window maximized

2023-08-13 18:08:03 - [TEST_STEP][PASSED] - navigateToUrl("https://demo-app.online/"): Navigate to 'https://demo-app.online/' successfully

2023-08-13 18:08:07 - [MESSAGE][PASSED] - Navigate to 'https://demo-app.online/' successfully

2023-08-13 18:08:07 - [TEST_STEP][PASSED] - click(findTestObject("Object Repository/Web - Change Profile/Page_Be a Profressional Talent with Coding.ID/Button_Masuk")): Object: 'Object Repository/Web - Change Profile/Page_Be a Profressional Talent with Coding.ID/Button_Masuk' is clicked on

2023-08-13 18:08:08 - [MESSAGE][PASSED] - Object: 'Object Repository/Web - Change Profile/Page_Be a Profressional Talent with Coding.ID/Button_Masuk' is clicked on

2023-08-13 18:08:08 - [TEST_STEP][PASSED] - setText(findTestObject("Object Repository/Web - Change Profile/Page_Masuk untuk dapatkan akses di Coding.ID/input_Email_email"), "iqbalm213@gmail.com"): Text 'iqbalm213@gmail.com' is set on object 'Object Repository/Web - Change Profile/Page_Masuk untuk dapatkan akses di Coding.ID/input_Email_email'

2023-08-13 18:08:09 - [MESSAGE][PASSED] - Text 'iqbalm213@gmail.com' is set on object 'Object Repository/Web - Change Profile/Page_Masuk untuk dapatkan akses di Coding.ID/input_Email_email'

2023-08-13 18:08:09 - [TEST_STEP][PASSED] - setText(findTestObject("Object Repository/Web - Change Profile/Page_Masuk untuk dapatkan akses di Coding.ID/input_Kata                                 _98da12"), iqbal_pass): Text 'password123' is set on object 'Object Repository/Web - Change Profile/Page_Masuk untuk dapatkan akses di Coding.ID/input_Kata                                 _98da12'

2023-08-13 18:08:10 - [MESSAGE][PASSED] - Text 'password123' is set on object 'Object Repository/Web - Change Profile/Page_Masuk untuk dapatkan akses di Coding.ID/input_Kata                                 _98da12'

2023-08-13 18:08:10 - [TEST_STEP][PASSED] - click(findTestObject("Object Repository/Web - Change Profile/Page_Masuk untuk dapatkan akses di Coding.ID/button_Login")): Object: 'Object Repository/Web - Change Profile/Page_Masuk untuk dapatkan akses di Coding.ID/button_Login' is clicked on

2023-08-13 18:08:11 - [MESSAGE][PASSED] - Object: 'Object Repository/Web - Change Profile/Page_Masuk untuk dapatkan akses di Coding.ID/button_Login' is clicked on

2023-08-13 18:08:11 - [TEST_STEP][PASSED] - click(findTestObject("Object Repository/Web - Change Profile/Page_Be a Profressional Talent with Coding.ID/Dropdown_goes_to_Profile")): Object: 'Object Repository/Web - Change Profile/Page_Be a Profressional Talent with Coding.ID/Dropdown_goes_to_Profile' is clicked on

2023-08-13 18:08:12 - [MESSAGE][PASSED] - Object: 'Object Repository/Web - Change Profile/Page_Be a Profressional Talent with Coding.ID/Dropdown_goes_to_Profile' is clicked on

2023-08-13 18:08:12 - [TEST_STEP][PASSED] - click(findTestObject("Object Repository/Web - Change Profile/Page_Be a Profressional Talent with Coding.ID/a_My Account")): Object: 'Object Repository/Web - Change Profile/Page_Be a Profressional Talent with Coding.ID/a_My Account' is clicked on

2023-08-13 18:08:13 - [MESSAGE][PASSED] - Object: 'Object Repository/Web - Change Profile/Page_Be a Profressional Talent with Coding.ID/a_My Account' is clicked on

2023-08-13 18:08:13 - [TEST_STEP][PASSED] - click(findTestObject("Object Repository/Web - Change Profile/Page_Coding.ID - Dashboard/span_Profil")): Object: 'Object Repository/Web - Change Profile/Page_Coding.ID - Dashboard/span_Profil' is clicked on

2023-08-13 18:08:14 - [MESSAGE][PASSED] - Object: 'Object Repository/Web - Change Profile/Page_Coding.ID - Dashboard/span_Profil' is clicked on

2023-08-13 18:08:14 - [TEST_STEP][PASSED] - click(findTestObject("Object Repository/Web - Change Profile/Page_Coding.ID - Dashboard/a_Edit Profile")): Object: 'Object Repository/Web - Change Profile/Page_Coding.ID - Dashboard/a_Edit Profile' is clicked on

2023-08-13 18:08:15 - [MESSAGE][PASSED] - Object: 'Object Repository/Web - Change Profile/Page_Coding.ID - Dashboard/a_Edit Profile' is clicked on

2023-08-13 18:08:15 - [TEST_STEP][PASSED] - uploadFile(findTestObject("Web - Change Profile/Page_Coding.ID - Dashboard/input_gambar"), "C:\Users\Dermawan\Desktop\Katalon Directory\dummy\DanteDMC5.jpg"): File 'C:\Users\Dermawan\Desktop\Katalon Directory\dummy\DanteDMC5.jpg' sent to object: 'Object Repository/Web - Change Profile/Page_Coding.ID - Dashboard/input_gambar'

2023-08-13 18:08:15 - [MESSAGE][PASSED] - File 'C:\Users\Dermawan\Desktop\Katalon Directory\dummy\DanteDMC5.jpg' sent to object: 'Object Repository/Web - Change Profile/Page_Coding.ID - Dashboard/input_gambar'

2023-08-13 18:08:15 - [TEST_STEP][PASSED] - click(findTestObject("Web - Change Profile/Page_Coding.ID - Dashboard/button_Save Changes")): Object: 'Object Repository/Web - Change Profile/Page_Coding.ID - Dashboard/button_Save Changes' is clicked on

2023-08-13 18:08:18 - [MESSAGE][PASSED] - Object: 'Object Repository/Web - Change Profile/Page_Coding.ID - Dashboard/button_Save Changes' is clicked on

2023-08-13 18:08:18 - [TEST_STEP][PASSED] - takeScreenshot(): Taking screenshot successfully

2023-08-13 18:08:19 - [MESSAGE][PASSED] - Taking screenshot successfully
[[ATTACHMENT|C:\\Users\\Dermawan\\git\\tim2_katalonfinalproject11\\Reports\\20230813_180546\\Platform Website\\SW-Change Profile\\20230813_180546\\1691924899244.png]]

2023-08-13 18:08:19 - [TEST_STEP][PASSED] - delay(5): Delayed 5 second(s)

2023-08-13 18:08:24 - [MESSAGE][PASSED] - Delayed 5 second(s)

2023-08-13 18:08:24 - [TEST_STEP][PASSED] - closeBrowser(): Browser is closed

2023-08-13 18:08:25 - [MESSAGE][PASSED] - Browser is closed]]></system-out>
         <system-err><![CDATA[]]></system-err>
      </testcase>
      <testcase name="Test Cases/Website/SW-Change Profile/SW-CP08" time="20.076" classname="Test Cases/Website/SW-Change Profile/SW-CP08" status="PASSED">
         <system-out><![CDATA[2023-08-13 18:08:25 - [TEST_CASE][PASSED] - Test Cases/Website/SW-Change Profile/SW-CP08: Test Cases/Website/SW-Change Profile/SW-CP08

2023-08-13 18:08:25 - [TEST_STEP][PASSED] - openBrowser(""): Browser is opened with url: ''

2023-08-13 18:08:25 - [MESSAGE][INFO] - Starting 'Chrome' driver

2023-08-13 18:08:25 - [MESSAGE][INFO] - Action delay is set to 0 milliseconds

2023-08-13 18:08:26 - [MESSAGE][PASSED] - Browser is opened with url: ''

2023-08-13 18:08:26 - [TEST_STEP][PASSED] - maximizeWindow(): Current window maximized

2023-08-13 18:08:26 - [MESSAGE][PASSED] - Current window maximized

2023-08-13 18:08:26 - [TEST_STEP][PASSED] - navigateToUrl("https://demo-app.online/"): Navigate to 'https://demo-app.online/' successfully

2023-08-13 18:08:28 - [MESSAGE][PASSED] - Navigate to 'https://demo-app.online/' successfully

2023-08-13 18:08:28 - [TEST_STEP][PASSED] - click(findTestObject("Object Repository/Web - Change Profile/Page_Be a Profressional Talent with Coding.ID/Button_Masuk")): Object: 'Object Repository/Web - Change Profile/Page_Be a Profressional Talent with Coding.ID/Button_Masuk' is clicked on

2023-08-13 18:08:29 - [MESSAGE][PASSED] - Object: 'Object Repository/Web - Change Profile/Page_Be a Profressional Talent with Coding.ID/Button_Masuk' is clicked on

2023-08-13 18:08:29 - [TEST_STEP][PASSED] - setText(findTestObject("Object Repository/Web - Change Profile/Page_Masuk untuk dapatkan akses di Coding.ID/input_Email_email"), "iqbalm213@gmail.com"): Text 'iqbalm213@gmail.com' is set on object 'Object Repository/Web - Change Profile/Page_Masuk untuk dapatkan akses di Coding.ID/input_Email_email'

2023-08-13 18:08:30 - [MESSAGE][PASSED] - Text 'iqbalm213@gmail.com' is set on object 'Object Repository/Web - Change Profile/Page_Masuk untuk dapatkan akses di Coding.ID/input_Email_email'

2023-08-13 18:08:30 - [TEST_STEP][PASSED] - setText(findTestObject("Object Repository/Web - Change Profile/Page_Masuk untuk dapatkan akses di Coding.ID/input_Kata                                 _98da12"), iqbal_pass): Text 'password123' is set on object 'Object Repository/Web - Change Profile/Page_Masuk untuk dapatkan akses di Coding.ID/input_Kata                                 _98da12'

2023-08-13 18:08:31 - [MESSAGE][PASSED] - Text 'password123' is set on object 'Object Repository/Web - Change Profile/Page_Masuk untuk dapatkan akses di Coding.ID/input_Kata                                 _98da12'

2023-08-13 18:08:31 - [TEST_STEP][PASSED] - click(findTestObject("Object Repository/Web - Change Profile/Page_Masuk untuk dapatkan akses di Coding.ID/button_Login")): Object: 'Object Repository/Web - Change Profile/Page_Masuk untuk dapatkan akses di Coding.ID/button_Login' is clicked on

2023-08-13 18:08:32 - [MESSAGE][PASSED] - Object: 'Object Repository/Web - Change Profile/Page_Masuk untuk dapatkan akses di Coding.ID/button_Login' is clicked on

2023-08-13 18:08:32 - [TEST_STEP][PASSED] - click(findTestObject("Object Repository/Web - Change Profile/Page_Be a Profressional Talent with Coding.ID/Dropdown_goes_to_Profile")): Object: 'Object Repository/Web - Change Profile/Page_Be a Profressional Talent with Coding.ID/Dropdown_goes_to_Profile' is clicked on

2023-08-13 18:08:32 - [MESSAGE][PASSED] - Object: 'Object Repository/Web - Change Profile/Page_Be a Profressional Talent with Coding.ID/Dropdown_goes_to_Profile' is clicked on

2023-08-13 18:08:32 - [TEST_STEP][PASSED] - click(findTestObject("Object Repository/Web - Change Profile/Page_Be a Profressional Talent with Coding.ID/a_My Account")): Object: 'Object Repository/Web - Change Profile/Page_Be a Profressional Talent with Coding.ID/a_My Account' is clicked on

2023-08-13 18:08:34 - [MESSAGE][PASSED] - Object: 'Object Repository/Web - Change Profile/Page_Be a Profressional Talent with Coding.ID/a_My Account' is clicked on

2023-08-13 18:08:34 - [TEST_STEP][PASSED] - click(findTestObject("Object Repository/Web - Change Profile/Page_Coding.ID - Dashboard/span_Profil")): Object: 'Object Repository/Web - Change Profile/Page_Coding.ID - Dashboard/span_Profil' is clicked on

2023-08-13 18:08:34 - [MESSAGE][PASSED] - Object: 'Object Repository/Web - Change Profile/Page_Coding.ID - Dashboard/span_Profil' is clicked on

2023-08-13 18:08:34 - [TEST_STEP][PASSED] - click(findTestObject("Object Repository/Web - Change Profile/Page_Coding.ID - Dashboard/a_Edit Profile")): Object: 'Object Repository/Web - Change Profile/Page_Coding.ID - Dashboard/a_Edit Profile' is clicked on

2023-08-13 18:08:36 - [MESSAGE][PASSED] - Object: 'Object Repository/Web - Change Profile/Page_Coding.ID - Dashboard/a_Edit Profile' is clicked on

2023-08-13 18:08:36 - [TEST_STEP][PASSED] - uploadFile(findTestObject("Web - Change Profile/Page_Coding.ID - Dashboard/input_gambar"), "C:\Users\Dermawan\Desktop\Katalon Directory\dummy\png-transparent-head-the-dummy-avatar-man-tie-jacket-user.png"): File 'C:\Users\Dermawan\Desktop\Katalon Directory\dummy\png-transparent-head-the-dummy-avatar-man-tie-jacket-user.png' sent to object: 'Object Repository/Web - Change Profile/Page_Coding.ID - Dashboard/input_gambar'

2023-08-13 18:08:37 - [MESSAGE][PASSED] - File 'C:\Users\Dermawan\Desktop\Katalon Directory\dummy\png-transparent-head-the-dummy-avatar-man-tie-jacket-user.png' sent to object: 'Object Repository/Web - Change Profile/Page_Coding.ID - Dashboard/input_gambar'

2023-08-13 18:08:37 - [TEST_STEP][PASSED] - click(findTestObject("Web - Change Profile/Page_Coding.ID - Dashboard/button_Save Changes")): Object: 'Object Repository/Web - Change Profile/Page_Coding.ID - Dashboard/button_Save Changes' is clicked on

2023-08-13 18:08:39 - [MESSAGE][PASSED] - Object: 'Object Repository/Web - Change Profile/Page_Coding.ID - Dashboard/button_Save Changes' is clicked on

2023-08-13 18:08:39 - [TEST_STEP][PASSED] - delay(5): Delayed 5 second(s)

2023-08-13 18:08:44 - [MESSAGE][PASSED] - Delayed 5 second(s)

2023-08-13 18:08:44 - [TEST_STEP][PASSED] - takeScreenshot(): Taking screenshot successfully

2023-08-13 18:08:44 - [MESSAGE][PASSED] - Taking screenshot successfully
[[ATTACHMENT|C:\\Users\\Dermawan\\git\\tim2_katalonfinalproject11\\Reports\\20230813_180546\\Platform Website\\SW-Change Profile\\20230813_180546\\1691924924332.png]]

2023-08-13 18:08:44 - [TEST_STEP][PASSED] - closeBrowser(): Browser is closed

2023-08-13 18:08:45 - [MESSAGE][PASSED] - Browser is closed]]></system-out>
         <system-err><![CDATA[]]></system-err>
      </testcase>
      <testcase name="Test Cases/Website/SW-Change Profile/SW-CP09" time="19.542" classname="Test Cases/Website/SW-Change Profile/SW-CP09" status="PASSED">
         <system-out><![CDATA[2023-08-13 18:08:45 - [TEST_CASE][PASSED] - Test Cases/Website/SW-Change Profile/SW-CP09: Test Cases/Website/SW-Change Profile/SW-CP09

2023-08-13 18:08:45 - [TEST_STEP][PASSED] - openBrowser(""): Browser is opened with url: ''

2023-08-13 18:08:45 - [MESSAGE][INFO] - Starting 'Chrome' driver

2023-08-13 18:08:45 - [MESSAGE][INFO] - Action delay is set to 0 milliseconds

2023-08-13 18:08:46 - [MESSAGE][PASSED] - Browser is opened with url: ''

2023-08-13 18:08:46 - [TEST_STEP][PASSED] - maximizeWindow(): Current window maximized

2023-08-13 18:08:46 - [MESSAGE][PASSED] - Current window maximized

2023-08-13 18:08:46 - [TEST_STEP][PASSED] - navigateToUrl("https://demo-app.online/"): Navigate to 'https://demo-app.online/' successfully

2023-08-13 18:08:48 - [MESSAGE][PASSED] - Navigate to 'https://demo-app.online/' successfully

2023-08-13 18:08:48 - [TEST_STEP][PASSED] - click(findTestObject("Object Repository/Web - Change Profile/Page_Be a Profressional Talent with Coding.ID/Button_Masuk")): Object: 'Object Repository/Web - Change Profile/Page_Be a Profressional Talent with Coding.ID/Button_Masuk' is clicked on

2023-08-13 18:08:49 - [MESSAGE][PASSED] - Object: 'Object Repository/Web - Change Profile/Page_Be a Profressional Talent with Coding.ID/Button_Masuk' is clicked on

2023-08-13 18:08:49 - [TEST_STEP][PASSED] - setText(findTestObject("Object Repository/Web - Change Profile/Page_Masuk untuk dapatkan akses di Coding.ID/input_Email_email"), "iqbalm213@gmail.com"): Text 'iqbalm213@gmail.com' is set on object 'Object Repository/Web - Change Profile/Page_Masuk untuk dapatkan akses di Coding.ID/input_Email_email'

2023-08-13 18:08:50 - [MESSAGE][PASSED] - Text 'iqbalm213@gmail.com' is set on object 'Object Repository/Web - Change Profile/Page_Masuk untuk dapatkan akses di Coding.ID/input_Email_email'

2023-08-13 18:08:50 - [TEST_STEP][PASSED] - setText(findTestObject("Object Repository/Web - Change Profile/Page_Masuk untuk dapatkan akses di Coding.ID/input_Kata                                 _98da12"), iqbal_pass): Text 'password123' is set on object 'Object Repository/Web - Change Profile/Page_Masuk untuk dapatkan akses di Coding.ID/input_Kata                                 _98da12'

2023-08-13 18:08:50 - [MESSAGE][PASSED] - Text 'password123' is set on object 'Object Repository/Web - Change Profile/Page_Masuk untuk dapatkan akses di Coding.ID/input_Kata                                 _98da12'

2023-08-13 18:08:50 - [TEST_STEP][PASSED] - click(findTestObject("Object Repository/Web - Change Profile/Page_Masuk untuk dapatkan akses di Coding.ID/button_Login")): Object: 'Object Repository/Web - Change Profile/Page_Masuk untuk dapatkan akses di Coding.ID/button_Login' is clicked on

2023-08-13 18:08:52 - [MESSAGE][PASSED] - Object: 'Object Repository/Web - Change Profile/Page_Masuk untuk dapatkan akses di Coding.ID/button_Login' is clicked on

2023-08-13 18:08:52 - [TEST_STEP][PASSED] - click(findTestObject("Object Repository/Web - Change Profile/Page_Be a Profressional Talent with Coding.ID/Dropdown_goes_to_Profile")): Object: 'Object Repository/Web - Change Profile/Page_Be a Profressional Talent with Coding.ID/Dropdown_goes_to_Profile' is clicked on

2023-08-13 18:08:52 - [MESSAGE][PASSED] - Object: 'Object Repository/Web - Change Profile/Page_Be a Profressional Talent with Coding.ID/Dropdown_goes_to_Profile' is clicked on

2023-08-13 18:08:52 - [TEST_STEP][PASSED] - click(findTestObject("Object Repository/Web - Change Profile/Page_Be a Profressional Talent with Coding.ID/a_My Account")): Object: 'Object Repository/Web - Change Profile/Page_Be a Profressional Talent with Coding.ID/a_My Account' is clicked on

2023-08-13 18:08:54 - [MESSAGE][PASSED] - Object: 'Object Repository/Web - Change Profile/Page_Be a Profressional Talent with Coding.ID/a_My Account' is clicked on

2023-08-13 18:08:54 - [TEST_STEP][PASSED] - click(findTestObject("Object Repository/Web - Change Profile/Page_Coding.ID - Dashboard/span_Profil")): Object: 'Object Repository/Web - Change Profile/Page_Coding.ID - Dashboard/span_Profil' is clicked on

2023-08-13 18:08:55 - [MESSAGE][PASSED] - Object: 'Object Repository/Web - Change Profile/Page_Coding.ID - Dashboard/span_Profil' is clicked on

2023-08-13 18:08:55 - [TEST_STEP][PASSED] - click(findTestObject("Object Repository/Web - Change Profile/Page_Coding.ID - Dashboard/a_Edit Profile")): Object: 'Object Repository/Web - Change Profile/Page_Coding.ID - Dashboard/a_Edit Profile' is clicked on

2023-08-13 18:08:56 - [MESSAGE][PASSED] - Object: 'Object Repository/Web - Change Profile/Page_Coding.ID - Dashboard/a_Edit Profile' is clicked on

2023-08-13 18:08:56 - [TEST_STEP][PASSED] - uploadFile(findTestObject("Web - Change Profile/Page_Coding.ID - Dashboard/input_gambar"), "C:\Users\Dermawan\Desktop\Katalon Directory\dummy\example-here-is-a-sample.gif"): File 'C:\Users\Dermawan\Desktop\Katalon Directory\dummy\example-here-is-a-sample.gif' sent to object: 'Object Repository/Web - Change Profile/Page_Coding.ID - Dashboard/input_gambar'

2023-08-13 18:08:56 - [MESSAGE][PASSED] - File 'C:\Users\Dermawan\Desktop\Katalon Directory\dummy\example-here-is-a-sample.gif' sent to object: 'Object Repository/Web - Change Profile/Page_Coding.ID - Dashboard/input_gambar'

2023-08-13 18:08:56 - [TEST_STEP][PASSED] - click(findTestObject("Web - Change Profile/Page_Coding.ID - Dashboard/button_Save Changes")): Object: 'Object Repository/Web - Change Profile/Page_Coding.ID - Dashboard/button_Save Changes' is clicked on

2023-08-13 18:08:58 - [MESSAGE][PASSED] - Object: 'Object Repository/Web - Change Profile/Page_Coding.ID - Dashboard/button_Save Changes' is clicked on

2023-08-13 18:08:58 - [TEST_STEP][PASSED] - delay(5): Delayed 5 second(s)

2023-08-13 18:09:03 - [MESSAGE][PASSED] - Delayed 5 second(s)

2023-08-13 18:09:03 - [TEST_STEP][PASSED] - takeScreenshot(): Taking screenshot successfully

2023-08-13 18:09:04 - [MESSAGE][PASSED] - Taking screenshot successfully
[[ATTACHMENT|C:\\Users\\Dermawan\\git\\tim2_katalonfinalproject11\\Reports\\20230813_180546\\Platform Website\\SW-Change Profile\\20230813_180546\\1691924943884.png]]

2023-08-13 18:09:04 - [TEST_STEP][PASSED] - closeBrowser(): Browser is closed

2023-08-13 18:09:04 - [MESSAGE][PASSED] - Browser is closed]]></system-out>
         <system-err><![CDATA[]]></system-err>
      </testcase>
      <testcase name="Test Cases/Website/SW-Change Profile/SW-CP10" time="19.359" classname="Test Cases/Website/SW-Change Profile/SW-CP10" status="PASSED">
         <system-out><![CDATA[2023-08-13 18:09:04 - [TEST_CASE][PASSED] - Test Cases/Website/SW-Change Profile/SW-CP10: Test Cases/Website/SW-Change Profile/SW-CP10

2023-08-13 18:09:05 - [TEST_STEP][PASSED] - openBrowser(""): Browser is opened with url: ''

2023-08-13 18:09:05 - [MESSAGE][INFO] - Starting 'Chrome' driver

2023-08-13 18:09:05 - [MESSAGE][INFO] - Action delay is set to 0 milliseconds

2023-08-13 18:09:06 - [MESSAGE][PASSED] - Browser is opened with url: ''

2023-08-13 18:09:06 - [TEST_STEP][PASSED] - maximizeWindow(): Current window maximized

2023-08-13 18:09:06 - [MESSAGE][PASSED] - Current window maximized

2023-08-13 18:09:06 - [TEST_STEP][PASSED] - navigateToUrl("https://demo-app.online/"): Navigate to 'https://demo-app.online/' successfully

2023-08-13 18:09:08 - [MESSAGE][PASSED] - Navigate to 'https://demo-app.online/' successfully

2023-08-13 18:09:08 - [TEST_STEP][PASSED] - click(findTestObject("Object Repository/Web - Change Profile/Page_Be a Profressional Talent with Coding.ID/Button_Masuk")): Object: 'Object Repository/Web - Change Profile/Page_Be a Profressional Talent with Coding.ID/Button_Masuk' is clicked on

2023-08-13 18:09:09 - [MESSAGE][PASSED] - Object: 'Object Repository/Web - Change Profile/Page_Be a Profressional Talent with Coding.ID/Button_Masuk' is clicked on

2023-08-13 18:09:09 - [TEST_STEP][PASSED] - setText(findTestObject("Object Repository/Web - Change Profile/Page_Masuk untuk dapatkan akses di Coding.ID/input_Email_email"), "iqbalm213@gmail.com"): Text 'iqbalm213@gmail.com' is set on object 'Object Repository/Web - Change Profile/Page_Masuk untuk dapatkan akses di Coding.ID/input_Email_email'

2023-08-13 18:09:10 - [MESSAGE][PASSED] - Text 'iqbalm213@gmail.com' is set on object 'Object Repository/Web - Change Profile/Page_Masuk untuk dapatkan akses di Coding.ID/input_Email_email'

2023-08-13 18:09:10 - [TEST_STEP][PASSED] - setText(findTestObject("Object Repository/Web - Change Profile/Page_Masuk untuk dapatkan akses di Coding.ID/input_Kata                                 _98da12"), iqbal_pass): Text 'password123' is set on object 'Object Repository/Web - Change Profile/Page_Masuk untuk dapatkan akses di Coding.ID/input_Kata                                 _98da12'

2023-08-13 18:09:11 - [MESSAGE][PASSED] - Text 'password123' is set on object 'Object Repository/Web - Change Profile/Page_Masuk untuk dapatkan akses di Coding.ID/input_Kata                                 _98da12'

2023-08-13 18:09:11 - [TEST_STEP][PASSED] - click(findTestObject("Object Repository/Web - Change Profile/Page_Masuk untuk dapatkan akses di Coding.ID/button_Login")): Object: 'Object Repository/Web - Change Profile/Page_Masuk untuk dapatkan akses di Coding.ID/button_Login' is clicked on

2023-08-13 18:09:12 - [MESSAGE][PASSED] - Object: 'Object Repository/Web - Change Profile/Page_Masuk untuk dapatkan akses di Coding.ID/button_Login' is clicked on

2023-08-13 18:09:12 - [TEST_STEP][PASSED] - click(findTestObject("Object Repository/Web - Change Profile/Page_Be a Profressional Talent with Coding.ID/Dropdown_goes_to_Profile")): Object: 'Object Repository/Web - Change Profile/Page_Be a Profressional Talent with Coding.ID/Dropdown_goes_to_Profile' is clicked on

2023-08-13 18:09:12 - [MESSAGE][PASSED] - Object: 'Object Repository/Web - Change Profile/Page_Be a Profressional Talent with Coding.ID/Dropdown_goes_to_Profile' is clicked on

2023-08-13 18:09:12 - [TEST_STEP][PASSED] - click(findTestObject("Object Repository/Web - Change Profile/Page_Be a Profressional Talent with Coding.ID/a_My Account")): Object: 'Object Repository/Web - Change Profile/Page_Be a Profressional Talent with Coding.ID/a_My Account' is clicked on

2023-08-13 18:09:14 - [MESSAGE][PASSED] - Object: 'Object Repository/Web - Change Profile/Page_Be a Profressional Talent with Coding.ID/a_My Account' is clicked on

2023-08-13 18:09:14 - [TEST_STEP][PASSED] - click(findTestObject("Object Repository/Web - Change Profile/Page_Coding.ID - Dashboard/span_Profil")): Object: 'Object Repository/Web - Change Profile/Page_Coding.ID - Dashboard/span_Profil' is clicked on

2023-08-13 18:09:15 - [MESSAGE][PASSED] - Object: 'Object Repository/Web - Change Profile/Page_Coding.ID - Dashboard/span_Profil' is clicked on

2023-08-13 18:09:15 - [TEST_STEP][PASSED] - click(findTestObject("Object Repository/Web - Change Profile/Page_Coding.ID - Dashboard/a_Edit Profile")): Object: 'Object Repository/Web - Change Profile/Page_Coding.ID - Dashboard/a_Edit Profile' is clicked on

2023-08-13 18:09:15 - [MESSAGE][PASSED] - Object: 'Object Repository/Web - Change Profile/Page_Coding.ID - Dashboard/a_Edit Profile' is clicked on

2023-08-13 18:09:15 - [TEST_STEP][PASSED] - uploadFile(findTestObject("Web - Change Profile/Page_Coding.ID - Dashboard/input_gambar"), "C:\Users\Dermawan\Desktop\Katalon Directory\dummy\dummy.pdf"): File 'C:\Users\Dermawan\Desktop\Katalon Directory\dummy\dummy.pdf' sent to object: 'Object Repository/Web - Change Profile/Page_Coding.ID - Dashboard/input_gambar'

2023-08-13 18:09:16 - [MESSAGE][PASSED] - File 'C:\Users\Dermawan\Desktop\Katalon Directory\dummy\dummy.pdf' sent to object: 'Object Repository/Web - Change Profile/Page_Coding.ID - Dashboard/input_gambar'

2023-08-13 18:09:16 - [TEST_STEP][PASSED] - click(findTestObject("Web - Change Profile/Page_Coding.ID - Dashboard/button_Save Changes")): Object: 'Object Repository/Web - Change Profile/Page_Coding.ID - Dashboard/button_Save Changes' is clicked on

2023-08-13 18:09:18 - [MESSAGE][PASSED] - Object: 'Object Repository/Web - Change Profile/Page_Coding.ID - Dashboard/button_Save Changes' is clicked on

2023-08-13 18:09:18 - [TEST_STEP][PASSED] - delay(5): Delayed 5 second(s)

2023-08-13 18:09:23 - [MESSAGE][PASSED] - Delayed 5 second(s)

2023-08-13 18:09:23 - [TEST_STEP][PASSED] - takeScreenshot(): Taking screenshot successfully

2023-08-13 18:09:23 - [MESSAGE][PASSED] - Taking screenshot successfully
[[ATTACHMENT|C:\\Users\\Dermawan\\git\\tim2_katalonfinalproject11\\Reports\\20230813_180546\\Platform Website\\SW-Change Profile\\20230813_180546\\1691924963295.png]]

2023-08-13 18:09:23 - [TEST_STEP][PASSED] - closeBrowser(): Browser is closed

2023-08-13 18:09:24 - [MESSAGE][PASSED] - Browser is closed]]></system-out>
         <system-err><![CDATA[]]></system-err>
      </testcase>
      <testcase name="Test Cases/Website/SW-Change Profile/SW-CP11" time="19.949" classname="Test Cases/Website/SW-Change Profile/SW-CP11" status="PASSED">
         <system-out><![CDATA[2023-08-13 18:09:24 - [TEST_CASE][PASSED] - Test Cases/Website/SW-Change Profile/SW-CP11: Test Cases/Website/SW-Change Profile/SW-CP11

2023-08-13 18:09:24 - [TEST_STEP][PASSED] - openBrowser(""): Browser is opened with url: ''

2023-08-13 18:09:24 - [MESSAGE][INFO] - Starting 'Chrome' driver

2023-08-13 18:09:24 - [MESSAGE][INFO] - Action delay is set to 0 milliseconds

2023-08-13 18:09:25 - [MESSAGE][PASSED] - Browser is opened with url: ''

2023-08-13 18:09:25 - [TEST_STEP][PASSED] - maximizeWindow(): Current window maximized

2023-08-13 18:09:25 - [MESSAGE][PASSED] - Current window maximized

2023-08-13 18:09:25 - [TEST_STEP][PASSED] - navigateToUrl("https://demo-app.online/"): Navigate to 'https://demo-app.online/' successfully

2023-08-13 18:09:27 - [MESSAGE][PASSED] - Navigate to 'https://demo-app.online/' successfully

2023-08-13 18:09:27 - [TEST_STEP][PASSED] - click(findTestObject("Object Repository/Web - Change Profile/Page_Be a Profressional Talent with Coding.ID/Button_Masuk")): Object: 'Object Repository/Web - Change Profile/Page_Be a Profressional Talent with Coding.ID/Button_Masuk' is clicked on

2023-08-13 18:09:28 - [MESSAGE][PASSED] - Object: 'Object Repository/Web - Change Profile/Page_Be a Profressional Talent with Coding.ID/Button_Masuk' is clicked on

2023-08-13 18:09:28 - [TEST_STEP][PASSED] - setText(findTestObject("Object Repository/Web - Change Profile/Page_Masuk untuk dapatkan akses di Coding.ID/input_Email_email"), "iqbalm213@gmail.com"): Text 'iqbalm213@gmail.com' is set on object 'Object Repository/Web - Change Profile/Page_Masuk untuk dapatkan akses di Coding.ID/input_Email_email'

2023-08-13 18:09:29 - [MESSAGE][PASSED] - Text 'iqbalm213@gmail.com' is set on object 'Object Repository/Web - Change Profile/Page_Masuk untuk dapatkan akses di Coding.ID/input_Email_email'

2023-08-13 18:09:29 - [TEST_STEP][PASSED] - setText(findTestObject("Object Repository/Web - Change Profile/Page_Masuk untuk dapatkan akses di Coding.ID/input_Kata                                 _98da12"), iqbal_pass): Text 'password123' is set on object 'Object Repository/Web - Change Profile/Page_Masuk untuk dapatkan akses di Coding.ID/input_Kata                                 _98da12'

2023-08-13 18:09:30 - [MESSAGE][PASSED] - Text 'password123' is set on object 'Object Repository/Web - Change Profile/Page_Masuk untuk dapatkan akses di Coding.ID/input_Kata                                 _98da12'

2023-08-13 18:09:30 - [TEST_STEP][PASSED] - click(findTestObject("Object Repository/Web - Change Profile/Page_Masuk untuk dapatkan akses di Coding.ID/button_Login")): Object: 'Object Repository/Web - Change Profile/Page_Masuk untuk dapatkan akses di Coding.ID/button_Login' is clicked on

2023-08-13 18:09:31 - [MESSAGE][PASSED] - Object: 'Object Repository/Web - Change Profile/Page_Masuk untuk dapatkan akses di Coding.ID/button_Login' is clicked on

2023-08-13 18:09:31 - [TEST_STEP][PASSED] - click(findTestObject("Object Repository/Web - Change Profile/Page_Be a Profressional Talent with Coding.ID/Dropdown_goes_to_Profile")): Object: 'Object Repository/Web - Change Profile/Page_Be a Profressional Talent with Coding.ID/Dropdown_goes_to_Profile' is clicked on

2023-08-13 18:09:32 - [MESSAGE][PASSED] - Object: 'Object Repository/Web - Change Profile/Page_Be a Profressional Talent with Coding.ID/Dropdown_goes_to_Profile' is clicked on

2023-08-13 18:09:32 - [TEST_STEP][PASSED] - click(findTestObject("Object Repository/Web - Change Profile/Page_Be a Profressional Talent with Coding.ID/a_My Account")): Object: 'Object Repository/Web - Change Profile/Page_Be a Profressional Talent with Coding.ID/a_My Account' is clicked on

2023-08-13 18:09:33 - [MESSAGE][PASSED] - Object: 'Object Repository/Web - Change Profile/Page_Be a Profressional Talent with Coding.ID/a_My Account' is clicked on

2023-08-13 18:09:33 - [TEST_STEP][PASSED] - click(findTestObject("Object Repository/Web - Change Profile/Page_Coding.ID - Dashboard/span_Profil")): Object: 'Object Repository/Web - Change Profile/Page_Coding.ID - Dashboard/span_Profil' is clicked on

2023-08-13 18:09:33 - [MESSAGE][PASSED] - Object: 'Object Repository/Web - Change Profile/Page_Coding.ID - Dashboard/span_Profil' is clicked on

2023-08-13 18:09:33 - [TEST_STEP][PASSED] - click(findTestObject("Object Repository/Web - Change Profile/Page_Coding.ID - Dashboard/a_Edit Profile")): Object: 'Object Repository/Web - Change Profile/Page_Coding.ID - Dashboard/a_Edit Profile' is clicked on

2023-08-13 18:09:34 - [MESSAGE][PASSED] - Object: 'Object Repository/Web - Change Profile/Page_Coding.ID - Dashboard/a_Edit Profile' is clicked on

2023-08-13 18:09:34 - [TEST_STEP][PASSED] - uploadFile(findTestObject("Web - Change Profile/Page_Coding.ID - Dashboard/input_gambar"), "C:\Users\Dermawan\Desktop\Katalon Directory\dummy\file_example_MP4_480_1_5MG.mp4"): File 'C:\Users\Dermawan\Desktop\Katalon Directory\dummy\file_example_MP4_480_1_5MG.mp4' sent to object: 'Object Repository/Web - Change Profile/Page_Coding.ID - Dashboard/input_gambar'

2023-08-13 18:09:35 - [MESSAGE][PASSED] - File 'C:\Users\Dermawan\Desktop\Katalon Directory\dummy\file_example_MP4_480_1_5MG.mp4' sent to object: 'Object Repository/Web - Change Profile/Page_Coding.ID - Dashboard/input_gambar'

2023-08-13 18:09:35 - [TEST_STEP][PASSED] - click(findTestObject("Web - Change Profile/Page_Coding.ID - Dashboard/button_Save Changes")): Object: 'Object Repository/Web - Change Profile/Page_Coding.ID - Dashboard/button_Save Changes' is clicked on

2023-08-13 18:09:37 - [MESSAGE][PASSED] - Object: 'Object Repository/Web - Change Profile/Page_Coding.ID - Dashboard/button_Save Changes' is clicked on

2023-08-13 18:09:37 - [TEST_STEP][PASSED] - delay(5): Delayed 5 second(s)

2023-08-13 18:09:42 - [MESSAGE][PASSED] - Delayed 5 second(s)

2023-08-13 18:09:42 - [TEST_STEP][PASSED] - takeScreenshot(): Taking screenshot successfully

2023-08-13 18:09:43 - [MESSAGE][PASSED] - Taking screenshot successfully
[[ATTACHMENT|C:\\Users\\Dermawan\\git\\tim2_katalonfinalproject11\\Reports\\20230813_180546\\Platform Website\\SW-Change Profile\\20230813_180546\\1691924983234.png]]

2023-08-13 18:09:43 - [TEST_STEP][PASSED] - closeBrowser(): Browser is closed

2023-08-13 18:09:44 - [MESSAGE][PASSED] - Browser is closed]]></system-out>
         <system-err><![CDATA[]]></system-err>
      </testcase>
      <testcase name="Test Cases/Website/SW-Change Profile/SW-CP12" time="20.575" classname="Test Cases/Website/SW-Change Profile/SW-CP12" status="PASSED">
         <system-out><![CDATA[2023-08-13 18:09:44 - [TEST_CASE][PASSED] - Test Cases/Website/SW-Change Profile/SW-CP12: Test Cases/Website/SW-Change Profile/SW-CP12

2023-08-13 18:09:44 - [TEST_STEP][PASSED] - openBrowser(""): Browser is opened with url: ''

2023-08-13 18:09:44 - [MESSAGE][INFO] - Starting 'Chrome' driver

2023-08-13 18:09:44 - [MESSAGE][INFO] - Action delay is set to 0 milliseconds

2023-08-13 18:09:45 - [MESSAGE][PASSED] - Browser is opened with url: ''

2023-08-13 18:09:45 - [TEST_STEP][PASSED] - maximizeWindow(): Current window maximized

2023-08-13 18:09:45 - [MESSAGE][PASSED] - Current window maximized

2023-08-13 18:09:45 - [TEST_STEP][PASSED] - navigateToUrl("https://demo-app.online/"): Navigate to 'https://demo-app.online/' successfully

2023-08-13 18:09:47 - [MESSAGE][PASSED] - Navigate to 'https://demo-app.online/' successfully

2023-08-13 18:09:47 - [TEST_STEP][PASSED] - click(findTestObject("Object Repository/Web - Change Profile/Page_Be a Profressional Talent with Coding.ID/Button_Masuk")): Object: 'Object Repository/Web - Change Profile/Page_Be a Profressional Talent with Coding.ID/Button_Masuk' is clicked on

2023-08-13 18:09:49 - [MESSAGE][PASSED] - Object: 'Object Repository/Web - Change Profile/Page_Be a Profressional Talent with Coding.ID/Button_Masuk' is clicked on

2023-08-13 18:09:49 - [TEST_STEP][PASSED] - setText(findTestObject("Object Repository/Web - Change Profile/Page_Masuk untuk dapatkan akses di Coding.ID/input_Email_email"), "iqbalm213@gmail.com"): Text 'iqbalm213@gmail.com' is set on object 'Object Repository/Web - Change Profile/Page_Masuk untuk dapatkan akses di Coding.ID/input_Email_email'

2023-08-13 18:09:50 - [MESSAGE][PASSED] - Text 'iqbalm213@gmail.com' is set on object 'Object Repository/Web - Change Profile/Page_Masuk untuk dapatkan akses di Coding.ID/input_Email_email'

2023-08-13 18:09:50 - [TEST_STEP][PASSED] - setText(findTestObject("Object Repository/Web - Change Profile/Page_Masuk untuk dapatkan akses di Coding.ID/input_Kata                                 _98da12"), iqbal_pass): Text 'password123' is set on object 'Object Repository/Web - Change Profile/Page_Masuk untuk dapatkan akses di Coding.ID/input_Kata                                 _98da12'

2023-08-13 18:09:50 - [MESSAGE][PASSED] - Text 'password123' is set on object 'Object Repository/Web - Change Profile/Page_Masuk untuk dapatkan akses di Coding.ID/input_Kata                                 _98da12'

2023-08-13 18:09:50 - [TEST_STEP][PASSED] - click(findTestObject("Object Repository/Web - Change Profile/Page_Masuk untuk dapatkan akses di Coding.ID/button_Login")): Object: 'Object Repository/Web - Change Profile/Page_Masuk untuk dapatkan akses di Coding.ID/button_Login' is clicked on

2023-08-13 18:09:52 - [MESSAGE][PASSED] - Object: 'Object Repository/Web - Change Profile/Page_Masuk untuk dapatkan akses di Coding.ID/button_Login' is clicked on

2023-08-13 18:09:52 - [TEST_STEP][PASSED] - click(findTestObject("Object Repository/Web - Change Profile/Page_Be a Profressional Talent with Coding.ID/Dropdown_goes_to_Profile")): Object: 'Object Repository/Web - Change Profile/Page_Be a Profressional Talent with Coding.ID/Dropdown_goes_to_Profile' is clicked on

2023-08-13 18:09:52 - [MESSAGE][PASSED] - Object: 'Object Repository/Web - Change Profile/Page_Be a Profressional Talent with Coding.ID/Dropdown_goes_to_Profile' is clicked on

2023-08-13 18:09:52 - [TEST_STEP][PASSED] - click(findTestObject("Object Repository/Web - Change Profile/Page_Be a Profressional Talent with Coding.ID/a_My Account")): Object: 'Object Repository/Web - Change Profile/Page_Be a Profressional Talent with Coding.ID/a_My Account' is clicked on

2023-08-13 18:09:53 - [MESSAGE][PASSED] - Object: 'Object Repository/Web - Change Profile/Page_Be a Profressional Talent with Coding.ID/a_My Account' is clicked on

2023-08-13 18:09:53 - [TEST_STEP][PASSED] - click(findTestObject("Object Repository/Web - Change Profile/Page_Coding.ID - Dashboard/span_Profil")): Object: 'Object Repository/Web - Change Profile/Page_Coding.ID - Dashboard/span_Profil' is clicked on

2023-08-13 18:09:54 - [MESSAGE][PASSED] - Object: 'Object Repository/Web - Change Profile/Page_Coding.ID - Dashboard/span_Profil' is clicked on

2023-08-13 18:09:54 - [TEST_STEP][PASSED] - click(findTestObject("Object Repository/Web - Change Profile/Page_Coding.ID - Dashboard/a_Edit Profile")): Object: 'Object Repository/Web - Change Profile/Page_Coding.ID - Dashboard/a_Edit Profile' is clicked on

2023-08-13 18:09:55 - [MESSAGE][PASSED] - Object: 'Object Repository/Web - Change Profile/Page_Coding.ID - Dashboard/a_Edit Profile' is clicked on

2023-08-13 18:09:55 - [TEST_STEP][PASSED] - uploadFile(findTestObject("Web - Change Profile/Page_Coding.ID - Dashboard/input_gambar"), "C:\Users\Dermawan\Desktop\Katalon Directory\dummy\file_example_MP3_700KB.mp3"): File 'C:\Users\Dermawan\Desktop\Katalon Directory\dummy\file_example_MP3_700KB.mp3' sent to object: 'Object Repository/Web - Change Profile/Page_Coding.ID - Dashboard/input_gambar'

2023-08-13 18:09:56 - [MESSAGE][PASSED] - File 'C:\Users\Dermawan\Desktop\Katalon Directory\dummy\file_example_MP3_700KB.mp3' sent to object: 'Object Repository/Web - Change Profile/Page_Coding.ID - Dashboard/input_gambar'

2023-08-13 18:09:56 - [TEST_STEP][PASSED] - click(findTestObject("Web - Change Profile/Page_Coding.ID - Dashboard/button_Save Changes")): Object: 'Object Repository/Web - Change Profile/Page_Coding.ID - Dashboard/button_Save Changes' is clicked on

2023-08-13 18:09:58 - [MESSAGE][PASSED] - Object: 'Object Repository/Web - Change Profile/Page_Coding.ID - Dashboard/button_Save Changes' is clicked on

2023-08-13 18:09:58 - [TEST_STEP][PASSED] - delay(5): Delayed 5 second(s)

2023-08-13 18:10:03 - [MESSAGE][PASSED] - Delayed 5 second(s)

2023-08-13 18:10:03 - [TEST_STEP][PASSED] - takeScreenshot(): Taking screenshot successfully

2023-08-13 18:10:03 - [MESSAGE][PASSED] - Taking screenshot successfully
[[ATTACHMENT|C:\\Users\\Dermawan\\git\\tim2_katalonfinalproject11\\Reports\\20230813_180546\\Platform Website\\SW-Change Profile\\20230813_180546\\1691925003806.png]]

2023-08-13 18:10:03 - [TEST_STEP][PASSED] - closeBrowser(): Browser is closed

2023-08-13 18:10:04 - [MESSAGE][PASSED] - Browser is closed]]></system-out>
         <system-err><![CDATA[]]></system-err>
      </testcase>
      <testcase name="Test Cases/Website/SW-Change Profile/SW-CP13" time="21.478" classname="Test Cases/Website/SW-Change Profile/SW-CP13" status="PASSED">
         <system-out><![CDATA[2023-08-13 18:10:04 - [TEST_CASE][PASSED] - Test Cases/Website/SW-Change Profile/SW-CP13: Test Cases/Website/SW-Change Profile/SW-CP13

2023-08-13 18:10:04 - [TEST_STEP][PASSED] - openBrowser(""): Browser is opened with url: ''

2023-08-13 18:10:04 - [MESSAGE][INFO] - Starting 'Chrome' driver

2023-08-13 18:10:04 - [MESSAGE][INFO] - Action delay is set to 0 milliseconds

2023-08-13 18:10:06 - [MESSAGE][PASSED] - Browser is opened with url: ''

2023-08-13 18:10:06 - [TEST_STEP][PASSED] - maximizeWindow(): Current window maximized

2023-08-13 18:10:06 - [MESSAGE][PASSED] - Current window maximized

2023-08-13 18:10:06 - [TEST_STEP][PASSED] - navigateToUrl("https://demo-app.online/"): Navigate to 'https://demo-app.online/' successfully

2023-08-13 18:10:08 - [MESSAGE][PASSED] - Navigate to 'https://demo-app.online/' successfully

2023-08-13 18:10:08 - [TEST_STEP][PASSED] - click(findTestObject("Object Repository/Web - Change Profile/Page_Be a Profressional Talent with Coding.ID/Button_Masuk")): Object: 'Object Repository/Web - Change Profile/Page_Be a Profressional Talent with Coding.ID/Button_Masuk' is clicked on

2023-08-13 18:10:10 - [MESSAGE][PASSED] - Object: 'Object Repository/Web - Change Profile/Page_Be a Profressional Talent with Coding.ID/Button_Masuk' is clicked on

2023-08-13 18:10:10 - [TEST_STEP][PASSED] - setText(findTestObject("Object Repository/Web - Change Profile/Page_Masuk untuk dapatkan akses di Coding.ID/input_Email_email"), "iqbalm213@gmail.com"): Text 'iqbalm213@gmail.com' is set on object 'Object Repository/Web - Change Profile/Page_Masuk untuk dapatkan akses di Coding.ID/input_Email_email'

2023-08-13 18:10:11 - [MESSAGE][PASSED] - Text 'iqbalm213@gmail.com' is set on object 'Object Repository/Web - Change Profile/Page_Masuk untuk dapatkan akses di Coding.ID/input_Email_email'

2023-08-13 18:10:11 - [TEST_STEP][PASSED] - setText(findTestObject("Object Repository/Web - Change Profile/Page_Masuk untuk dapatkan akses di Coding.ID/input_Kata                                 _98da12"), iqbal_pass): Text 'password123' is set on object 'Object Repository/Web - Change Profile/Page_Masuk untuk dapatkan akses di Coding.ID/input_Kata                                 _98da12'

2023-08-13 18:10:11 - [MESSAGE][PASSED] - Text 'password123' is set on object 'Object Repository/Web - Change Profile/Page_Masuk untuk dapatkan akses di Coding.ID/input_Kata                                 _98da12'

2023-08-13 18:10:11 - [TEST_STEP][PASSED] - click(findTestObject("Object Repository/Web - Change Profile/Page_Masuk untuk dapatkan akses di Coding.ID/button_Login")): Object: 'Object Repository/Web - Change Profile/Page_Masuk untuk dapatkan akses di Coding.ID/button_Login' is clicked on

2023-08-13 18:10:13 - [MESSAGE][PASSED] - Object: 'Object Repository/Web - Change Profile/Page_Masuk untuk dapatkan akses di Coding.ID/button_Login' is clicked on

[...]

2023-08-13 18:11:36 - [MESSAGE][PASSED] - Object: 'Object Repository/Web - Change Profile/Page_Coding.ID - Dashboard/a_Edit Profile' is clicked on

2023-08-13 18:11:36 - [TEST_STEP][PASSED] - setText(findTestObject("Web - Change Profile/Page_Coding.ID - Dashboard/input_Phone_whatsapp"), ""): Text '' is set on object 'Object Repository/Web - Change Profile/Page_Coding.ID - Dashboard/input_Phone_whatsapp'

2023-08-13 18:11:37 - [MESSAGE][PASSED] - Text '' is set on object 'Object Repository/Web - Change Profile/Page_Coding.ID - Dashboard/input_Phone_whatsapp'

2023-08-13 18:11:37 - [TEST_STEP][PASSED] - click(findTestObject("Web - Change Profile/Page_Coding.ID - Dashboard/button_Save Changes")): Object: 'Object Repository/Web - Change Profile/Page_Coding.ID - Dashboard/button_Save Changes' is clicked on

2023-08-13 18:11:37 - [MESSAGE][PASSED] - Object: 'Object Repository/Web - Change Profile/Page_Coding.ID - Dashboard/button_Save Changes' is clicked on

2023-08-13 18:11:37 - [TEST_STEP][PASSED] - delay(5): Delayed 5 second(s)

2023-08-13 18:11:42 - [MESSAGE][PASSED] - Delayed 5 second(s)

2023-08-13 18:11:42 - [TEST_STEP][PASSED] - closeBrowser(): Browser is closed

2023-08-13 18:11:43 - [MESSAGE][PASSED] - Browser is closed]]></system-out>
         <system-err><![CDATA[]]></system-err>
      </testcase>
      <testcase name="Test Cases/Website/SW-Change Profile/SW-CP19" time="18.562" classname="Test Cases/Website/SW-Change Profile/SW-CP19" status="PASSED">
         <system-out><![CDATA[2023-08-13 18:11:43 - [TEST_CASE][PASSED] - Test Cases/Website/SW-Change Profile/SW-CP19: Test Cases/Website/SW-Change Profile/SW-CP19

2023-08-13 18:11:43 - [TEST_STEP][PASSED] - openBrowser(""): Browser is opened with url: ''

2023-08-13 18:11:43 - [MESSAGE][INFO] - Starting 'Chrome' driver

2023-08-13 18:11:43 - [MESSAGE][INFO] - Action delay is set to 0 milliseconds

2023-08-13 18:11:44 - [MESSAGE][PASSED] - Browser is opened with url: ''

2023-08-13 18:11:44 - [TEST_STEP][PASSED] - maximizeWindow(): Current window maximized

2023-08-13 18:11:45 - [MESSAGE][PASSED] - Current window maximized

2023-08-13 18:11:45 - [TEST_STEP][PASSED] - navigateToUrl("https://demo-app.online/"): Navigate to 'https://demo-app.online/' successfully

2023-08-13 18:11:47 - [MESSAGE][PASSED] - Navigate to 'https://demo-app.online/' successfully

2023-08-13 18:11:47 - [TEST_STEP][PASSED] - click(findTestObject("Object Repository/Web - Change Profile/Page_Be a Profressional Talent with Coding.ID/Button_Masuk")): Object: 'Object Repository/Web - Change Profile/Page_Be a Profressional Talent with Coding.ID/Button_Masuk' is clicked on

2023-08-13 18:11:48 - [MESSAGE][PASSED] - Object: 'Object Repository/Web - Change Profile/Page_Be a Profressional Talent with Coding.ID/Button_Masuk' is clicked on

2023-08-13 18:11:48 - [TEST_STEP][PASSED] - setText(findTestObject("Object Repository/Web - Change Profile/Page_Masuk untuk dapatkan akses di Coding.ID/input_Email_email"), "iqbalm213@gmail.com"): Text 'iqbalm213@gmail.com' is set on object 'Object Repository/Web - Change Profile/Page_Masuk untuk dapatkan akses di Coding.ID/input_Email_email'

2023-08-13 18:11:49 - [MESSAGE][PASSED] - Text 'iqbalm213@gmail.com' is set on object 'Object Repository/Web - Change Profile/Page_Masuk untuk dapatkan akses di Coding.ID/input_Email_email'

2023-08-13 18:11:49 - [TEST_STEP][PASSED] - setText(findTestObject("Object Repository/Web - Change Profile/Page_Masuk untuk dapatkan akses di Coding.ID/input_Kata                                 _98da12"), iqbal_pass): Text 'password123' is set on object 'Object Repository/Web - Change Profile/Page_Masuk untuk dapatkan akses di Coding.ID/input_Kata                                 _98da12'

2023-08-13 18:11:49 - [MESSAGE][PASSED] - Text 'password123' is set on object 'Object Repository/Web - Change Profile/Page_Masuk untuk dapatkan akses di Coding.ID/input_Kata                                 _98da12'

2023-08-13 18:11:49 - [TEST_STEP][PASSED] - click(findTestObject("Object Repository/Web - Change Profile/Page_Masuk untuk dapatkan akses di Coding.ID/button_Login")): Object: 'Object Repository/Web - Change Profile/Page_Masuk untuk dapatkan akses di Coding.ID/button_Login' is clicked on

2023-08-13 18:11:50 - [MESSAGE][PASSED] - Object: 'Object Repository/Web - Change Profile/Page_Masuk untuk dapatkan akses di Coding.ID/button_Login' is clicked on

2023-08-13 18:11:50 - [TEST_STEP][PASSED] - click(findTestObject("Object Repository/Web - Change Profile/Page_Be a Profressional Talent with Coding.ID/Dropdown_goes_to_Profile")): Object: 'Object Repository/Web - Change Profile/Page_Be a Profressional Talent with Coding.ID/Dropdown_goes_to_Profile' is clicked on

2023-08-13 18:11:51 - [MESSAGE][PASSED] - Object: 'Object Repository/Web - Change Profile/Page_Be a Profressional Talent with Coding.ID/Dropdown_goes_to_Profile' is clicked on

2023-08-13 18:11:51 - [TEST_STEP][PASSED] - click(findTestObject("Object Repository/Web - Change Profile/Page_Be a Profressional Talent with Coding.ID/a_My Account")): Object: 'Object Repository/Web - Change Profile/Page_Be a Profressional Talent with Coding.ID/a_My Account' is clicked on

2023-08-13 18:11:52 - [MESSAGE][PASSED] - Object: 'Object Repository/Web - Change Profile/Page_Be a Profressional Talent with Coding.ID/a_My Account' is clicked on

2023-08-13 18:11:52 - [TEST_STEP][PASSED] - click(findTestObject("Object Repository/Web - Change Profile/Page_Coding.ID - Dashboard/span_Profil")): Object: 'Object Repository/Web - Change Profile/Page_Coding.ID - Dashboard/span_Profil' is clicked on

2023-08-13 18:11:53 - [MESSAGE][PASSED] - Object: 'Object Repository/Web - Change Profile/Page_Coding.ID - Dashboard/span_Profil' is clicked on

2023-08-13 18:11:53 - [TEST_STEP][PASSED] - click(findTestObject("Object Repository/Web - Change Profile/Page_Coding.ID - Dashboard/a_Edit Profile")): Object: 'Object Repository/Web - Change Profile/Page_Coding.ID - Dashboard/a_Edit Profile' is clicked on

2023-08-13 18:11:54 - [MESSAGE][PASSED] - Object: 'Object Repository/Web - Change Profile/Page_Coding.ID - Dashboard/a_Edit Profile' is clicked on

2023-08-13 18:11:54 - [TEST_STEP][PASSED] - setText(findTestObject("Web - Change Profile/Page_Coding.ID - Dashboard/input_Phone_whatsapp"), "@@#!#$%^&"): Text '@@#!#$%^&' is set on object 'Object Repository/Web - Change Profile/Page_Coding.ID - Dashboard/input_Phone_whatsapp'

2023-08-13 18:11:55 - [MESSAGE][PASSED] - Text '@@#!#$%^&' is set on object 'Object Repository/Web - Change Profile/Page_Coding.ID - Dashboard/input_Phone_whatsapp'

2023-08-13 18:11:55 - [TEST_STEP][PASSED] - click(findTestObject("Web - Change Profile/Page_Coding.ID - Dashboard/button_Save Changes")): Object: 'Object Repository/Web - Change Profile/Page_Coding.ID - Dashboard/button_Save Changes' is clicked on

2023-08-13 18:11:56 - [MESSAGE][PASSED] - Object: 'Object Repository/Web - Change Profile/Page_Coding.ID - Dashboard/button_Save Changes' is clicked on

2023-08-13 18:11:56 - [TEST_STEP][PASSED] - delay(5): Delayed 5 second(s)

2023-08-13 18:12:01 - [MESSAGE][PASSED] - Delayed 5 second(s)

2023-08-13 18:12:01 - [TEST_STEP][PASSED] - closeBrowser(): Browser is closed

2023-08-13 18:12:01 - [MESSAGE][PASSED] - Browser is closed]]></system-out>
         <system-err><![CDATA[]]></system-err>
      </testcase>
      <testcase name="Test Cases/Website/SW-Change Profile/SW-CP20" time="18.618" classname="Test Cases/Website/SW-Change Profile/SW-CP20" status="PASSED">
         <system-out><![CDATA[2023-08-13 18:12:02 - [TEST_CASE][PASSED] - Test Cases/Website/SW-Change Profile/SW-CP20: Test Cases/Website/SW-Change Profile/SW-CP20

2023-08-13 18:12:02 - [TEST_STEP][PASSED] - openBrowser(""): Browser is opened with url: ''

2023-08-13 18:12:02 - [MESSAGE][INFO] - Starting 'Chrome' driver

2023-08-13 18:12:02 - [MESSAGE][INFO] - Action delay is set to 0 milliseconds

2023-08-13 18:12:03 - [MESSAGE][PASSED] - Browser is opened with url: ''

2023-08-13 18:12:03 - [TEST_STEP][PASSED] - maximizeWindow(): Current window maximized

2023-08-13 18:12:03 - [MESSAGE][PASSED] - Current window maximized

2023-08-13 18:12:03 - [TEST_STEP][PASSED] - navigateToUrl("https://demo-app.online/"): Navigate to 'https://demo-app.online/' successfully

2023-08-13 18:12:06 - [MESSAGE][PASSED] - Navigate to 'https://demo-app.online/' successfully

2023-08-13 18:12:06 - [TEST_STEP][PASSED] - click(findTestObject("Object Repository/Web - Change Profile/Page_Be a Profressional Talent with Coding.ID/Button_Masuk")): Object: 'Object Repository/Web - Change Profile/Page_Be a Profressional Talent with Coding.ID/Button_Masuk' is clicked on

2023-08-13 18:12:07 - [MESSAGE][PASSED] - Object: 'Object Repository/Web - Change Profile/Page_Be a Profressional Talent with Coding.ID/Button_Masuk' is clicked on

2023-08-13 18:12:07 - [TEST_STEP][PASSED] - setText(findTestObject("Object Repository/Web - Change Profile/Page_Masuk untuk dapatkan akses di Coding.ID/input_Email_email"), "iqbalm213@gmail.com"): Text 'iqbalm213@gmail.com' is set on object 'Object Repository/Web - Change Profile/Page_Masuk untuk dapatkan akses di Coding.ID/input_Email_email'

2023-08-13 18:12:08 - [MESSAGE][PASSED] - Text 'iqbalm213@gmail.com' is set on object 'Object Repository/Web - Change Profile/Page_Masuk untuk dapatkan akses di Coding.ID/input_Email_email'

2023-08-13 18:12:08 - [TEST_STEP][PASSED] - setText(findTestObject("Object Repository/Web - Change Profile/Page_Masuk untuk dapatkan akses di Coding.ID/input_Kata                                 _98da12"), iqbal_pass): Text 'password123' is set on object 'Object Repository/Web - Change Profile/Page_Masuk untuk dapatkan akses di Coding.ID/input_Kata                                 _98da12'

2023-08-13 18:12:08 - [MESSAGE][PASSED] - Text 'password123' is set on object 'Object Repository/Web - Change Profile/Page_Masuk untuk dapatkan akses di Coding.ID/input_Kata                                 _98da12'

2023-08-13 18:12:08 - [TEST_STEP][PASSED] - click(findTestObject("Object Repository/Web - Change Profile/Page_Masuk untuk dapatkan akses di Coding.ID/button_Login")): Object: 'Object Repository/Web - Change Profile/Page_Masuk untuk dapatkan akses di Coding.ID/button_Login' is clicked on

2023-08-13 18:12:09 - [MESSAGE][PASSED] - Object: 'Object Repository/Web - Change Profile/Page_Masuk untuk dapatkan akses di Coding.ID/button_Login' is clicked on

2023-08-13 18:12:09 - [TEST_STEP][PASSED] - click(findTestObject("Object Repository/Web - Change Profile/Page_Be a Profressional Talent with Coding.ID/Dropdown_goes_to_Profile")): Object: 'Object Repository/Web - Change Profile/Page_Be a Profressional Talent with Coding.ID/Dropdown_goes_to_Profile' is clicked on

2023-08-13 18:12:10 - [MESSAGE][PASSED] - Object: 'Object Repository/Web - Change Profile/Page_Be a Profressional Talent with Coding.ID/Dropdown_goes_to_Profile' is clicked on

2023-08-13 18:12:10 - [TEST_STEP][PASSED] - click(findTestObject("Object Repository/Web - Change Profile/Page_Be a Profressional Talent with Coding.ID/a_My Account")): Object: 'Object Repository/Web - Change Profile/Page_Be a Profressional Talent with Coding.ID/a_My Account' is clicked on

2023-08-13 18:12:11 - [MESSAGE][PASSED] - Object: 'Object Repository/Web - Change Profile/Page_Be a Profressional Talent with Coding.ID/a_My Account' is clicked on

2023-08-13 18:12:11 - [TEST_STEP][PASSED] - click(findTestObject("Object Repository/Web - Change Profile/Page_Coding.ID - Dashboard/span_Profil")): Object: 'Object Repository/Web - Change Profile/Page_Coding.ID - Dashboard/span_Profil' is clicked on

2023-08-13 18:12:12 - [MESSAGE][PASSED] - Object: 'Object Repository/Web - Change Profile/Page_Coding.ID - Dashboard/span_Profil' is clicked on

2023-08-13 18:12:12 - [TEST_STEP][PASSED] - click(findTestObject("Object Repository/Web - Change Profile/Page_Coding.ID - Dashboard/a_Edit Profile")): Object: 'Object Repository/Web - Change Profile/Page_Coding.ID - Dashboard/a_Edit Profile' is clicked on

2023-08-13 18:12:13 - [MESSAGE][PASSED] - Object: 'Object Repository/Web - Change Profile/Page_Coding.ID - Dashboard/a_Edit Profile' is clicked on

2023-08-13 18:12:13 - [TEST_STEP][PASSED] - setText(findTestObject("Web - Change Profile/Page_Coding.ID - Dashboard/input_BirthDay_birth_date"), "06aug2019"): Text '06aug2019' is set on object 'Object Repository/Web - Change Profile/Page_Coding.ID - Dashboard/input_BirthDay_birth_date'

2023-08-13 18:12:14 - [MESSAGE][PASSED] - Text '06aug2019' is set on object 'Object Repository/Web - Change Profile/Page_Coding.ID - Dashboard/input_BirthDay_birth_date'

2023-08-13 18:12:14 - [TEST_STEP][PASSED] - delay(5): Delayed 5 second(s)

2023-08-13 18:12:19 - [MESSAGE][PASSED] - Delayed 5 second(s)

2023-08-13 18:12:19 - [TEST_STEP][PASSED] - takeScreenshot(): Taking screenshot successfully

2023-08-13 18:12:19 - [MESSAGE][PASSED] - Taking screenshot successfully
[[ATTACHMENT|C:\\Users\\Dermawan\\git\\tim2_katalonfinalproject11\\Reports\\20230813_180546\\Platform Website\\SW-Change Profile\\20230813_180546\\1691925139813.png]]

2023-08-13 18:12:19 - [TEST_STEP][PASSED] - closeBrowser(): Browser is closed

2023-08-13 18:12:20 - [MESSAGE][PASSED] - Browser is closed]]></system-out>
         <system-err><![CDATA[]]></system-err>
      </testcase>
      <testcase name="Test Cases/Website/SW-Change Profile/SW-CP21" time="21.125" classname="Test Cases/Website/SW-Change Profile/SW-CP21" status="PASSED">
         <system-out><![CDATA[2023-08-13 18:12:20 - [TEST_CASE][PASSED] - Test Cases/Website/SW-Change Profile/SW-CP21: Test Cases/Website/SW-Change Profile/SW-CP21

2023-08-13 18:12:20 - [TEST_STEP][PASSED] - openBrowser(""): Browser is opened with url: ''

2023-08-13 18:12:20 - [MESSAGE][INFO] - Starting 'Chrome' driver

2023-08-13 18:12:20 - [MESSAGE][INFO] - Action delay is set to 0 milliseconds

2023-08-13 18:12:22 - [MESSAGE][PASSED] - Browser is opened with url: ''

2023-08-13 18:12:22 - [TEST_STEP][PASSED] - maximizeWindow(): Current window maximized

2023-08-13 18:12:22 - [MESSAGE][PASSED] - Current window maximized

2023-08-13 18:12:22 - [TEST_STEP][PASSED] - navigateToUrl("https://demo-app.online/"): Navigate to 'https://demo-app.online/' successfully

2023-08-13 18:12:25 - [MESSAGE][PASSED] - Navigate to 'https://demo-app.online/' successfully

2023-08-13 18:12:25 - [TEST_STEP][PASSED] - click(findTestObject("Object Repository/Web - Change Profile/Page_Be a Profressional Talent with Coding.ID/Button_Masuk")): Object: 'Object Repository/Web - Change Profile/Page_Be a Profressional Talent with Coding.ID/Button_Masuk' is clicked on

2023-08-13 18:12:26 - [MESSAGE][PASSED] - Object: 'Object Repository/Web - Change Profile/Page_Be a Profressional Talent with Coding.ID/Button_Masuk' is clicked on

2023-08-13 18:12:26 - [TEST_STEP][PASSED] - setText(findTestObject("Object Repository/Web - Change Profile/Page_Masuk untuk dapatkan akses di Coding.ID/input_Email_email"), "iqbalm213@gmail.com"): Text 'iqbalm213@gmail.com' is set on object 'Object Repository/Web - Change Profile/Page_Masuk untuk dapatkan akses di Coding.ID/input_Email_email'

2023-08-13 18:12:27 - [MESSAGE][PASSED] - Text 'iqbalm213@gmail.com' is set on object 'Object Repository/Web - Change Profile/Page_Masuk untuk dapatkan akses di Coding.ID/input_Email_email'

2023-08-13 18:12:27 - [TEST_STEP][PASSED] - setText(findTestObject("Object Repository/Web - Change Profile/Page_Masuk untuk dapatkan akses di Coding.ID/input_Kata                                 _98da12"), iqbal_pass): Text 'password123' is set on object 'Object Repository/Web - Change Profile/Page_Masuk untuk dapatkan akses di Coding.ID/input_Kata                                 _98da12'

2023-08-13 18:12:28 - [MESSAGE][PASSED] - Text 'password123' is set on object 'Object Repository/Web - Change Profile/Page_Masuk untuk dapatkan akses di Coding.ID/input_Kata                                 _98da12'

2023-08-13 18:12:28 - [TEST_STEP][PASSED] - click(findTestObject("Object Repository/Web - Change Profile/Page_Masuk untuk dapatkan akses di Coding.ID/button_Login")): Object: 'Object Repository/Web - Change Profile/Page_Masuk untuk dapatkan akses di Coding.ID/button_Login' is clicked on

2023-08-13 18:12:29 - [MESSAGE][PASSED] - Object: 'Object Repository/Web - Change Profile/Page_Masuk untuk dapatkan akses di Coding.ID/button_Login' is clicked on

2023-08-13 18:12:29 - [TEST_STEP][PASSED] - click(findTestObject("Object Repository/Web - Change Profile/Page_Be a Profressional Talent with Coding.ID/Dropdown_goes_to_Profile")): Object: 'Object Repository/Web - Change Profile/Page_Be a Profressional Talent with Coding.ID/Dropdown_goes_to_Profile' is clicked on

2023-08-13 18:12:30 - [MESSAGE][PASSED] - Object: 'Object Repository/Web - Change Profile/Page_Be a Profressional Talent with Coding.ID/Dropdown_goes_to_Profile' is clicked on

2023-08-13 18:12:30 - [TEST_STEP][PASSED] - click(findTestObject("Object Repository/Web - Change Profile/Page_Be a Profressional Talent with Coding.ID/a_My Account")): Object: 'Object Repository/Web - Change Profile/Page_Be a Profressional Talent with Coding.ID/a_My Account' is clicked on

2023-08-13 18:12:31 - [MESSAGE][PASSED] - Object: 'Object Repository/Web - Change Profile/Page_Be a Profressional Talent with Coding.ID/a_My Account' is clicked on

2023-08-13 18:12:31 - [TEST_STEP][PASSED] - click(findTestObject("Object Repository/Web - Change Profile/Page_Coding.ID - Dashboard/span_Profil")): Object: 'Object Repository/Web - Change Profile/Page_Coding.ID - Dashboard/span_Profil' is clicked on

2023-08-13 18:12:31 - [MESSAGE][PASSED] - Object: 'Object Repository/Web - Change Profile/Page_Coding.ID - Dashboard/span_Profil' is clicked on

2023-08-13 18:12:31 - [TEST_STEP][PASSED] - click(findTestObject("Object Repository/Web - Change Profile/Page_Coding.ID - Dashboard/a_Edit Profile")): Object: 'Object Repository/Web - Change Profile/Page_Coding.ID - Dashboard/a_Edit Profile' is clicked on

2023-08-13 18:12:32 - [MESSAGE][PASSED] - Object: 'Object Repository/Web - Change Profile/Page_Coding.ID - Dashboard/a_Edit Profile' is clicked on

2023-08-13 18:12:32 - [TEST_STEP][PASSED] - setText(findTestObject("Web - Change Profile/Page_Coding.ID - Dashboard/input_BirthDay_birth_date"), ""): Text '' is set on object 'Object Repository/Web - Change Profile/Page_Coding.ID - Dashboard/input_BirthDay_birth_date'

2023-08-13 18:12:34 - [MESSAGE][PASSED] - Text '' is set on object 'Object Repository/Web - Change Profile/Page_Coding.ID - Dashboard/input_BirthDay_birth_date'

2023-08-13 18:12:34 - [TEST_STEP][PASSED] - delay(5): Delayed 5 second(s)

2023-08-13 18:12:39 - [MESSAGE][PASSED] - Delayed 5 second(s)

2023-08-13 18:12:39 - [TEST_STEP][PASSED] - click(findTestObject("Web - Change Profile/Page_Coding.ID - Dashboard/button_Save Changes")): Object: 'Object Repository/Web - Change Profile/Page_Coding.ID - Dashboard/button_Save Changes' is clicked on

2023-08-13 18:12:40 - [MESSAGE][PASSED] - Object: 'Object Repository/Web - Change Profile/Page_Coding.ID - Dashboard/button_Save Changes' is clicked on

2023-08-13 18:12:40 - [TEST_STEP][PASSED] - takeScreenshot(): Taking screenshot successfully

2023-08-13 18:12:41 - [MESSAGE][PASSED] - Taking screenshot successfully
[[ATTACHMENT|C:\\Users\\Dermawan\\git\\tim2_katalonfinalproject11\\Reports\\20230813_180546\\Platform Website\\SW-Change Profile\\20230813_180546\\1691925160882.png]]

2023-08-13 18:12:41 - [TEST_STEP][PASSED] - closeBrowser(): Browser is closed

2023-08-13 18:12:41 - [MESSAGE][PASSED] - Browser is closed]]></system-out>
         <system-err><![CDATA[]]></system-err>
      </testcase>
      <system-out><![CDATA[2023-08-13 18:05:49 - [TEST_SUITE][PASSED] - SW-Change Profile: Test Cases/Website/SW-Change Profile/SW-CP21]]></system-out>
      <system-err><![CDATA[]]></system-err>
   </testsuite>
</testsuites>
