<?xml version="1.0" encoding="UTF-8"?>
<testsuites name="SW-Register" time="268.18" tests="15" failures="0" errors="0">
   <testsuite name="SW-Register" tests="15" failures="0" errors="0" time="268.18" skipped="0" timestamp="2023-08-13 17:52:14" hostname="Dermawan - DESKTOP-0A9ALQA" id="Test Suites/Platform Website/SW-Register">
      <properties>
[...]
</properties>
      <testcase name="Test Cases/Website/SW-Register/SW-REG01" time="19.35" classname="Test Cases/Website/SW-Register/SW-REG01" status="PASSED">
         <system-out><![CDATA[2023-08-13 17:52:15 - [TEST_CASE][PASSED] - Test Cases/Website/SW-Register/SW-REG01: Test Cases/Website/SW-Register/SW-REG01

2023-08-13 17:52:15 - [TEST_STEP][PASSED] - openBrowser(""): Browser is opened with url: ''

2023-08-13 17:52:15 - [MESSAGE][INFO] - Starting 'Chrome' driver

2023-08-13 17:52:15 - [MESSAGE][INFO] - Action delay is set to 0 milliseconds

2023-08-13 17:52:17 - [MESSAGE][PASSED] - Browser is opened with url: ''

2023-08-13 17:52:17 - [TEST_STEP][PASSED] - maximizeWindow(): Current window maximized

2023-08-13 17:52:18 - [MESSAGE][PASSED] - Current window maximized

2023-08-13 17:52:18 - [TEST_STEP][PASSED] - navigateToUrl("https://demo-app.online/"): Navigate to 'https://demo-app.online/' successfully

2023-08-13 17:52:20 - [MESSAGE][PASSED] - Navigate to 'https://demo-app.online/' successfully

2023-08-13 17:52:20 - [TEST_STEP][PASSED] - click(findTestObject("Web - Register/Page_Buat akun dan dapatkan akses di Coding.ID/button_Buat Akun")): Object: 'Object Repository/Web - Register/Page_Buat akun dan dapatkan akses di Coding.ID/button_Buat Akun' is clicked on

2023-08-13 17:52:21 - [MESSAGE][PASSED] - Object: 'Object Repository/Web - Register/Page_Buat akun dan dapatkan akses di Coding.ID/button_Buat Akun' is clicked on

2023-08-13 17:52:21 - [TEST_STEP][PASSED] - setText(findTestObject("Web - Register/Page_Buat akun dan dapatkan akses di Coding.ID/input_Nama_name"), nama_iqbal): Text 'iqbal' is set on object 'Object Repository/Web - Register/Page_Buat akun dan dapatkan akses di Coding.ID/input_Nama_name'

2023-08-13 17:52:22 - [MESSAGE][PASSED] - Text 'iqbal' is set on object 'Object Repository/Web - Register/Page_Buat akun dan dapatkan akses di Coding.ID/input_Nama_name'

2023-08-13 17:52:22 - [TEST_STEP][PASSED] - setText(findTestObject("Web - Register/Page_Buat akun dan dapatkan akses di Coding.ID/input_Tanggal lahir_birth_date"), tgl_lhir): Text '11-08-2000' is set on object 'Object Repository/Web - Register/Page_Buat akun dan dapatkan akses di Coding.ID/input_Tanggal lahir_birth_date'

2023-08-13 17:52:23 - [MESSAGE][PASSED] - Text '11-08-2000' is set on object 'Object Repository/Web - Register/Page_Buat akun dan dapatkan akses di Coding.ID/input_Tanggal lahir_birth_date'

2023-08-13 17:52:23 - [TEST_STEP][PASSED] - setText(findTestObject("Web - Register/Page_Buat akun dan dapatkan akses di Coding.ID/input_E-Mail_email"), "ga2k22t@ezztt.com"): Text 'ga2k22t@ezztt.com' is set on object 'Object Repository/Web - Register/Page_Buat akun dan dapatkan akses di Coding.ID/input_E-Mail_email'

2023-08-13 17:52:24 - [MESSAGE][PASSED] - Text 'ga2k22t@ezztt.com' is set on object 'Object Repository/Web - Register/Page_Buat akun dan dapatkan akses di Coding.ID/input_E-Mail_email'

2023-08-13 17:52:24 - [TEST_STEP][PASSED] - setText(findTestObject("Web - Register/Page_Buat akun dan dapatkan akses di Coding.ID/input_Whatsapp_whatsapp"), wa_number): Text '081381629152' is set on object 'Object Repository/Web - Register/Page_Buat akun dan dapatkan akses di Coding.ID/input_Whatsapp_whatsapp'

2023-08-13 17:52:24 - [MESSAGE][PASSED] - Text '081381629152' is set on object 'Object Repository/Web - Register/Page_Buat akun dan dapatkan akses di Coding.ID/input_Whatsapp_whatsapp'

2023-08-13 17:52:24 - [TEST_STEP][PASSED] - setText(findTestObject("Web - Register/Page_Buat akun dan dapatkan akses di Coding.ID/input_Kata Sandi_password"), iqbal_pass): Text 'password123' is set on object 'Object Repository/Web - Register/Page_Buat akun dan dapatkan akses di Coding.ID/input_Kata Sandi_password'

2023-08-13 17:52:25 - [MESSAGE][PASSED] - Text 'password123' is set on object 'Object Repository/Web - Register/Page_Buat akun dan dapatkan akses di Coding.ID/input_Kata Sandi_password'

2023-08-13 17:52:25 - [TEST_STEP][PASSED] - setText(findTestObject("Web - Register/Page_Buat akun dan dapatkan akses di Coding.ID/input_Konfirmasi kata sandi_password_confirmation"), iqbal_pass): Text 'password123' is set on object 'Object Repository/Web - Register/Page_Buat akun dan dapatkan akses di Coding.ID/input_Konfirmasi kata sandi_password_confirmation'

2023-08-13 17:52:26 - [MESSAGE][PASSED] - Text 'password123' is set on object 'Object Repository/Web - Register/Page_Buat akun dan dapatkan akses di Coding.ID/input_Konfirmasi kata sandi_password_confirmation'

2023-08-13 17:52:26 - [TEST_STEP][PASSED] - click(findTestObject("Web - Register/Page_Buat akun dan dapatkan akses di Coding.ID/input_Konfirmasi checkbox terms_and_condition")): Object: 'Object Repository/Web - Register/Page_Buat akun dan dapatkan akses di Coding.ID/input_Konfirmasi checkbox terms_and_condition' is clicked on

2023-08-13 17:52:26 - [MESSAGE][PASSED] - Object: 'Object Repository/Web - Register/Page_Buat akun dan dapatkan akses di Coding.ID/input_Konfirmasi checkbox terms_and_condition' is clicked on

2023-08-13 17:52:26 - [TEST_STEP][PASSED] - click(findTestObject("Web - Register/Page_Buat akun dan dapatkan akses di Coding.ID/button_Daftar")): Object: 'Object Repository/Web - Register/Page_Buat akun dan dapatkan akses di Coding.ID/button_Daftar' is clicked on

2023-08-13 17:52:28 - [MESSAGE][PASSED] - Object: 'Object Repository/Web - Register/Page_Buat akun dan dapatkan akses di Coding.ID/button_Daftar' is clicked on

2023-08-13 17:52:28 - [TEST_STEP][PASSED] - delay(5): Delayed 5 second(s)

2023-08-13 17:52:33 - [MESSAGE][PASSED] - Delayed 5 second(s)

2023-08-13 17:52:33 - [TEST_STEP][PASSED] - closeBrowser(): Browser is closed

2023-08-13 17:52:34 - [MESSAGE][PASSED] - Browser is closed]]></system-out>
         <system-err><![CDATA[]]></system-err>
      </testcase>
      <testcase name="Test Cases/Website/SW-Register/SW-REG02" time="17.25" classname="Test Cases/Website/SW-Register/SW-REG02" status="PASSED">
         <system-out><![CDATA[2023-08-13 17:52:34 - [TEST_CASE][PASSED] - Test Cases/Website/SW-Register/SW-REG02: Test Cases/Website/SW-Register/SW-REG02

2023-08-13 17:52:34 - [TEST_STEP][PASSED] - openBrowser(""): Browser is opened with url: ''

2023-08-13 17:52:34 - [MESSAGE][INFO] - Starting 'Chrome' driver

2023-08-13 17:52:34 - [MESSAGE][INFO] - Action delay is set to 0 milliseconds

2023-08-13 17:52:35 - [MESSAGE][PASSED] - Browser is opened with url: ''

2023-08-13 17:52:35 - [TEST_STEP][PASSED] - maximizeWindow(): Current window maximized

2023-08-13 17:52:36 - [MESSAGE][PASSED] - Current window maximized

2023-08-13 17:52:36 - [TEST_STEP][PASSED] - navigateToUrl("https://demo-app.online/"): Navigate to 'https://demo-app.online/' successfully

2023-08-13 17:52:37 - [MESSAGE][PASSED] - Navigate to 'https://demo-app.online/' successfully

2023-08-13 17:52:37 - [TEST_STEP][PASSED] - click(findTestObject("Web - Register/Page_Buat akun dan dapatkan akses di Coding.ID/button_Buat Akun")): Object: 'Object Repository/Web - Register/Page_Buat akun dan dapatkan akses di Coding.ID/button_Buat Akun' is clicked on

2023-08-13 17:52:38 - [MESSAGE][PASSED] - Object: 'Object Repository/Web - Register/Page_Buat akun dan dapatkan akses di Coding.ID/button_Buat Akun' is clicked on

2023-08-13 17:52:38 - [TEST_STEP][PASSED] - click(findTestObject("Object Repository/Web - Register/Page_Buat akun dan dapatkan akses di Coding.ID/input_Nama_name")): Object: 'Object Repository/Web - Register/Page_Buat akun dan dapatkan akses di Coding.ID/input_Nama_name' is clicked on

2023-08-13 17:52:39 - [MESSAGE][PASSED] - Object: 'Object Repository/Web - Register/Page_Buat akun dan dapatkan akses di Coding.ID/input_Nama_name' is clicked on

2023-08-13 17:52:39 - [TEST_STEP][PASSED] - click(findTestObject("Object Repository/Web - Register/Page_Buat akun dan dapatkan akses di Coding.ID/input_Tanggal lahir_birth_date")): Object: 'Object Repository/Web - Register/Page_Buat akun dan dapatkan akses di Coding.ID/input_Tanggal lahir_birth_date' is clicked on

2023-08-13 17:52:39 - [MESSAGE][PASSED] - Object: 'Object Repository/Web - Register/Page_Buat akun dan dapatkan akses di Coding.ID/input_Tanggal lahir_birth_date' is clicked on

2023-08-13 17:52:39 - [TEST_STEP][PASSED] - selectOptionByValue(findTestObject("Object Repository/Web - Register/Page_Buat akun dan dapatkan akses di Coding.ID/button_select_year"), "2016", true): All options with value '2016' are selected in object 'Object Repository/Web - Register/Page_Buat akun dan dapatkan akses di Coding.ID/button_select_year'  using regular expression

2023-08-13 17:52:44 - [MESSAGE][PASSED] - All options with value '2016' are selected in object 'Object Repository/Web - Register/Page_Buat akun dan dapatkan akses di Coding.ID/button_select_year'  using regular expression

2023-08-13 17:52:44 - [TEST_STEP][PASSED] - selectOptionByValue(findTestObject("Object Repository/Web - Register/Page_Buat akun dan dapatkan akses di Coding.ID/button_select_months"), "11", true): All options with value '11' are selected in object 'Object Repository/Web - Register/Page_Buat akun dan dapatkan akses di Coding.ID/button_select_months'  using regular expression

2023-08-13 17:52:45 - [MESSAGE][PASSED] - All options with value '11' are selected in object 'Object Repository/Web - Register/Page_Buat akun dan dapatkan akses di Coding.ID/button_select_months'  using regular expression

2023-08-13 17:52:45 - [TEST_STEP][PASSED] - click(findTestObject("Object Repository/Web - Register/Page_Buat akun dan dapatkan akses di Coding.ID/button_date above 31 dec 2016")): Object: 'Object Repository/Web - Register/Page_Buat akun dan dapatkan akses di Coding.ID/button_date above 31 dec 2016' is clicked on

2023-08-13 17:52:46 - [MESSAGE][PASSED] - Object: 'Object Repository/Web - Register/Page_Buat akun dan dapatkan akses di Coding.ID/button_date above 31 dec 2016' is clicked on

2023-08-13 17:52:46 - [TEST_STEP][PASSED] - delay(5): Delayed 5 second(s)

2023-08-13 17:52:51 - [MESSAGE][PASSED] - Delayed 5 second(s)

2023-08-13 17:52:51 - [TEST_STEP][PASSED] - closeBrowser(): Browser is closed

2023-08-13 17:52:51 - [MESSAGE][PASSED] - Browser is closed]]></system-out>
         <system-err><![CDATA[]]></system-err>
      </testcase>
      <testcase name="Test Cases/Website/SW-Register/SW-REG03" time="18.099" classname="Test Cases/Website/SW-Register/SW-REG03" status="PASSED">
         <system-out><![CDATA[2023-08-13 17:52:51 - [TEST_CASE][PASSED] - Test Cases/Website/SW-Register/SW-REG03: Test Cases/Website/SW-Register/SW-REG03

2023-08-13 17:52:52 - [TEST_STEP][PASSED] - openBrowser(""): Browser is opened with url: ''

2023-08-13 17:52:52 - [MESSAGE][INFO] - Starting 'Chrome' driver

2023-08-13 17:52:52 - [MESSAGE][INFO] - Action delay is set to 0 milliseconds

2023-08-13 17:52:53 - [MESSAGE][PASSED] - Browser is opened with url: ''

2023-08-13 17:52:53 - [TEST_STEP][PASSED] - maximizeWindow(): Current window maximized

2023-08-13 17:52:53 - [MESSAGE][PASSED] - Current window maximized

2023-08-13 17:52:53 - [TEST_STEP][PASSED] - navigateToUrl("https://demo-app.online/"): Navigate to 'https://demo-app.online/' successfully

2023-08-13 17:52:55 - [MESSAGE][PASSED] - Navigate to 'https://demo-app.online/' successfully

2023-08-13 17:52:55 - [TEST_STEP][PASSED] - click(findTestObject("Web - Register/Page_Buat akun dan dapatkan akses di Coding.ID/button_Buat Akun")): Object: 'Object Repository/Web - Register/Page_Buat akun dan dapatkan akses di Coding.ID/button_Buat Akun' is clicked on

2023-08-13 17:52:56 - [MESSAGE][PASSED] - Object: 'Object Repository/Web - Register/Page_Buat akun dan dapatkan akses di Coding.ID/button_Buat Akun' is clicked on

2023-08-13 17:52:56 - [TEST_STEP][PASSED] - setText(findTestObject("Web - Register/Page_Buat akun dan dapatkan akses di Coding.ID/input_Nama_name"), nama_iqbal): Text 'iqbal' is set on object 'Object Repository/Web - Register/Page_Buat akun dan dapatkan akses di Coding.ID/input_Nama_name'

2023-08-13 17:52:57 - [MESSAGE][PASSED] - Text 'iqbal' is set on object 'Object Repository/Web - Register/Page_Buat akun dan dapatkan akses di Coding.ID/input_Nama_name'

2023-08-13 17:52:57 - [TEST_STEP][PASSED] - setText(findTestObject("Web - Register/Page_Buat akun dan dapatkan akses di Coding.ID/input_Tanggal lahir_birth_date"), "11-08-1953"): Text '11-08-1953' is set on object 'Object Repository/Web - Register/Page_Buat akun dan dapatkan akses di Coding.ID/input_Tanggal lahir_birth_date'

2023-08-13 17:52:58 - [MESSAGE][PASSED] - Text '11-08-1953' is set on object 'Object Repository/Web - Register/Page_Buat akun dan dapatkan akses di Coding.ID/input_Tanggal lahir_birth_date'

2023-08-13 17:52:58 - [TEST_STEP][PASSED] - setText(findTestObject("Web - Register/Page_Buat akun dan dapatkan akses di Coding.ID/input_E-Mail_email"), "o6l6w5ic2f@icznn.com"): Text 'o6l6w5ic2f@icznn.com' is set on object 'Object Repository/Web - Register/Page_Buat akun dan dapatkan akses di Coding.ID/input_E-Mail_email'

2023-08-13 17:52:58 - [MESSAGE][PASSED] - Text 'o6l6w5ic2f@icznn.com' is set on object 'Object Repository/Web - Register/Page_Buat akun dan dapatkan akses di Coding.ID/input_E-Mail_email'

2023-08-13 17:52:58 - [TEST_STEP][PASSED] - setText(findTestObject("Web - Register/Page_Buat akun dan dapatkan akses di Coding.ID/input_Whatsapp_whatsapp"), wa_number): Text '081381629152' is set on object 'Object Repository/Web - Register/Page_Buat akun dan dapatkan akses di Coding.ID/input_Whatsapp_whatsapp'

2023-08-13 17:52:59 - [MESSAGE][PASSED] - Text '081381629152' is set on object 'Object Repository/Web - Register/Page_Buat akun dan dapatkan akses di Coding.ID/input_Whatsapp_whatsapp'

2023-08-13 17:52:59 - [TEST_STEP][PASSED] - setText(findTestObject("Web - Register/Page_Buat akun dan dapatkan akses di Coding.ID/input_Kata Sandi_password"), iqbal_pass): Text 'password123' is set on object 'Object Repository/Web - Register/Page_Buat akun dan dapatkan akses di Coding.ID/input_Kata Sandi_password'

2023-08-13 17:53:00 - [MESSAGE][PASSED] - Text 'password123' is set on object 'Object Repository/Web - Register/Page_Buat akun dan dapatkan akses di Coding.ID/input_Kata Sandi_password'

2023-08-13 17:53:00 - [TEST_STEP][PASSED] - setText(findTestObject("Web - Register/Page_Buat akun dan dapatkan akses di Coding.ID/input_Konfirmasi kata sandi_password_confirmation"), iqbal_pass): Text 'password123' is set on object 'Object Repository/Web - Register/Page_Buat akun dan dapatkan akses di Coding.ID/input_Konfirmasi kata sandi_password_confirmation'

2023-08-13 17:53:01 - [MESSAGE][PASSED] - Text 'password123' is set on object 'Object Repository/Web - Register/Page_Buat akun dan dapatkan akses di Coding.ID/input_Konfirmasi kata sandi_password_confirmation'

2023-08-13 17:53:01 - [TEST_STEP][PASSED] - click(findTestObject("Web - Register/Page_Buat akun dan dapatkan akses di Coding.ID/input_Konfirmasi checkbox terms_and_condition")): Object: 'Object Repository/Web - Register/Page_Buat akun dan dapatkan akses di Coding.ID/input_Konfirmasi checkbox terms_and_condition' is clicked on

2023-08-13 17:53:01 - [MESSAGE][PASSED] - Object: 'Object Repository/Web - Register/Page_Buat akun dan dapatkan akses di Coding.ID/input_Konfirmasi checkbox terms_and_condition' is clicked on

2023-08-13 17:53:01 - [TEST_STEP][PASSED] - click(findTestObject("Web - Register/Page_Buat akun dan dapatkan akses di Coding.ID/button_Daftar")): Object: 'Object Repository/Web - Register/Page_Buat akun dan dapatkan akses di Coding.ID/button_Daftar' is clicked on

2023-08-13 17:53:04 - [MESSAGE][PASSED] - Object: 'Object Repository/Web - Register/Page_Buat akun dan dapatkan akses di Coding.ID/button_Daftar' is clicked on

2023-08-13 17:53:04 - [TEST_STEP][PASSED] - delay(5): Delayed 5 second(s)

2023-08-13 17:53:09 - [MESSAGE][PASSED] - Delayed 5 second(s)

2023-08-13 17:53:09 - [TEST_STEP][PASSED] - closeBrowser(): Browser is closed

2023-08-13 17:53:09 - [MESSAGE][PASSED] - Browser is closed]]></system-out>
         <system-err><![CDATA[]]></system-err>
      </testcase>
      <testcase name="Test Cases/Website/SW-Register/SW-REG04" time="17.763" classname="Test Cases/Website/SW-Register/SW-REG04" status="PASSED">
         <system-out><![CDATA[2023-08-13 17:53:09 - [TEST_CASE][PASSED] - Test Cases/Website/SW-Register/SW-REG04: Test Cases/Website/SW-Register/SW-REG04

2023-08-13 17:53:10 - [TEST_STEP][PASSED] - openBrowser(""): Browser is opened with url: ''

2023-08-13 17:53:10 - [MESSAGE][INFO] - Starting 'Chrome' driver

2023-08-13 17:53:10 - [MESSAGE][INFO] - Action delay is set to 0 milliseconds

2023-08-13 17:53:11 - [MESSAGE][PASSED] - Browser is opened with url: ''

2023-08-13 17:53:11 - [TEST_STEP][PASSED] - maximizeWindow(): Current window maximized

2023-08-13 17:53:11 - [MESSAGE][PASSED] - Current window maximized

2023-08-13 17:53:11 - [TEST_STEP][PASSED] - navigateToUrl("https://demo-app.online/"): Navigate to 'https://demo-app.online/' successfully

2023-08-13 17:53:13 - [MESSAGE][PASSED] - Navigate to 'https://demo-app.online/' successfully

2023-08-13 17:53:13 - [TEST_STEP][PASSED] - click(findTestObject("Web - Register/Page_Buat akun dan dapatkan akses di Coding.ID/button_Buat Akun")): Object: 'Object Repository/Web - Register/Page_Buat akun dan dapatkan akses di Coding.ID/button_Buat Akun' is clicked on

2023-08-13 17:53:14 - [MESSAGE][PASSED] - Object: 'Object Repository/Web - Register/Page_Buat akun dan dapatkan akses di Coding.ID/button_Buat Akun' is clicked on

2023-08-13 17:53:14 - [TEST_STEP][PASSED] - setText(findTestObject("Web - Register/Page_Buat akun dan dapatkan akses di Coding.ID/input_Nama_name"), nama_iqbal): Text 'iqbal' is set on object 'Object Repository/Web - Register/Page_Buat akun dan dapatkan akses di Coding.ID/input_Nama_name'

2023-08-13 17:53:15 - [MESSAGE][PASSED] - Text 'iqbal' is set on object 'Object Repository/Web - Register/Page_Buat akun dan dapatkan akses di Coding.ID/input_Nama_name'

2023-08-13 17:53:15 - [TEST_STEP][PASSED] - setText(findTestObject("Web - Register/Page_Buat akun dan dapatkan akses di Coding.ID/input_Tanggal lahir_birth_date"), tgl_lhir): Text '11-08-2000' is set on object 'Object Repository/Web - Register/Page_Buat akun dan dapatkan akses di Coding.ID/input_Tanggal lahir_birth_date'

2023-08-13 17:53:16 - [MESSAGE][PASSED] - Text '11-08-2000' is set on object 'Object Repository/Web - Register/Page_Buat akun dan dapatkan akses di Coding.ID/input_Tanggal lahir_birth_date'

2023-08-13 17:53:16 - [TEST_STEP][PASSED] - setText(findTestObject("Web - Register/Page_Buat akun dan dapatkan akses di Coding.ID/input_E-Mail_email"), "sk9d8b7u6@kzccv.com"): Text 'sk9d8b7u6@kzccv.com' is set on object 'Object Repository/Web - Register/Page_Buat akun dan dapatkan akses di Coding.ID/input_E-Mail_email'

2023-08-13 17:53:17 - [MESSAGE][PASSED] - Text 'sk9d8b7u6@kzccv.com' is set on object 'Object Repository/Web - Register/Page_Buat akun dan dapatkan akses di Coding.ID/input_E-Mail_email'

2023-08-13 17:53:17 - [TEST_STEP][PASSED] - setText(findTestObject("Web - Register/Page_Buat akun dan dapatkan akses di Coding.ID/input_Whatsapp_whatsapp"), "0217521577"): Text '0217521577' is set on object 'Object Repository/Web - Register/Page_Buat akun dan dapatkan akses di Coding.ID/input_Whatsapp_whatsapp'

2023-08-13 17:53:18 - [MESSAGE][PASSED] - Text '0217521577' is set on object 'Object Repository/Web - Register/Page_Buat akun dan dapatkan akses di Coding.ID/input_Whatsapp_whatsapp'

2023-08-13 17:53:18 - [TEST_STEP][PASSED] - setText(findTestObject("Web - Register/Page_Buat akun dan dapatkan akses di Coding.ID/input_Kata Sandi_password"), iqbal_pass): Text 'password123' is set on object 'Object Repository/Web - Register/Page_Buat akun dan dapatkan akses di Coding.ID/input_Kata Sandi_password'

2023-08-13 17:53:18 - [MESSAGE][PASSED] - Text 'password123' is set on object 'Object Repository/Web - Register/Page_Buat akun dan dapatkan akses di Coding.ID/input_Kata Sandi_password'

2023-08-13 17:53:18 - [TEST_STEP][PASSED] - setText(findTestObject("Web - Register/Page_Buat akun dan dapatkan akses di Coding.ID/input_Konfirmasi kata sandi_password_confirmation"), iqbal_pass): Text 'password123' is set on object 'Object Repository/Web - Register/Page_Buat akun dan dapatkan akses di Coding.ID/input_Konfirmasi kata sandi_password_confirmation'

2023-08-13 17:53:19 - [MESSAGE][PASSED] - Text 'password123' is set on object 'Object Repository/Web - Register/Page_Buat akun dan dapatkan akses di Coding.ID/input_Konfirmasi kata sandi_password_confirmation'

2023-08-13 17:53:19 - [TEST_STEP][PASSED] - click(findTestObject("Web - Register/Page_Buat akun dan dapatkan akses di Coding.ID/input_Konfirmasi checkbox terms_and_condition")): Object: 'Object Repository/Web - Register/Page_Buat akun dan dapatkan akses di Coding.ID/input_Konfirmasi checkbox terms_and_condition' is clicked on

2023-08-13 17:53:20 - [MESSAGE][PASSED] - Object: 'Object Repository/Web - Register/Page_Buat akun dan dapatkan akses di Coding.ID/input_Konfirmasi checkbox terms_and_condition' is clicked on

2023-08-13 17:53:20 - [TEST_STEP][PASSED] - click(findTestObject("Web - Register/Page_Buat akun dan dapatkan akses di Coding.ID/button_Daftar")): Object: 'Object Repository/Web - Register/Page_Buat akun dan dapatkan akses di Coding.ID/button_Daftar' is clicked on

2023-08-13 17:53:21 - [MESSAGE][PASSED] - Object: 'Object Repository/Web - Register/Page_Buat akun dan dapatkan akses di Coding.ID/button_Daftar' is clicked on

2023-08-13 17:53:21 - [TEST_STEP][PASSED] - delay(5): Delayed 5 second(s)

2023-08-13 17:53:26 - [MESSAGE][PASSED] - Delayed 5 second(s)

2023-08-13 17:53:26 - [TEST_STEP][PASSED] - closeBrowser(): Browser is closed

2023-08-13 17:53:27 - [MESSAGE][PASSED] - Browser is closed]]></system-out>
         <system-err><![CDATA[]]></system-err>
      </testcase>
      <testcase name="Test Cases/Website/SW-Register/SW-REG05" time="17.655" classname="Test Cases/Website/SW-Register/SW-REG05" status="PASSED">
         <system-out><![CDATA[2023-08-13 17:53:27 - [TEST_CASE][PASSED] - Test Cases/Website/SW-Register/SW-REG05: Test Cases/Website/SW-Register/SW-REG05

2023-08-13 17:53:27 - [TEST_STEP][PASSED] - openBrowser(""): Browser is opened with url: ''

2023-08-13 17:53:27 - [MESSAGE][INFO] - Starting 'Chrome' driver

2023-08-13 17:53:27 - [MESSAGE][INFO] - Action delay is set to 0 milliseconds

2023-08-13 17:53:29 - [MESSAGE][PASSED] - Browser is opened with url: ''

2023-08-13 17:53:29 - [TEST_STEP][PASSED] - maximizeWindow(): Current window maximized

2023-08-13 17:53:29 - [MESSAGE][PASSED] - Current window maximized

2023-08-13 17:53:29 - [TEST_STEP][PASSED] - navigateToUrl("https://demo-app.online/"): Navigate to 'https://demo-app.online/' successfully

2023-08-13 17:53:31 - [MESSAGE][PASSED] - Navigate to 'https://demo-app.online/' successfully

2023-08-13 17:53:31 - [TEST_STEP][PASSED] - click(findTestObject("Web - Register/Page_Buat akun dan dapatkan akses di Coding.ID/button_Buat Akun")): Object: 'Object Repository/Web - Register/Page_Buat akun dan dapatkan akses di Coding.ID/button_Buat Akun' is clicked on

2023-08-13 17:53:32 - [MESSAGE][PASSED] - Object: 'Object Repository/Web - Register/Page_Buat akun dan dapatkan akses di Coding.ID/button_Buat Akun' is clicked on

2023-08-13 17:53:32 - [TEST_STEP][PASSED] - setText(findTestObject("Web - Register/Page_Buat akun dan dapatkan akses di Coding.ID/input_Nama_name"), nama_iqbal): Text 'iqbal' is set on object 'Object Repository/Web - Register/Page_Buat akun dan dapatkan akses di Coding.ID/input_Nama_name'

2023-08-13 17:53:33 - [MESSAGE][PASSED] - Text 'iqbal' is set on object 'Object Repository/Web - Register/Page_Buat akun dan dapatkan akses di Coding.ID/input_Nama_name'

2023-08-13 17:53:33 - [TEST_STEP][PASSED] - setText(findTestObject("Web - Register/Page_Buat akun dan dapatkan akses di Coding.ID/input_Tanggal lahir_birth_date"), tgl_lhir): Text '11-08-2000' is set on object 'Object Repository/Web - Register/Page_Buat akun dan dapatkan akses di Coding.ID/input_Tanggal lahir_birth_date'

2023-08-13 17:53:34 - [MESSAGE][PASSED] - Text '11-08-2000' is set on object 'Object Repository/Web - Register/Page_Buat akun dan dapatkan akses di Coding.ID/input_Tanggal lahir_birth_date'

2023-08-13 17:53:34 - [TEST_STEP][PASSED] - setText(findTestObject("Web - Register/Page_Buat akun dan dapatkan akses di Coding.ID/input_E-Mail_email"), "nlmue0ixq2@kzccv.com"): Text 'nlmue0ixq2@kzccv.com' is set on object 'Object Repository/Web - Register/Page_Buat akun dan dapatkan akses di Coding.ID/input_E-Mail_email'

2023-08-13 17:53:35 - [MESSAGE][PASSED] - Text 'nlmue0ixq2@kzccv.com' is set on object 'Object Repository/Web - Register/Page_Buat akun dan dapatkan akses di Coding.ID/input_E-Mail_email'

2023-08-13 17:53:35 - [TEST_STEP][PASSED] - setText(findTestObject("Web - Register/Page_Buat akun dan dapatkan akses di Coding.ID/input_Whatsapp_whatsapp"), "021752157766"): Text '021752157766' is set on object 'Object Repository/Web - Register/Page_Buat akun dan dapatkan akses di Coding.ID/input_Whatsapp_whatsapp'

2023-08-13 17:53:35 - [MESSAGE][PASSED] - Text '021752157766' is set on object 'Object Repository/Web - Register/Page_Buat akun dan dapatkan akses di Coding.ID/input_Whatsapp_whatsapp'

2023-08-13 17:53:35 - [TEST_STEP][PASSED] - setText(findTestObject("Web - Register/Page_Buat akun dan dapatkan akses di Coding.ID/input_Kata Sandi_password"), iqbal_pass): Text 'password123' is set on object 'Object Repository/Web - Register/Page_Buat akun dan dapatkan akses di Coding.ID/input_Kata Sandi_password'

2023-08-13 17:53:36 - [MESSAGE][PASSED] - Text 'password123' is set on object 'Object Repository/Web - Register/Page_Buat akun dan dapatkan akses di Coding.ID/input_Kata Sandi_password'

2023-08-13 17:53:36 - [TEST_STEP][PASSED] - setText(findTestObject("Web - Register/Page_Buat akun dan dapatkan akses di Coding.ID/input_Konfirmasi kata sandi_password_confirmation"), iqbal_pass): Text 'password123' is set on object 'Object Repository/Web - Register/Page_Buat akun dan dapatkan akses di Coding.ID/input_Konfirmasi kata sandi_password_confirmation'

2023-08-13 17:53:37 - [MESSAGE][PASSED] - Text 'password123' is set on object 'Object Repository/Web - Register/Page_Buat akun dan dapatkan akses di Coding.ID/input_Konfirmasi kata sandi_password_confirmation'

2023-08-13 17:53:37 - [TEST_STEP][PASSED] - click(findTestObject("Web - Register/Page_Buat akun dan dapatkan akses di Coding.ID/input_Konfirmasi checkbox terms_and_condition")): Object: 'Object Repository/Web - Register/Page_Buat akun dan dapatkan akses di Coding.ID/input_Konfirmasi checkbox terms_and_condition' is clicked on

2023-08-13 17:53:37 - [MESSAGE][PASSED] - Object: 'Object Repository/Web - Register/Page_Buat akun dan dapatkan akses di Coding.ID/input_Konfirmasi checkbox terms_and_condition' is clicked on

2023-08-13 17:53:37 - [TEST_STEP][PASSED] - click(findTestObject("Web - Register/Page_Buat akun dan dapatkan akses di Coding.ID/button_Daftar")): Object: 'Object Repository/Web - Register/Page_Buat akun dan dapatkan akses di Coding.ID/button_Daftar' is clicked on

2023-08-13 17:53:39 - [MESSAGE][PASSED] - Object: 'Object Repository/Web - Register/Page_Buat akun dan dapatkan akses di Coding.ID/button_Daftar' is clicked on

2023-08-13 17:53:39 - [TEST_STEP][PASSED] - delay(5): Delayed 5 second(s)

2023-08-13 17:53:44 - [MESSAGE][PASSED] - Delayed 5 second(s)

2023-08-13 17:53:44 - [TEST_STEP][PASSED] - closeBrowser(): Browser is closed

2023-08-13 17:53:45 - [MESSAGE][PASSED] - Browser is closed]]></system-out>
         <system-err><![CDATA[]]></system-err>
      </testcase>
      <testcase name="Test Cases/Website/SW-Register/SW-REG06" time="17.593" classname="Test Cases/Website/SW-Register/SW-REG06" status="PASSED">
         <system-out><![CDATA[2023-08-13 17:53:45 - [TEST_CASE][PASSED] - Test Cases/Website/SW-Register/SW-REG06: Test Cases/Website/SW-Register/SW-REG06

2023-08-13 17:53:45 - [TEST_STEP][PASSED] - openBrowser(""): Browser is opened with url: ''

2023-08-13 17:53:45 - [MESSAGE][INFO] - Starting 'Chrome' driver

2023-08-13 17:53:45 - [MESSAGE][INFO] - Action delay is set to 0 milliseconds

2023-08-13 17:53:46 - [MESSAGE][PASSED] - Browser is opened with url: ''

2023-08-13 17:53:46 - [TEST_STEP][PASSED] - maximizeWindow(): Current window maximized

2023-08-13 17:53:46 - [MESSAGE][PASSED] - Current window maximized

2023-08-13 17:53:46 - [TEST_STEP][PASSED] - navigateToUrl("https://demo-app.online/"): Navigate to 'https://demo-app.online/' successfully

2023-08-13 17:53:48 - [MESSAGE][PASSED] - Navigate to 'https://demo-app.online/' successfully

2023-08-13 17:53:48 - [TEST_STEP][PASSED] - click(findTestObject("Web - Register/Page_Buat akun dan dapatkan akses di Coding.ID/button_Buat Akun")): Object: 'Object Repository/Web - Register/Page_Buat akun dan dapatkan akses di Coding.ID/button_Buat Akun' is clicked on

2023-08-13 17:53:49 - [MESSAGE][PASSED] - Object: 'Object Repository/Web - Register/Page_Buat akun dan dapatkan akses di Coding.ID/button_Buat Akun' is clicked on

2023-08-13 17:53:49 - [TEST_STEP][PASSED] - setText(findTestObject("Web - Register/Page_Buat akun dan dapatkan akses di Coding.ID/input_Nama_name"), nama_iqbal): Text 'iqbal' is set on object 'Object Repository/Web - Register/Page_Buat akun dan dapatkan akses di Coding.ID/input_Nama_name'

2023-08-13 17:53:50 - [MESSAGE][PASSED] - Text 'iqbal' is set on object 'Object Repository/Web - Register/Page_Buat akun dan dapatkan akses di Coding.ID/input_Nama_name'

2023-08-13 17:53:50 - [TEST_STEP][PASSED] - setText(findTestObject("Web - Register/Page_Buat akun dan dapatkan akses di Coding.ID/input_Tanggal lahir_birth_date"), tgl_lhir): Text '11-08-2000' is set on object 'Object Repository/Web - Register/Page_Buat akun dan dapatkan akses di Coding.ID/input_Tanggal lahir_birth_date'

2023-08-13 17:53:51 - [MESSAGE][PASSED] - Text '11-08-2000' is set on object 'Object Repository/Web - Register/Page_Buat akun dan dapatkan akses di Coding.ID/input_Tanggal lahir_birth_date'

2023-08-13 17:53:51 - [TEST_STEP][PASSED] - setText(findTestObject("Web - Register/Page_Buat akun dan dapatkan akses di Coding.ID/input_E-Mail_email"), "ei75zfw37v@qiott.com"): Text 'ei75zfw37v@qiott.com' is set on object 'Object Repository/Web - Register/Page_Buat akun dan dapatkan akses di Coding.ID/input_E-Mail_email'

2023-08-13 17:53:52 - [MESSAGE][PASSED] - Text 'ei75zfw37v@qiott.com' is set on object 'Object Repository/Web - Register/Page_Buat akun dan dapatkan akses di Coding.ID/input_E-Mail_email'

2023-08-13 17:53:52 - [TEST_STEP][PASSED] - setText(findTestObject("Web - Register/Page_Buat akun dan dapatkan akses di Coding.ID/input_Whatsapp_whatsapp"), "021752157766"): Text '021752157766' is set on object 'Object Repository/Web - Register/Page_Buat akun dan dapatkan akses di Coding.ID/input_Whatsapp_whatsapp'

2023-08-13 17:53:53 - [MESSAGE][PASSED] - Text '021752157766' is set on object 'Object Repository/Web - Register/Page_Buat akun dan dapatkan akses di Coding.ID/input_Whatsapp_whatsapp'

2023-08-13 17:53:53 - [TEST_STEP][PASSED] - setText(findTestObject("Web - Register/Page_Buat akun dan dapatkan akses di Coding.ID/input_Kata Sandi_password"), "password"): Text 'password' is set on object 'Object Repository/Web - Register/Page_Buat akun dan dapatkan akses di Coding.ID/input_Kata Sandi_password'

2023-08-13 17:53:54 - [MESSAGE][PASSED] - Text 'password' is set on object 'Object Repository/Web - Register/Page_Buat akun dan dapatkan akses di Coding.ID/input_Kata Sandi_password'

2023-08-13 17:53:54 - [TEST_STEP][PASSED] - setText(findTestObject("Web - Register/Page_Buat akun dan dapatkan akses di Coding.ID/input_Konfirmasi kata sandi_password_confirmation"), "password"): Text 'password' is set on object 'Object Repository/Web - Register/Page_Buat akun dan dapatkan akses di Coding.ID/input_Konfirmasi kata sandi_password_confirmation'

2023-08-13 17:53:54 - [MESSAGE][PASSED] - Text 'password' is set on object 'Object Repository/Web - Register/Page_Buat akun dan dapatkan akses di Coding.ID/input_Konfirmasi kata sandi_password_confirmation'

2023-08-13 17:53:54 - [TEST_STEP][PASSED] - click(findTestObject("Web - Register/Page_Buat akun dan dapatkan akses di Coding.ID/input_Konfirmasi checkbox terms_and_condition")): Object: 'Object Repository/Web - Register/Page_Buat akun dan dapatkan akses di Coding.ID/input_Konfirmasi checkbox terms_and_condition' is clicked on

2023-08-13 17:53:55 - [MESSAGE][PASSED] - Object: 'Object Repository/Web - Register/Page_Buat akun dan dapatkan akses di Coding.ID/input_Konfirmasi checkbox terms_and_condition' is clicked on

2023-08-13 17:53:55 - [TEST_STEP][PASSED] - click(findTestObject("Web - Register/Page_Buat akun dan dapatkan akses di Coding.ID/button_Daftar")): Object: 'Object Repository/Web - Register/Page_Buat akun dan dapatkan akses di Coding.ID/button_Daftar' is clicked on

2023-08-13 17:53:57 - [MESSAGE][PASSED] - Object: 'Object Repository/Web - Register/Page_Buat akun dan dapatkan akses di Coding.ID/button_Daftar' is clicked on

2023-08-13 17:53:57 - [TEST_STEP][PASSED] - delay(5): Delayed 5 second(s)

2023-08-13 17:54:02 - [MESSAGE][PASSED] - Delayed 5 second(s)

2023-08-13 17:54:02 - [TEST_STEP][PASSED] - closeBrowser(): Browser is closed

2023-08-13 17:54:02 - [MESSAGE][PASSED] - Browser is closed]]></system-out>
         <system-err><![CDATA[]]></system-err>
      </testcase>
      <testcase name="Test Cases/Website/SW-Register/SW-REG07" time="18.751" classname="Test Cases/Website/SW-Register/SW-REG07" status="PASSED">
         <system-out><![CDATA[2023-08-13 17:54:02 - [TEST_CASE][PASSED] - Test Cases/Website/SW-Register/SW-REG07: Test Cases/Website/SW-Register/SW-REG07

2023-08-13 17:54:03 - [TEST_STEP][PASSED] - openBrowser(""): Browser is opened with url: ''

2023-08-13 17:54:03 - [MESSAGE][INFO] - Starting 'Chrome' driver

2023-08-13 17:54:03 - [MESSAGE][INFO] - Action delay is set to 0 milliseconds

2023-08-13 17:54:04 - [MESSAGE][PASSED] - Browser is opened with url: ''

2023-08-13 17:54:04 - [TEST_STEP][PASSED] - maximizeWindow(): Current window maximized

2023-08-13 17:54:04 - [MESSAGE][PASSED] - Current window maximized

2023-08-13 17:54:04 - [TEST_STEP][PASSED] - navigateToUrl("https://demo-app.online/"): Navigate to 'https://demo-app.online/' successfully

2023-08-13 17:54:07 - [MESSAGE][PASSED] - Navigate to 'https://demo-app.online/' successfully

2023-08-13 17:54:07 - [TEST_STEP][PASSED] - click(findTestObject("Web - Register/Page_Buat akun dan dapatkan akses di Coding.ID/button_Buat Akun")): Object: 'Object Repository/Web - Register/Page_Buat akun dan dapatkan akses di Coding.ID/button_Buat Akun' is clicked on

2023-08-13 17:54:08 - [MESSAGE][PASSED] - Object: 'Object Repository/Web - Register/Page_Buat akun dan dapatkan akses di Coding.ID/button_Buat Akun' is clicked on

2023-08-13 17:54:08 - [TEST_STEP][PASSED] - setText(findTestObject("Web - Register/Page_Buat akun dan dapatkan akses di Coding.ID/input_Nama_name"), nama_iqbal): Text 'iqbal' is set on object 'Object Repository/Web - Register/Page_Buat akun dan dapatkan akses di Coding.ID/input_Nama_name'

2023-08-13 17:54:09 - [MESSAGE][PASSED] - Text 'iqbal' is set on object 'Object Repository/Web - Register/Page_Buat akun dan dapatkan akses di Coding.ID/input_Nama_name'

2023-08-13 17:54:09 - [TEST_STEP][PASSED] - setText(findTestObject("Web - Register/Page_Buat akun dan dapatkan akses di Coding.ID/input_Tanggal lahir_birth_date"), tgl_lhir): Text '11-08-2000' is set on object 'Object Repository/Web - Register/Page_Buat akun dan dapatkan akses di Coding.ID/input_Tanggal lahir_birth_date'

2023-08-13 17:54:10 - [MESSAGE][PASSED] - Text '11-08-2000' is set on object 'Object Repository/Web - Register/Page_Buat akun dan dapatkan akses di Coding.ID/input_Tanggal lahir_birth_date'

2023-08-13 17:54:10 - [TEST_STEP][PASSED] - setText(findTestObject("Web - Register/Page_Buat akun dan dapatkan akses di Coding.ID/input_E-Mail_email"), "9oz0ka7@icznn.com"): Text '9oz0ka7@icznn.com' is set on object 'Object Repository/Web - Register/Page_Buat akun dan dapatkan akses di Coding.ID/input_E-Mail_email'

2023-08-13 17:54:11 - [MESSAGE][PASSED] - Text '9oz0ka7@icznn.com' is set on object 'Object Repository/Web - Register/Page_Buat akun dan dapatkan akses di Coding.ID/input_E-Mail_email'

2023-08-13 17:54:11 - [TEST_STEP][PASSED] - setText(findTestObject("Web - Register/Page_Buat akun dan dapatkan akses di Coding.ID/input_Whatsapp_whatsapp"), "021752157766"): Text '021752157766' is set on object 'Object Repository/Web - Register/Page_Buat akun dan dapatkan akses di Coding.ID/input_Whatsapp_whatsapp'

2023-08-13 17:54:11 - [MESSAGE][PASSED] - Text '021752157766' is set on object 'Object Repository/Web - Register/Page_Buat akun dan dapatkan akses di Coding.ID/input_Whatsapp_whatsapp'

2023-08-13 17:54:11 - [TEST_STEP][PASSED] - setText(findTestObject("Web - Register/Page_Buat akun dan dapatkan akses di Coding.ID/input_Kata Sandi_password"), "passwordpassword"): Text 'passwordpassword' is set on object 'Object Repository/Web - Register/Page_Buat akun dan dapatkan akses di Coding.ID/input_Kata Sandi_password'

2023-08-13 17:54:12 - [MESSAGE][PASSED] - Text 'passwordpassword' is set on object 'Object Repository/Web - Register/Page_Buat akun dan dapatkan akses di Coding.ID/input_Kata Sandi_password'

2023-08-13 17:54:12 - [TEST_STEP][PASSED] - setText(findTestObject("Web - Register/Page_Buat akun dan dapatkan akses di Coding.ID/input_Konfirmasi kata sandi_password_confirmation"), "passwordpassword"): Text 'passwordpassword' is set on object 'Object Repository/Web - Register/Page_Buat akun dan dapatkan akses di Coding.ID/input_Konfirmasi kata sandi_password_confirmation'

2023-08-13 17:54:13 - [MESSAGE][PASSED] - Text 'passwordpassword' is set on object 'Object Repository/Web - Register/Page_Buat akun dan dapatkan akses di Coding.ID/input_Konfirmasi kata sandi_password_confirmation'

2023-08-13 17:54:13 - [TEST_STEP][PASSED] - click(findTestObject("Web - Register/Page_Buat akun dan dapatkan akses di Coding.ID/input_Konfirmasi checkbox terms_and_condition")): Object: 'Object Repository/Web - Register/Page_Buat akun dan dapatkan akses di Coding.ID/input_Konfirmasi checkbox terms_and_condition' is clicked on

2023-08-13 17:54:13 - [MESSAGE][PASSED] - Object: 'Object Repository/Web - Register/Page_Buat akun dan dapatkan akses di Coding.ID/input_Konfirmasi checkbox terms_and_condition' is clicked on

2023-08-13 17:54:13 - [TEST_STEP][PASSED] - click(findTestObject("Web - Register/Page_Buat akun dan dapatkan akses di Coding.ID/button_Daftar")): Object: 'Object Repository/Web - Register/Page_Buat akun dan dapatkan akses di Coding.ID/button_Daftar' is clicked on

2023-08-13 17:54:15 - [MESSAGE][PASSED] - Object: 'Object Repository/Web - Register/Page_Buat akun dan dapatkan akses di Coding.ID/button_Daftar' is clicked on

2023-08-13 17:54:15 - [TEST_STEP][PASSED] - delay(5): Delayed 5 second(s)

2023-08-13 17:54:20 - [MESSAGE][PASSED] - Delayed 5 second(s)

2023-08-13 17:54:20 - [TEST_STEP][PASSED] - closeBrowser(): Browser is closed

2023-08-13 17:54:21 - [MESSAGE][PASSED] - Browser is closed]]></system-out>
         <system-err><![CDATA[]]></system-err>
      </testcase>
      <testcase name="Test Cases/Website/SW-Register/SW-REG08" time="17.479" classname="Test Cases/Website/SW-Register/SW-REG08" status="PASSED">
         <system-out><![CDATA[2023-08-13 17:54:21 - [TEST_CASE][PASSED] - Test Cases/Website/SW-Register/SW-REG08: Test Cases/Website/SW-Register/SW-REG08

2023-08-13 17:54:21 - [TEST_STEP][PASSED] - openBrowser(""): Browser is opened with url: ''

2023-08-13 17:54:21 - [MESSAGE][INFO] - Starting 'Chrome' driver

2023-08-13 17:54:21 - [MESSAGE][INFO] - Action delay is set to 0 milliseconds

2023-08-13 17:54:23 - [MESSAGE][PASSED] - Browser is opened with url: ''

2023-08-13 17:54:23 - [TEST_STEP][PASSED] - maximizeWindow(): Current window maximized

2023-08-13 17:54:23 - [MESSAGE][PASSED] - Current window maximized

2023-08-13 17:54:23 - [TEST_STEP][PASSED] - navigateToUrl("https://demo-app.online/"): Navigate to 'https://demo-app.online/' successfully

2023-08-13 17:54:25 - [MESSAGE][PASSED] - Navigate to 'https://demo-app.online/' successfully

2023-08-13 17:54:25 - [TEST_STEP][PASSED] - click(findTestObject("Web - Register/Page_Buat akun dan dapatkan akses di Coding.ID/button_Buat Akun")): Object: 'Object Repository/Web - Register/Page_Buat akun dan dapatkan akses di Coding.ID/button_Buat Akun' is clicked on

2023-08-13 17:54:26 - [MESSAGE][PASSED] - Object: 'Object Repository/Web - Register/Page_Buat akun dan dapatkan akses di Coding.ID/button_Buat Akun' is clicked on

2023-08-13 17:54:26 - [TEST_STEP][PASSED] - setText(findTestObject("Web - Register/Page_Buat akun dan dapatkan akses di Coding.ID/input_Nama_name"), "iqbal21519"): Text 'iqbal21519' is set on object 'Object Repository/Web - Register/Page_Buat akun dan dapatkan akses di Coding.ID/input_Nama_name'

2023-08-13 17:54:27 - [MESSAGE][PASSED] - Text 'iqbal21519' is set on object 'Object Repository/Web - Register/Page_Buat akun dan dapatkan akses di Coding.ID/input_Nama_name'

2023-08-13 17:54:27 - [TEST_STEP][PASSED] - setText(findTestObject("Web - Register/Page_Buat akun dan dapatkan akses di Coding.ID/input_Tanggal lahir_birth_date"), tgl_lhir): Text '11-08-2000' is set on object 'Object Repository/Web - Register/Page_Buat akun dan dapatkan akses di Coding.ID/input_Tanggal lahir_birth_date'

2023-08-13 17:54:27 - [MESSAGE][PASSED] - Text '11-08-2000' is set on object 'Object Repository/Web - Register/Page_Buat akun dan dapatkan akses di Coding.ID/input_Tanggal lahir_birth_date'

2023-08-13 17:54:27 - [TEST_STEP][PASSED] - setText(findTestObject("Web - Register/Page_Buat akun dan dapatkan akses di Coding.ID/input_E-Mail_email"), "epf7h6t21r@icznn.com"): Text 'epf7h6t21r@icznn.com' is set on object 'Object Repository/Web - Register/Page_Buat akun dan dapatkan akses di Coding.ID/input_E-Mail_email'

2023-08-13 17:54:28 - [MESSAGE][PASSED] - Text 'epf7h6t21r@icznn.com' is set on object 'Object Repository/Web - Register/Page_Buat akun dan dapatkan akses di Coding.ID/input_E-Mail_email'

2023-08-13 17:54:28 - [TEST_STEP][PASSED] - setText(findTestObject("Web - Register/Page_Buat akun dan dapatkan akses di Coding.ID/input_Whatsapp_whatsapp"), "081381629152"): Text '081381629152' is set on object 'Object Repository/Web - Register/Page_Buat akun dan dapatkan akses di Coding.ID/input_Whatsapp_whatsapp'

2023-08-13 17:54:29 - [MESSAGE][PASSED] - Text '081381629152' is set on object 'Object Repository/Web - Register/Page_Buat akun dan dapatkan akses di Coding.ID/input_Whatsapp_whatsapp'

2023-08-13 17:54:29 - [TEST_STEP][PASSED] - setText(findTestObject("Web - Register/Page_Buat akun dan dapatkan akses di Coding.ID/input_Kata Sandi_password"), iqbal_pass): Text 'password123' is set on object 'Object Repository/Web - Register/Page_Buat akun dan dapatkan akses di Coding.ID/input_Kata Sandi_password'

2023-08-13 17:54:30 - [MESSAGE][PASSED] - Text 'password123' is set on object 'Object Repository/Web - Register/Page_Buat akun dan dapatkan akses di Coding.ID/input_Kata Sandi_password'

2023-08-13 17:54:30 - [TEST_STEP][PASSED] - setText(findTestObject("Web - Register/Page_Buat akun dan dapatkan akses di Coding.ID/input_Konfirmasi kata sandi_password_confirmation"), iqbal_pass): Text 'password123' is set on object 'Object Repository/Web - Register/Page_Buat akun dan dapatkan akses di Coding.ID/input_Konfirmasi kata sandi_password_confirmation'

2023-08-13 17:54:30 - [MESSAGE][PASSED] - Text 'password123' is set on object 'Object Repository/Web - Register/Page_Buat akun dan dapatkan akses di Coding.ID/input_Konfirmasi kata sandi_password_confirmation'

2023-08-13 17:54:30 - [TEST_STEP][PASSED] - click(findTestObject("Web - Register/Page_Buat akun dan dapatkan akses di Coding.ID/input_Konfirmasi checkbox terms_and_condition")): Object: 'Object Repository/Web - Register/Page_Buat akun dan dapatkan akses di Coding.ID/input_Konfirmasi checkbox terms_and_condition' is clicked on

2023-08-13 17:54:31 - [MESSAGE][PASSED] - Object: 'Object Repository/Web - Register/Page_Buat akun dan dapatkan akses di Coding.ID/input_Konfirmasi checkbox terms_and_condition' is clicked on

2023-08-13 17:54:31 - [TEST_STEP][PASSED] - click(findTestObject("Web - Register/Page_Buat akun dan dapatkan akses di Coding.ID/button_Daftar")): Object: 'Object Repository/Web - Register/Page_Buat akun dan dapatkan akses di Coding.ID/button_Daftar' is clicked on

2023-08-13 17:54:33 - [MESSAGE][PASSED] - Object: 'Object Repository/Web - Register/Page_Buat akun dan dapatkan akses di Coding.ID/button_Daftar' is clicked on

2023-08-13 17:54:33 - [TEST_STEP][PASSED] - delay(5): Delayed 5 second(s)

2023-08-13 17:54:38 - [MESSAGE][PASSED] - Delayed 5 second(s)

2023-08-13 17:54:38 - [TEST_STEP][PASSED] - closeBrowser(): Browser is closed

2023-08-13 17:54:39 - [MESSAGE][PASSED] - Browser is closed]]></system-out>
         <system-err><![CDATA[]]></system-err>
      </testcase>
      <testcase name="Test Cases/Website/SW-Register/SW-REG09" time="18.373" classname="Test Cases/Website/SW-Register/SW-REG09" status="PASSED">
         <system-out><![CDATA[2023-08-13 17:54:39 - [TEST_CASE][PASSED] - Test Cases/Website/SW-Register/SW-REG09: Test Cases/Website/SW-Register/SW-REG09

2023-08-13 17:54:39 - [TEST_STEP][PASSED] - openBrowser(""): Browser is opened with url: ''

2023-08-13 17:54:39 - [MESSAGE][INFO] - Starting 'Chrome' driver

2023-08-13 17:54:39 - [MESSAGE][INFO] - Action delay is set to 0 milliseconds

2023-08-13 17:54:40 - [MESSAGE][PASSED] - Browser is opened with url: ''

2023-08-13 17:54:40 - [TEST_STEP][PASSED] - maximizeWindow(): Current window maximized

2023-08-13 17:54:40 - [MESSAGE][PASSED] - Current window maximized

2023-08-13 17:54:40 - [TEST_STEP][PASSED] - navigateToUrl("https://demo-app.online/"): Navigate to 'https://demo-app.online/' successfully

2023-08-13 17:54:42 - [MESSAGE][PASSED] - Navigate to 'https://demo-app.online/' successfully

2023-08-13 17:54:42 - [TEST_STEP][PASSED] - click(findTestObject("Web - Register/Page_Buat akun dan dapatkan akses di Coding.ID/button_Buat Akun")): Object: 'Object Repository/Web - Register/Page_Buat akun dan dapatkan akses di Coding.ID/button_Buat Akun' is clicked on

2023-08-13 17:54:44 - [MESSAGE][PASSED] - Object: 'Object Repository/Web - Register/Page_Buat akun dan dapatkan akses di Coding.ID/button_Buat Akun' is clicked on

2023-08-13 17:54:44 - [TEST_STEP][PASSED] - setText(findTestObject("Web - Register/Page_Buat akun dan dapatkan akses di Coding.ID/input_Nama_name"), "081381629152"): Text '081381629152' is set on object 'Object Repository/Web - Register/Page_Buat akun dan dapatkan akses di Coding.ID/input_Nama_name'

2023-08-13 17:54:45 - [MESSAGE][PASSED] - Text '081381629152' is set on object 'Object Repository/Web - Register/Page_Buat akun dan dapatkan akses di Coding.ID/input_Nama_name'

2023-08-13 17:54:45 - [TEST_STEP][PASSED] - setText(findTestObject("Web - Register/Page_Buat akun dan dapatkan akses di Coding.ID/input_Tanggal lahir_birth_date"), tgl_lhir): Text '11-08-2000' is set on object 'Object Repository/Web - Register/Page_Buat akun dan dapatkan akses di Coding.ID/input_Tanggal lahir_birth_date'

2023-08-13 17:54:46 - [MESSAGE][PASSED] - Text '11-08-2000' is set on object 'Object Repository/Web - Register/Page_Buat akun dan dapatkan akses di Coding.ID/input_Tanggal lahir_birth_date'

2023-08-13 17:54:46 - [TEST_STEP][PASSED] - setText(findTestObject("Web - Register/Page_Buat akun dan dapatkan akses di Coding.ID/input_E-Mail_email"), "2snz8vkdwpzu@wuuvo.com"): Text '2snz8vkdwpzu@wuuvo.com' is set on object 'Object Repository/Web - Register/Page_Buat akun dan dapatkan akses di Coding.ID/input_E-Mail_email'

2023-08-13 17:54:47 - [MESSAGE][PASSED] - Text '2snz8vkdwpzu@wuuvo.com' is set on object 'Object Repository/Web - Register/Page_Buat akun dan dapatkan akses di Coding.ID/input_E-Mail_email'

2023-08-13 17:54:47 - [TEST_STEP][PASSED] - setText(findTestObject("Web - Register/Page_Buat akun dan dapatkan akses di Coding.ID/input_Whatsapp_whatsapp"), "081381629152"): Text '081381629152' is set on object 'Object Repository/Web - Register/Page_Buat akun dan dapatkan akses di Coding.ID/input_Whatsapp_whatsapp'

2023-08-13 17:54:47 - [MESSAGE][PASSED] - Text '081381629152' is set on object 'Object Repository/Web - Register/Page_Buat akun dan dapatkan akses di Coding.ID/input_Whatsapp_whatsapp'

2023-08-13 17:54:47 - [TEST_STEP][PASSED] - setText(findTestObject("Web - Register/Page_Buat akun dan dapatkan akses di Coding.ID/input_Kata Sandi_password"), iqbal_pass): Text 'password123' is set on object 'Object Repository/Web - Register/Page_Buat akun dan dapatkan akses di Coding.ID/input_Kata Sandi_password'

2023-08-13 17:54:48 - [MESSAGE][PASSED] - Text 'password123' is set on object 'Object Repository/Web - Register/Page_Buat akun dan dapatkan akses di Coding.ID/input_Kata Sandi_password'

2023-08-13 17:54:48 - [TEST_STEP][PASSED] - setText(findTestObject("Web - Register/Page_Buat akun dan dapatkan akses di Coding.ID/input_Konfirmasi kata sandi_password_confirmation"), iqbal_pass): Text 'password123' is set on object 'Object Repository/Web - Register/Page_Buat akun dan dapatkan akses di Coding.ID/input_Konfirmasi kata sandi_password_confirmation'

2023-08-13 17:54:49 - [MESSAGE][PASSED] - Text 'password123' is set on object 'Object Repository/Web - Register/Page_Buat akun dan dapatkan akses di Coding.ID/input_Konfirmasi kata sandi_password_confirmation'

2023-08-13 17:54:49 - [TEST_STEP][PASSED] - click(findTestObject("Web - Register/Page_Buat akun dan dapatkan akses di Coding.ID/input_Konfirmasi checkbox terms_and_condition")): Object: 'Object Repository/Web - Register/Page_Buat akun dan dapatkan akses di Coding.ID/input_Konfirmasi checkbox terms_and_condition' is clicked on

2023-08-13 17:54:49 - [MESSAGE][PASSED] - Object: 'Object Repository/Web - Register/Page_Buat akun dan dapatkan akses di Coding.ID/input_Konfirmasi checkbox terms_and_condition' is clicked on

2023-08-13 17:54:49 - [TEST_STEP][PASSED] - click(findTestObject("Web - Register/Page_Buat akun dan dapatkan akses di Coding.ID/button_Daftar")): Object: 'Object Repository/Web - Register/Page_Buat akun dan dapatkan akses di Coding.ID/button_Daftar' is clicked on

2023-08-13 17:54:51 - [MESSAGE][PASSED] - Object: 'Object Repository/Web - Register/Page_Buat akun dan dapatkan akses di Coding.ID/button_Daftar' is clicked on

2023-08-13 17:54:51 - [TEST_STEP][PASSED] - delay(5): Delayed 5 second(s)

2023-08-13 17:54:56 - [MESSAGE][PASSED] - Delayed 5 second(s)

2023-08-13 17:54:56 - [TEST_STEP][PASSED] - closeBrowser(): Browser is closed

2023-08-13 17:54:57 - [MESSAGE][PASSED] - Browser is closed]]></system-out>
         <system-err><![CDATA[]]></system-err>
      </testcase>
      <testcase name="Test Cases/Website/SW-Register/SW-REG10" time="19.512" classname="Test Cases/Website/SW-Register/SW-REG10" status="PASSED">
         <system-out><![CDATA[2023-08-13 17:54:57 - [TEST_CASE][PASSED] - Test Cases/Website/SW-Register/SW-REG10: Test Cases/Website/SW-Register/SW-REG10

2023-08-13 17:54:57 - [TEST_STEP][PASSED] - openBrowser(""): Browser is opened with url: ''

2023-08-13 17:54:57 - [MESSAGE][INFO] - Starting 'Chrome' driver

2023-08-13 17:54:57 - [MESSAGE][INFO] - Action delay is set to 0 milliseconds

2023-08-13 17:54:59 - [MESSAGE][PASSED] - Browser is opened with url: ''

2023-08-13 17:54:59 - [TEST_STEP][PASSED] - maximizeWindow(): Current window maximized

2023-08-13 17:54:59 - [MESSAGE][PASSED] - Current window maximized

2023-08-13 17:54:59 - [TEST_STEP][PASSED] - navigateToUrl("https://demo-app.online/"): Navigate to 'https://demo-app.online/' successfully

2023-08-13 17:55:01 - [MESSAGE][PASSED] - Navigate to 'https://demo-app.online/' successfully

2023-08-13 17:55:01 - [TEST_STEP][PASSED] - click(findTestObject("Web - Register/Page_Buat akun dan dapatkan akses di Coding.ID/button_Buat Akun")): Object: 'Object Repository/Web - Register/Page_Buat akun dan dapatkan akses di Coding.ID/button_Buat Akun' is clicked on

2023-08-13 17:55:03 - [MESSAGE][PASSED] - Object: 'Object Repository/Web - Register/Page_Buat akun dan dapatkan akses di Coding.ID/button_Buat Akun' is clicked on

2023-08-13 17:55:03 - [TEST_STEP][PASSED] - setText(findTestObject("Web - Register/Page_Buat akun dan dapatkan akses di Coding.ID/input_Nama_name"), "iqbal@@@#!#$%"): Text 'iqbal@@@#!#$%' is set on object 'Object Repository/Web - Register/Page_Buat akun dan dapatkan akses di Coding.ID/input_Nama_name'

2023-08-13 17:55:04 - [MESSAGE][PASSED] - Text 'iqbal@@@#!#$%' is set on object 'Object Repository/Web - Register/Page_Buat akun dan dapatkan akses di Coding.ID/input_Nama_name'

2023-08-13 17:55:04 - [TEST_STEP][PASSED] - setText(findTestObject("Web - Register/Page_Buat akun dan dapatkan akses di Coding.ID/input_Tanggal lahir_birth_date"), tgl_lhir): Text '11-08-2000' is set on object 'Object Repository/Web - Register/Page_Buat akun dan dapatkan akses di Coding.ID/input_Tanggal lahir_birth_date'

2023-08-13 17:55:05 - [MESSAGE][PASSED] - Text '11-08-2000' is set on object 'Object Repository/Web - Register/Page_Buat akun dan dapatkan akses di Coding.ID/input_Tanggal lahir_birth_date'

2023-08-13 17:55:05 - [TEST_STEP][PASSED] - setText(findTestObject("Web - Register/Page_Buat akun dan dapatkan akses di Coding.ID/input_E-Mail_email"), "2snz8vkdwpzu@wuuvo.com"): Text '2snz8vkdwpzu@wuuvo.com' is set on object 'Object Repository/Web - Register/Page_Buat akun dan dapatkan akses di Coding.ID/input_E-Mail_email'

2023-08-13 17:55:06 - [MESSAGE][PASSED] - Text '2snz8vkdwpzu@wuuvo.com' is set on object 'Object Repository/Web - Register/Page_Buat akun dan dapatkan akses di Coding.ID/input_E-Mail_email'

2023-08-13 17:55:06 - [TEST_STEP][PASSED] - setText(findTestObject("Web - Register/Page_Buat akun dan dapatkan akses di Coding.ID/input_Whatsapp_whatsapp"), "081381629152"): Text '081381629152' is set on object 'Object Repository/Web - Register/Page_Buat akun dan dapatkan akses di Coding.ID/input_Whatsapp_whatsapp'

2023-08-13 17:55:07 - [MESSAGE][PASSED] - Text '081381629152' is set on object 'Object Repository/Web - Register/Page_Buat akun dan dapatkan akses di Coding.ID/input_Whatsapp_whatsapp'

2023-08-13 17:55:07 - [TEST_STEP][PASSED] - setText(findTestObject("Web - Register/Page_Buat akun dan dapatkan akses di Coding.ID/input_Kata Sandi_password"), iqbal_pass): Text 'password123' is set on object 'Object Repository/Web - Register/Page_Buat akun dan dapatkan akses di Coding.ID/input_Kata Sandi_password'

2023-08-13 17:55:07 - [MESSAGE][PASSED] - Text 'password123' is set on object 'Object Repository/Web - Register/Page_Buat akun dan dapatkan akses di Coding.ID/input_Kata Sandi_password'

2023-08-13 17:55:07 - [TEST_STEP][PASSED] - setText(findTestObject("Web - Register/Page_Buat akun dan dapatkan akses di Coding.ID/input_Konfirmasi kata sandi_password_confirmation"), iqbal_pass): Text 'password123' is set on object 'Object Repository/Web - Register/Page_Buat akun dan dapatkan akses di Coding.ID/input_Konfirmasi kata sandi_password_confirmation'

2023-08-13 17:55:09 - [MESSAGE][PASSED] - Text 'password123' is set on object 'Object Repository/Web - Register/Page_Buat akun dan dapatkan akses di Coding.ID/input_Konfirmasi kata sandi_password_confirmation'

2023-08-13 17:55:09 - [TEST_STEP][PASSED] - click(findTestObject("Web - Register/Page_Buat akun dan dapatkan akses di Coding.ID/input_Konfirmasi checkbox terms_and_condition")): Object: 'Object Repository/Web - Register/Page_Buat akun dan dapatkan akses di Coding.ID/input_Konfirmasi checkbox terms_and_condition' is clicked on

2023-08-13 17:55:09 - [MESSAGE][PASSED] - Object: 'Object Repository/Web - Register/Page_Buat akun dan dapatkan akses di Coding.ID/input_Konfirmasi checkbox terms_and_condition' is clicked on

2023-08-13 17:55:09 - [TEST_STEP][PASSED] - click(findTestObject("Web - Register/Page_Buat akun dan dapatkan akses di Coding.ID/button_Daftar")): Object: 'Object Repository/Web - Register/Page_Buat akun dan dapatkan akses di Coding.ID/button_Daftar' is clicked on

2023-08-13 17:55:11 - [MESSAGE][PASSED] - Object: 'Object Repository/Web - Register/Page_Buat akun dan dapatkan akses di Coding.ID/button_Daftar' is clicked on

2023-08-13 17:55:11 - [TEST_STEP][PASSED] - delay(5): Delayed 5 second(s)

2023-08-13 17:55:16 - [MESSAGE][PASSED] - Delayed 5 second(s)

2023-08-13 17:55:16 - [TEST_STEP][PASSED] - closeBrowser(): Browser is closed

2023-08-13 17:55:17 - [MESSAGE][PASSED] - Browser is closed]]></system-out>
         <system-err><![CDATA[]]></system-err>
      </testcase>
      <testcase name="Test Cases/Website/SW-Register/SW-REG16" time="17.288" classname="Test Cases/Website/SW-Register/SW-REG16" status="PASSED">
         <system-out><![CDATA[2023-08-13 17:55:17 - [TEST_CASE][PASSED] - Test Cases/Website/SW-Register/SW-REG16: Test Cases/Website/SW-Register/SW-REG16

2023-08-13 17:55:17 - [TEST_STEP][PASSED] - openBrowser(""): Browser is opened with url: ''

2023-08-13 17:55:17 - [MESSAGE][INFO] - Starting 'Chrome' driver

2023-08-13 17:55:17 - [MESSAGE][INFO] - Action delay is set to 0 milliseconds

2023-08-13 17:55:18 - [MESSAGE][PASSED] - Browser is opened with url: ''

2023-08-13 17:55:18 - [TEST_STEP][PASSED] - maximizeWindow(): Current window maximized

2023-08-13 17:55:18 - [MESSAGE][PASSED] - Current window maximized

2023-08-13 17:55:18 - [TEST_STEP][PASSED] - navigateToUrl("https://demo-app.online/"): Navigate to 'https://demo-app.online/' successfully

2023-08-13 17:55:20 - [MESSAGE][PASSED] - Navigate to 'https://demo-app.online/' successfully

2023-08-13 17:55:20 - [TEST_STEP][PASSED] - click(findTestObject("Web - Register/Page_Buat akun dan dapatkan akses di Coding.ID/button_Buat Akun")): Object: 'Object Repository/Web - Register/Page_Buat akun dan dapatkan akses di Coding.ID/button_Buat Akun' is clicked on

2023-08-13 17:55:21 - [MESSAGE][PASSED] - Object: 'Object Repository/Web - Register/Page_Buat akun dan dapatkan akses di Coding.ID/button_Buat Akun' is clicked on

2023-08-13 17:55:21 - [TEST_STEP][PASSED] - setText(findTestObject("Web - Register/Page_Buat akun dan dapatkan akses di Coding.ID/input_Nama_name"), nama_iqbal): Text 'iqbal' is set on object 'Object Repository/Web - Register/Page_Buat akun dan dapatkan akses di Coding.ID/input_Nama_name'

2023-08-13 17:55:22 - [MESSAGE][PASSED] - Text 'iqbal' is set on object 'Object Repository/Web - Register/Page_Buat akun dan dapatkan akses di Coding.ID/input_Nama_name'

2023-08-13 17:55:22 - [TEST_STEP][PASSED] - setText(findTestObject("Web - Register/Page_Buat akun dan dapatkan akses di Coding.ID/input_Tanggal lahir_birth_date"), tgl_lhir): Text '11-08-2000' is set on object 'Object Repository/Web - Register/Page_Buat akun dan dapatkan akses di Coding.ID/input_Tanggal lahir_birth_date'

2023-08-13 17:55:23 - [MESSAGE][PASSED] - Text '11-08-2000' is set on object 'Object Repository/Web - Register/Page_Buat akun dan dapatkan akses di Coding.ID/input_Tanggal lahir_birth_date'

2023-08-13 17:55:23 - [TEST_STEP][PASSED] - setText(findTestObject("Web - Register/Page_Buat akun dan dapatkan akses di Coding.ID/input_E-Mail_email"), "iqbalm213@gmail.com"): Text 'iqbalm213@gmail.com' is set on object 'Object Repository/Web - Register/Page_Buat akun dan dapatkan akses di Coding.ID/input_E-Mail_email'

2023-08-13 17:55:24 - [MESSAGE][PASSED] - Text 'iqbalm213@gmail.com' is set on object 'Object Repository/Web - Register/Page_Buat akun dan dapatkan akses di Coding.ID/input_E-Mail_email'

2023-08-13 17:55:24 - [TEST_STEP][PASSED] - setText(findTestObject("Web - Register/Page_Buat akun dan dapatkan akses di Coding.ID/input_Whatsapp_whatsapp"), "021752157766"): Text '021752157766' is set on object 'Object Repository/Web - Register/Page_Buat akun dan dapatkan akses di Coding.ID/input_Whatsapp_whatsapp'

2023-08-13 17:55:24 - [MESSAGE][PASSED] - Text '021752157766' is set on object 'Object Repository/Web - Register/Page_Buat akun dan dapatkan akses di Coding.ID/input_Whatsapp_whatsapp'

2023-08-13 17:55:24 - [TEST_STEP][PASSED] - setText(findTestObject("Web - Register/Page_Buat akun dan dapatkan akses di Coding.ID/input_Kata Sandi_password"), iqbal_pass): Text 'password123' is set on object 'Object Repository/Web - Register/Page_Buat akun dan dapatkan akses di Coding.ID/input_Kata Sandi_password'

2023-08-13 17:55:25 - [MESSAGE][PASSED] - Text 'password123' is set on object 'Object Repository/Web - Register/Page_Buat akun dan dapatkan akses di Coding.ID/input_Kata Sandi_password'

2023-08-13 17:55:25 - [TEST_STEP][PASSED] - setText(findTestObject("Web - Register/Page_Buat akun dan dapatkan akses di Coding.ID/input_Konfirmasi kata sandi_password_confirmation"), iqbal_pass): Text 'password123' is set on object 'Object Repository/Web - Register/Page_Buat akun dan dapatkan akses di Coding.ID/input_Konfirmasi kata sandi_password_confirmation'

2023-08-13 17:55:26 - [MESSAGE][PASSED] - Text 'password123' is set on object 'Object Repository/Web - Register/Page_Buat akun dan dapatkan akses di Coding.ID/input_Konfirmasi kata sandi_password_confirmation'

2023-08-13 17:55:26 - [TEST_STEP][PASSED] - click(findTestObject("Web - Register/Page_Buat akun dan dapatkan akses di Coding.ID/input_Konfirmasi checkbox terms_and_condition")): Object: 'Object Repository/Web - Register/Page_Buat akun dan dapatkan akses di Coding.ID/input_Konfirmasi checkbox terms_and_condition' is clicked on

2023-08-13 17:55:27 - [MESSAGE][PASSED] - Object: 'Object Repository/Web - Register/Page_Buat akun dan dapatkan akses di Coding.ID/input_Konfirmasi checkbox terms_and_condition' is clicked on

2023-08-13 17:55:27 - [TEST_STEP][PASSED] - click(findTestObject("Web - Register/Page_Buat akun dan dapatkan akses di Coding.ID/button_Daftar")): Object: 'Object Repository/Web - Register/Page_Buat akun dan dapatkan akses di Coding.ID/button_Daftar' is clicked on

2023-08-13 17:55:27 - [MESSAGE][PASSED] - Object: 'Object Repository/Web - Register/Page_Buat akun dan dapatkan akses di Coding.ID/button_Daftar' is clicked on

2023-08-13 17:55:27 - [TEST_STEP][PASSED] - takeScreenshot(): Taking screenshot successfully

2023-08-13 17:55:28 - [MESSAGE][PASSED] - Taking screenshot successfully
[[ATTACHMENT|C:\\Users\\Dermawan\\git\\tim2_katalonfinalproject11\\Reports\\20230813_175212\\Platform Website\\SW-Register\\20230813_175212\\1691924128500.png]]

2023-08-13 17:55:28 - [TEST_STEP][PASSED] - delay(5): Delayed 5 second(s)

2023-08-13 17:55:33 - [MESSAGE][PASSED] - Delayed 5 second(s)

2023-08-13 17:55:33 - [TEST_STEP][PASSED] - closeBrowser(): Browser is closed

2023-08-13 17:55:34 - [MESSAGE][PASSED] - Browser is closed]]></system-out>
         <system-err><![CDATA[]]></system-err>
      </testcase>
      <testcase name="Test Cases/Website/SW-Register/SW-REG17" time="16.395" classname="Test Cases/Website/SW-Register/SW-REG17" status="PASSED">
         <system-out><![CDATA[2023-08-13 17:55:34 - [TEST_CASE][PASSED] - Test Cases/Website/SW-Register/SW-REG17: Test Cases/Website/SW-Register/SW-REG17

2023-08-13 17:55:34 - [TEST_STEP][PASSED] - openBrowser(""): Browser is opened with url: ''

2023-08-13 17:55:34 - [MESSAGE][INFO] - Starting 'Chrome' driver

2023-08-13 17:55:34 - [MESSAGE][INFO] - Action delay is set to 0 milliseconds

2023-08-13 17:55:35 - [MESSAGE][PASSED] - Browser is opened with url: ''

2023-08-13 17:55:35 - [TEST_STEP][PASSED] - maximizeWindow(): Current window maximized

2023-08-13 17:55:35 - [MESSAGE][PASSED] - Current window maximized

2023-08-13 17:55:35 - [TEST_STEP][PASSED] - navigateToUrl("https://demo-app.online/"): Navigate to 'https://demo-app.online/' successfully

2023-08-13 17:55:37 - [MESSAGE][PASSED] - Navigate to 'https://demo-app.online/' successfully

2023-08-13 17:55:37 - [TEST_STEP][PASSED] - click(findTestObject("Web - Register/Page_Buat akun dan dapatkan akses di Coding.ID/button_Buat Akun")): Object: 'Object Repository/Web - Register/Page_Buat akun dan dapatkan akses di Coding.ID/button_Buat Akun' is clicked on

2023-08-13 17:55:38 - [MESSAGE][PASSED] - Object: 'Object Repository/Web - Register/Page_Buat akun dan dapatkan akses di Coding.ID/button_Buat Akun' is clicked on

2023-08-13 17:55:38 - [TEST_STEP][PASSED] - setText(findTestObject("Web - Register/Page_Buat akun dan dapatkan akses di Coding.ID/input_Nama_name"), nama_iqbal): Text 'iqbal' is set on object 'Object Repository/Web - Register/Page_Buat akun dan dapatkan akses di Coding.ID/input_Nama_name'

2023-08-13 17:55:39 - [MESSAGE][PASSED] - Text 'iqbal' is set on object 'Object Repository/Web - Register/Page_Buat akun dan dapatkan akses di Coding.ID/input_Nama_name'

2023-08-13 17:55:39 - [TEST_STEP][PASSED] - setText(findTestObject("Web - Register/Page_Buat akun dan dapatkan akses di Coding.ID/input_Tanggal lahir_birth_date"), tgl_lhir): Text '11-08-2000' is set on object 'Object Repository/Web - Register/Page_Buat akun dan dapatkan akses di Coding.ID/input_Tanggal lahir_birth_date'

2023-08-13 17:55:40 - [MESSAGE][PASSED] - Text '11-08-2000' is set on object 'Object Repository/Web - Register/Page_Buat akun dan dapatkan akses di Coding.ID/input_Tanggal lahir_birth_date'

2023-08-13 17:55:40 - [TEST_STEP][PASSED] - setText(findTestObject("Web - Register/Page_Buat akun dan dapatkan akses di Coding.ID/input_E-Mail_email"), "@"): Text '@' is set on object 'Object Repository/Web - Register/Page_Buat akun dan dapatkan akses di Coding.ID/input_E-Mail_email'

2023-08-13 17:55:41 - [MESSAGE][PASSED] - Text '@' is set on object 'Object Repository/Web - Register/Page_Buat akun dan dapatkan akses di Coding.ID/input_E-Mail_email'

2023-08-13 17:55:41 - [TEST_STEP][PASSED] - setText(findTestObject("Web - Register/Page_Buat akun dan dapatkan akses di Coding.ID/input_Whatsapp_whatsapp"), "021752157766"): Text '021752157766' is set on object 'Object Repository/Web - Register/Page_Buat akun dan dapatkan akses di Coding.ID/input_Whatsapp_whatsapp'

2023-08-13 17:55:42 - [MESSAGE][PASSED] - Text '021752157766' is set on object 'Object Repository/Web - Register/Page_Buat akun dan dapatkan akses di Coding.ID/input_Whatsapp_whatsapp'

2023-08-13 17:55:42 - [TEST_STEP][PASSED] - setText(findTestObject("Web - Register/Page_Buat akun dan dapatkan akses di Coding.ID/input_Kata Sandi_password"), iqbal_pass): Text 'password123' is set on object 'Object Repository/Web - Register/Page_Buat akun dan dapatkan akses di Coding.ID/input_Kata Sandi_password'

2023-08-13 17:55:42 - [MESSAGE][PASSED] - Text 'password123' is set on object 'Object Repository/Web - Register/Page_Buat akun dan dapatkan akses di Coding.ID/input_Kata Sandi_password'

2023-08-13 17:55:42 - [TEST_STEP][PASSED] - setText(findTestObject("Web - Register/Page_Buat akun dan dapatkan akses di Coding.ID/input_Konfirmasi kata sandi_password_confirmation"), iqbal_pass): Text 'password123' is set on object 'Object Repository/Web - Register/Page_Buat akun dan dapatkan akses di Coding.ID/input_Konfirmasi kata sandi_password_confirmation'

2023-08-13 17:55:43 - [MESSAGE][PASSED] - Text 'password123' is set on object 'Object Repository/Web - Register/Page_Buat akun dan dapatkan akses di Coding.ID/input_Konfirmasi kata sandi_password_confirmation'

2023-08-13 17:55:43 - [TEST_STEP][PASSED] - click(findTestObject("Web - Register/Page_Buat akun dan dapatkan akses di Coding.ID/input_Konfirmasi checkbox terms_and_condition")): Object: 'Object Repository/Web - Register/Page_Buat akun dan dapatkan akses di Coding.ID/input_Konfirmasi checkbox terms_and_condition' is clicked on

2023-08-13 17:55:44 - [MESSAGE][PASSED] - Object: 'Object Repository/Web - Register/Page_Buat akun dan dapatkan akses di Coding.ID/input_Konfirmasi checkbox terms_and_condition' is clicked on

2023-08-13 17:55:44 - [TEST_STEP][PASSED] - click(findTestObject("Web - Register/Page_Buat akun dan dapatkan akses di Coding.ID/button_Daftar")): Object: 'Object Repository/Web - Register/Page_Buat akun dan dapatkan akses di Coding.ID/button_Daftar' is clicked on

2023-08-13 17:55:44 - [MESSAGE][PASSED] - Object: 'Object Repository/Web - Register/Page_Buat akun dan dapatkan akses di Coding.ID/button_Daftar' is clicked on

2023-08-13 17:55:44 - [TEST_STEP][PASSED] - takeScreenshot(): Taking screenshot successfully

2023-08-13 17:55:45 - [MESSAGE][PASSED] - Taking screenshot successfully
[[ATTACHMENT|C:\\Users\\Dermawan\\git\\tim2_katalonfinalproject11\\Reports\\20230813_175212\\Platform Website\\SW-Register\\20230813_175212\\1691924144815.png]]

2023-08-13 17:55:45 - [TEST_STEP][PASSED] - delay(5): Delayed 5 second(s)

2023-08-13 17:55:50 - [MESSAGE][PASSED] - Delayed 5 second(s)

2023-08-13 17:55:50 - [TEST_STEP][PASSED] - closeBrowser(): Browser is closed

2023-08-13 17:55:50 - [MESSAGE][PASSED] - Browser is closed]]></system-out>
         <system-err><![CDATA[]]></system-err>
      </testcase>
      <testcase name="Test Cases/Website/SW-Register/SW-REG18" time="17.23" classname="Test Cases/Website/SW-Register/SW-REG18" status="PASSED">
         <system-out><![CDATA[2023-08-13 17:55:50 - [TEST_CASE][PASSED] - Test Cases/Website/SW-Register/SW-REG18: Test Cases/Website/SW-Register/SW-REG18

2023-08-13 17:55:51 - [TEST_STEP][PASSED] - openBrowser(""): Browser is opened with url: ''

2023-08-13 17:55:51 - [MESSAGE][INFO] - Starting 'Chrome' driver

2023-08-13 17:55:51 - [MESSAGE][INFO] - Action delay is set to 0 milliseconds

2023-08-13 17:55:52 - [MESSAGE][PASSED] - Browser is opened with url: ''

2023-08-13 17:55:52 - [TEST_STEP][PASSED] - maximizeWindow(): Current window maximized

2023-08-13 17:55:52 - [MESSAGE][PASSED] - Current window maximized

2023-08-13 17:55:52 - [TEST_STEP][PASSED] - navigateToUrl("https://demo-app.online/"): Navigate to 'https://demo-app.online/' successfully

2023-08-13 17:55:54 - [MESSAGE][PASSED] - Navigate to 'https://demo-app.online/' successfully

2023-08-13 17:55:54 - [TEST_STEP][PASSED] - click(findTestObject("Web - Register/Page_Buat akun dan dapatkan akses di Coding.ID/button_Buat Akun")): Object: 'Object Repository/Web - Register/Page_Buat akun dan dapatkan akses di Coding.ID/button_Buat Akun' is clicked on

2023-08-13 17:55:55 - [MESSAGE][PASSED] - Object: 'Object Repository/Web - Register/Page_Buat akun dan dapatkan akses di Coding.ID/button_Buat Akun' is clicked on

2023-08-13 17:55:55 - [TEST_STEP][PASSED] - setText(findTestObject("Web - Register/Page_Buat akun dan dapatkan akses di Coding.ID/input_Nama_name"), nama_iqbal): Text 'iqbal' is set on object 'Object Repository/Web - Register/Page_Buat akun dan dapatkan akses di Coding.ID/input_Nama_name'

2023-08-13 17:55:56 - [MESSAGE][PASSED] - Text 'iqbal' is set on object 'Object Repository/Web - Register/Page_Buat akun dan dapatkan akses di Coding.ID/input_Nama_name'

2023-08-13 17:55:56 - [TEST_STEP][PASSED] - setText(findTestObject("Web - Register/Page_Buat akun dan dapatkan akses di Coding.ID/input_Tanggal lahir_birth_date"), tgl_lhir): Text '11-08-2000' is set on object 'Object Repository/Web - Register/Page_Buat akun dan dapatkan akses di Coding.ID/input_Tanggal lahir_birth_date'

2023-08-13 17:55:57 - [MESSAGE][PASSED] - Text '11-08-2000' is set on object 'Object Repository/Web - Register/Page_Buat akun dan dapatkan akses di Coding.ID/input_Tanggal lahir_birth_date'

2023-08-13 17:55:57 - [TEST_STEP][PASSED] - setText(findTestObject("Web - Register/Page_Buat akun dan dapatkan akses di Coding.ID/input_E-Mail_email"), "@followedpart.com"): Text '@followedpart.com' is set on object 'Object Repository/Web - Register/Page_Buat akun dan dapatkan akses di Coding.ID/input_E-Mail_email'

2023-08-13 17:55:58 - [MESSAGE][PASSED] - Text '@followedpart.com' is set on object 'Object Repository/Web - Register/Page_Buat akun dan dapatkan akses di Coding.ID/input_E-Mail_email'

2023-08-13 17:55:58 - [TEST_STEP][PASSED] - setText(findTestObject("Web - Register/Page_Buat akun dan dapatkan akses di Coding.ID/input_Whatsapp_whatsapp"), "021752157766"): Text '021752157766' is set on object 'Object Repository/Web - Register/Page_Buat akun dan dapatkan akses di Coding.ID/input_Whatsapp_whatsapp'

2023-08-13 17:55:59 - [MESSAGE][PASSED] - Text '021752157766' is set on object 'Object Repository/Web - Register/Page_Buat akun dan dapatkan akses di Coding.ID/input_Whatsapp_whatsapp'

2023-08-13 17:55:59 - [TEST_STEP][PASSED] - setText(findTestObject("Web - Register/Page_Buat akun dan dapatkan akses di Coding.ID/input_Kata Sandi_password"), iqbal_pass): Text 'password123' is set on object 'Object Repository/Web - Register/Page_Buat akun dan dapatkan akses di Coding.ID/input_Kata Sandi_password'

2023-08-13 17:56:00 - [MESSAGE][PASSED] - Text 'password123' is set on object 'Object Repository/Web - Register/Page_Buat akun dan dapatkan akses di Coding.ID/input_Kata Sandi_password'

2023-08-13 17:56:00 - [TEST_STEP][PASSED] - setText(findTestObject("Web - Register/Page_Buat akun dan dapatkan akses di Coding.ID/input_Konfirmasi kata sandi_password_confirmation"), iqbal_pass): Text 'password123' is set on object 'Object Repository/Web - Register/Page_Buat akun dan dapatkan akses di Coding.ID/input_Konfirmasi kata sandi_password_confirmation'

2023-08-13 17:56:00 - [MESSAGE][PASSED] - Text 'password123' is set on object 'Object Repository/Web - Register/Page_Buat akun dan dapatkan akses di Coding.ID/input_Konfirmasi kata sandi_password_confirmation'

2023-08-13 17:56:00 - [TEST_STEP][PASSED] - click(findTestObject("Web - Register/Page_Buat akun dan dapatkan akses di Coding.ID/input_Konfirmasi checkbox terms_and_condition")): Object: 'Object Repository/Web - Register/Page_Buat akun dan dapatkan akses di Coding.ID/input_Konfirmasi checkbox terms_and_condition' is clicked on

2023-08-13 17:56:01 - [MESSAGE][PASSED] - Object: 'Object Repository/Web - Register/Page_Buat akun dan dapatkan akses di Coding.ID/input_Konfirmasi checkbox terms_and_condition' is clicked on

2023-08-13 17:56:01 - [TEST_STEP][PASSED] - click(findTestObject("Web - Register/Page_Buat akun dan dapatkan akses di Coding.ID/button_Daftar")): Object: 'Object Repository/Web - Register/Page_Buat akun dan dapatkan akses di Coding.ID/button_Daftar' is clicked on

2023-08-13 17:56:01 - [MESSAGE][PASSED] - Object: 'Object Repository/Web - Register/Page_Buat akun dan dapatkan akses di Coding.ID/button_Daftar' is clicked on

2023-08-13 17:56:01 - [TEST_STEP][PASSED] - takeScreenshot(): Taking screenshot successfully

2023-08-13 17:56:02 - [MESSAGE][PASSED] - Taking screenshot successfully
[[ATTACHMENT|C:\\Users\\Dermawan\\git\\tim2_katalonfinalproject11\\Reports\\20230813_175212\\Platform Website\\SW-Register\\20230813_175212\\1691924162088.png]]

2023-08-13 17:56:02 - [TEST_STEP][PASSED] - delay(5): Delayed 5 second(s)

2023-08-13 17:56:07 - [MESSAGE][PASSED] - Delayed 5 second(s)

2023-08-13 17:56:07 - [TEST_STEP][PASSED] - closeBrowser(): Browser is closed

2023-08-13 17:56:07 - [MESSAGE][PASSED] - Browser is closed]]></system-out>
         <system-err><![CDATA[]]></system-err>
      </testcase>
      <testcase name="Test Cases/Website/SW-Register/SW-REG19" time="17.728" classname="Test Cases/Website/SW-Register/SW-REG19" status="PASSED">
         <system-out><![CDATA[2023-08-13 17:56:08 - [TEST_CASE][PASSED] - Test Cases/Website/SW-Register/SW-REG19: Test Cases/Website/SW-Register/SW-REG19

2023-08-13 17:56:08 - [TEST_STEP][PASSED] - openBrowser(""): Browser is opened with url: ''

2023-08-13 17:56:08 - [MESSAGE][INFO] - Starting 'Chrome' driver

2023-08-13 17:56:08 - [MESSAGE][INFO] - Action delay is set to 0 milliseconds

2023-08-13 17:56:09 - [MESSAGE][PASSED] - Browser is opened with url: ''

2023-08-13 17:56:09 - [TEST_STEP][PASSED] - maximizeWindow(): Current window maximized

2023-08-13 17:56:09 - [MESSAGE][PASSED] - Current window maximized

2023-08-13 17:56:09 - [TEST_STEP][PASSED] - navigateToUrl("https://demo-app.online/"): Navigate to 'https://demo-app.online/' successfully

2023-08-13 17:56:12 - [MESSAGE][PASSED] - Navigate to 'https://demo-app.online/' successfully

2023-08-13 17:56:12 - [TEST_STEP][PASSED] - click(findTestObject("Web - Register/Page_Buat akun dan dapatkan akses di Coding.ID/button_Buat Akun")): Object: 'Object Repository/Web - Register/Page_Buat akun dan dapatkan akses di Coding.ID/button_Buat Akun' is clicked on

2023-08-13 17:56:12 - [MESSAGE][PASSED] - Object: 'Object Repository/Web - Register/Page_Buat akun dan dapatkan akses di Coding.ID/button_Buat Akun' is clicked on

2023-08-13 17:56:12 - [TEST_STEP][PASSED] - setText(findTestObject("Web - Register/Page_Buat akun dan dapatkan akses di Coding.ID/input_Nama_name"), nama_iqbal): Text 'iqbal' is set on object 'Object Repository/Web - Register/Page_Buat akun dan dapatkan akses di Coding.ID/input_Nama_name'

2023-08-13 17:56:13 - [MESSAGE][PASSED] - Text 'iqbal' is set on object 'Object Repository/Web - Register/Page_Buat akun dan dapatkan akses di Coding.ID/input_Nama_name'

2023-08-13 17:56:13 - [TEST_STEP][PASSED] - setText(findTestObject("Web - Register/Page_Buat akun dan dapatkan akses di Coding.ID/input_Tanggal lahir_birth_date"), tgl_lhir): Text '11-08-2000' is set on object 'Object Repository/Web - Register/Page_Buat akun dan dapatkan akses di Coding.ID/input_Tanggal lahir_birth_date'

2023-08-13 17:56:14 - [MESSAGE][PASSED] - Text '11-08-2000' is set on object 'Object Repository/Web - Register/Page_Buat akun dan dapatkan akses di Coding.ID/input_Tanggal lahir_birth_date'

2023-08-13 17:56:14 - [TEST_STEP][PASSED] - setText(findTestObject("Web - Register/Page_Buat akun dan dapatkan akses di Coding.ID/input_E-Mail_email"), "p8h0w4o3pd@qiott.com"): Text 'p8h0w4o3pd@qiott.com' is set on object 'Object Repository/Web - Register/Page_Buat akun dan dapatkan akses di Coding.ID/input_E-Mail_email'

2023-08-13 17:56:15 - [MESSAGE][PASSED] - Text 'p8h0w4o3pd@qiott.com' is set on object 'Object Repository/Web - Register/Page_Buat akun dan dapatkan akses di Coding.ID/input_E-Mail_email'

2023-08-13 17:56:15 - [TEST_STEP][PASSED] - setText(findTestObject("Web - Register/Page_Buat akun dan dapatkan akses di Coding.ID/input_Whatsapp_whatsapp"), "021752157766"): Text '021752157766' is set on object 'Object Repository/Web - Register/Page_Buat akun dan dapatkan akses di Coding.ID/input_Whatsapp_whatsapp'

2023-08-13 17:56:16 - [MESSAGE][PASSED] - Text '021752157766' is set on object 'Object Repository/Web - Register/Page_Buat akun dan dapatkan akses di Coding.ID/input_Whatsapp_whatsapp'

2023-08-13 17:56:16 - [TEST_STEP][PASSED] - setText(findTestObject("Web - Register/Page_Buat akun dan dapatkan akses di Coding.ID/input_Kata Sandi_password"), "@@@@@"): Text '@@@@@' is set on object 'Object Repository/Web - Register/Page_Buat akun dan dapatkan akses di Coding.ID/input_Kata Sandi_password'

2023-08-13 17:56:17 - [MESSAGE][PASSED] - Text '@@@@@' is set on object 'Object Repository/Web - Register/Page_Buat akun dan dapatkan akses di Coding.ID/input_Kata Sandi_password'

2023-08-13 17:56:17 - [TEST_STEP][PASSED] - setText(findTestObject("Web - Register/Page_Buat akun dan dapatkan akses di Coding.ID/input_Konfirmasi kata sandi_password_confirmation"), "@@@@@"): Text '@@@@@' is set on object 'Object Repository/Web - Register/Page_Buat akun dan dapatkan akses di Coding.ID/input_Konfirmasi kata sandi_password_confirmation'

2023-08-13 17:56:17 - [MESSAGE][PASSED] - Text '@@@@@' is set on object 'Object Repository/Web - Register/Page_Buat akun dan dapatkan akses di Coding.ID/input_Konfirmasi kata sandi_password_confirmation'

2023-08-13 17:56:17 - [TEST_STEP][PASSED] - click(findTestObject("Web - Register/Page_Buat akun dan dapatkan akses di Coding.ID/input_Konfirmasi checkbox terms_and_condition")): Object: 'Object Repository/Web - Register/Page_Buat akun dan dapatkan akses di Coding.ID/input_Konfirmasi checkbox terms_and_condition' is clicked on

2023-08-13 17:56:18 - [MESSAGE][PASSED] - Object: 'Object Repository/Web - Register/Page_Buat akun dan dapatkan akses di Coding.ID/input_Konfirmasi checkbox terms_and_condition' is clicked on

2023-08-13 17:56:18 - [TEST_STEP][PASSED] - click(findTestObject("Web - Register/Page_Buat akun dan dapatkan akses di Coding.ID/button_Daftar")): Object: 'Object Repository/Web - Register/Page_Buat akun dan dapatkan akses di Coding.ID/button_Daftar' is clicked on

2023-08-13 17:56:19 - [MESSAGE][PASSED] - Object: 'Object Repository/Web - Register/Page_Buat akun dan dapatkan akses di Coding.ID/button_Daftar' is clicked on

2023-08-13 17:56:19 - [TEST_STEP][PASSED] - takeScreenshot(): Taking screenshot successfully

2023-08-13 17:56:20 - [MESSAGE][PASSED] - Taking screenshot successfully
[[ATTACHMENT|C:\\Users\\Dermawan\\git\\tim2_katalonfinalproject11\\Reports\\20230813_175212\\Platform Website\\SW-Register\\20230813_175212\\1691924179898.png]]

2023-08-13 17:56:20 - [TEST_STEP][PASSED] - delay(5): Delayed 5 second(s)

2023-08-13 17:56:25 - [MESSAGE][PASSED] - Delayed 5 second(s)

2023-08-13 17:56:25 - [TEST_STEP][PASSED] - closeBrowser(): Browser is closed

2023-08-13 17:56:25 - [MESSAGE][PASSED] - Browser is closed]]></system-out>
         <system-err><![CDATA[]]></system-err>
      </testcase>
      <testcase name="Test Cases/Website/SW-Register/SW-REG20" time="17.268" classname="Test Cases/Website/SW-Register/SW-REG20" status="PASSED">
         <system-out><![CDATA[2023-08-13 17:56:25 - [TEST_CASE][PASSED] - Test Cases/Website/SW-Register/SW-REG20: Test Cases/Website/SW-Register/SW-REG20

2023-08-13 17:56:26 - [TEST_STEP][PASSED] - openBrowser(""): Browser is opened with url: ''

2023-08-13 17:56:26 - [MESSAGE][INFO] - Starting 'Chrome' driver

2023-08-13 17:56:26 - [MESSAGE][INFO] - Action delay is set to 0 milliseconds

2023-08-13 17:56:27 - [MESSAGE][PASSED] - Browser is opened with url: ''

2023-08-13 17:56:27 - [TEST_STEP][PASSED] - maximizeWindow(): Current window maximized

2023-08-13 17:56:27 - [MESSAGE][PASSED] - Current window maximized

2023-08-13 17:56:27 - [TEST_STEP][PASSED] - navigateToUrl("https://demo-app.online/"): Navigate to 'https://demo-app.online/' successfully

2023-08-13 17:56:29 - [MESSAGE][PASSED] - Navigate to 'https://demo-app.online/' successfully

2023-08-13 17:56:29 - [TEST_STEP][PASSED] - click(findTestObject("Web - Register/Page_Buat akun dan dapatkan akses di Coding.ID/button_Buat Akun")): Object: 'Object Repository/Web - Register/Page_Buat akun dan dapatkan akses di Coding.ID/button_Buat Akun' is clicked on

2023-08-13 17:56:30 - [MESSAGE][PASSED] - Object: 'Object Repository/Web - Register/Page_Buat akun dan dapatkan akses di Coding.ID/button_Buat Akun' is clicked on

2023-08-13 17:56:30 - [TEST_STEP][PASSED] - setText(findTestObject("Web - Register/Page_Buat akun dan dapatkan akses di Coding.ID/input_Nama_name"), nama_iqbal): Text 'iqbal' is set on object 'Object Repository/Web - Register/Page_Buat akun dan dapatkan akses di Coding.ID/input_Nama_name'

2023-08-13 17:56:31 - [MESSAGE][PASSED] - Text 'iqbal' is set on object 'Object Repository/Web - Register/Page_Buat akun dan dapatkan akses di Coding.ID/input_Nama_name'

2023-08-13 17:56:31 - [TEST_STEP][PASSED] - setText(findTestObject("Web - Register/Page_Buat akun dan dapatkan akses di Coding.ID/input_Tanggal lahir_birth_date"), tgl_lhir): Text '11-08-2000' is set on object 'Object Repository/Web - Register/Page_Buat akun dan dapatkan akses di Coding.ID/input_Tanggal lahir_birth_date'

2023-08-13 17:56:32 - [MESSAGE][PASSED] - Text '11-08-2000' is set on object 'Object Repository/Web - Register/Page_Buat akun dan dapatkan akses di Coding.ID/input_Tanggal lahir_birth_date'

2023-08-13 17:56:32 - [TEST_STEP][PASSED] - setText(findTestObject("Web - Register/Page_Buat akun dan dapatkan akses di Coding.ID/input_E-Mail_email"), "p8h0w4o3pd@qiott.com"): Text 'p8h0w4o3pd@qiott.com' is set on object 'Object Repository/Web - Register/Page_Buat akun dan dapatkan akses di Coding.ID/input_E-Mail_email'

2023-08-13 17:56:32 - [MESSAGE][PASSED] - Text 'p8h0w4o3pd@qiott.com' is set on object 'Object Repository/Web - Register/Page_Buat akun dan dapatkan akses di Coding.ID/input_E-Mail_email'

2023-08-13 17:56:32 - [TEST_STEP][PASSED] - setText(findTestObject("Web - Register/Page_Buat akun dan dapatkan akses di Coding.ID/input_Whatsapp_whatsapp"), "021752157766"): Text '021752157766' is set on object 'Object Repository/Web - Register/Page_Buat akun dan dapatkan akses di Coding.ID/input_Whatsapp_whatsapp'

2023-08-13 17:56:33 - [MESSAGE][PASSED] - Text '021752157766' is set on object 'Object Repository/Web - Register/Page_Buat akun dan dapatkan akses di Coding.ID/input_Whatsapp_whatsapp'

2023-08-13 17:56:33 - [TEST_STEP][PASSED] - setText(findTestObject("Web - Register/Page_Buat akun dan dapatkan akses di Coding.ID/input_Kata Sandi_password"), "pass"): Text 'pass' is set on object 'Object Repository/Web - Register/Page_Buat akun dan dapatkan akses di Coding.ID/input_Kata Sandi_password'

2023-08-13 17:56:34 - [MESSAGE][PASSED] - Text 'pass' is set on object 'Object Repository/Web - Register/Page_Buat akun dan dapatkan akses di Coding.ID/input_Kata Sandi_password'

2023-08-13 17:56:34 - [TEST_STEP][PASSED] - setText(findTestObject("Web - Register/Page_Buat akun dan dapatkan akses di Coding.ID/input_Konfirmasi kata sandi_password_confirmation"), "pass"): Text 'pass' is set on object 'Object Repository/Web - Register/Page_Buat akun dan dapatkan akses di Coding.ID/input_Konfirmasi kata sandi_password_confirmation'

2023-08-13 17:56:34 - [MESSAGE][PASSED] - Text 'pass' is set on object 'Object Repository/Web - Register/Page_Buat akun dan dapatkan akses di Coding.ID/input_Konfirmasi kata sandi_password_confirmation'

2023-08-13 17:56:34 - [TEST_STEP][PASSED] - click(findTestObject("Web - Register/Page_Buat akun dan dapatkan akses di Coding.ID/input_Konfirmasi checkbox terms_and_condition")): Object: 'Object Repository/Web - Register/Page_Buat akun dan dapatkan akses di Coding.ID/input_Konfirmasi checkbox terms_and_condition' is clicked on

2023-08-13 17:56:35 - [MESSAGE][PASSED] - Object: 'Object Repository/Web - Register/Page_Buat akun dan dapatkan akses di Coding.ID/input_Konfirmasi checkbox terms_and_condition' is clicked on

2023-08-13 17:56:35 - [TEST_STEP][PASSED] - click(findTestObject("Web - Register/Page_Buat akun dan dapatkan akses di Coding.ID/button_Daftar")): Object: 'Object Repository/Web - Register/Page_Buat akun dan dapatkan akses di Coding.ID/button_Daftar' is clicked on

2023-08-13 17:56:36 - [MESSAGE][PASSED] - Object: 'Object Repository/Web - Register/Page_Buat akun dan dapatkan akses di Coding.ID/button_Daftar' is clicked on

2023-08-13 17:56:36 - [TEST_STEP][PASSED] - takeScreenshot(): Taking screenshot successfully

2023-08-13 17:56:37 - [MESSAGE][PASSED] - Taking screenshot successfully
[[ATTACHMENT|C:\\Users\\Dermawan\\git\\tim2_katalonfinalproject11\\Reports\\20230813_175212\\Platform Website\\SW-Register\\20230813_175212\\1691924197191.png]]

2023-08-13 17:56:37 - [TEST_STEP][PASSED] - delay(5): Delayed 5 second(s)

2023-08-13 17:56:42 - [MESSAGE][PASSED] - Delayed 5 second(s)

2023-08-13 17:56:42 - [TEST_STEP][PASSED] - closeBrowser(): Browser is closed

2023-08-13 17:56:43 - [MESSAGE][PASSED] - Browser is closed]]></system-out>
         <system-err><![CDATA[]]></system-err>
      </testcase>
      <system-out><![CDATA[2023-08-13 17:52:14 - [TEST_SUITE][PASSED] - SW-Register: Test Cases/Website/SW-Register/SW-REG20]]></system-out>
      <system-err><![CDATA[]]></system-err>
   </testsuite>
</testsuites>
