<?xml version="1.0" encoding="UTF-8"?>
<testsuites name="SW-LOGIN" time="80.716" tests="8" failures="0" errors="0">
   <testsuite name="SW-LOGIN" tests="8" failures="0" errors="0" time="80.716" skipped="0" timestamp="2023-08-13 11:47:22" hostname="rizky - rizkyisya" id="Test Suites/SW-LOGIN">
      <properties>
[...]
</properties>
      <testcase name="Test Cases/Website/SW-Login/SW-LOG01" time="11.323" classname="Test Cases/Website/SW-Login/SW-LOG01" status="PASSED">
         <system-out><![CDATA[2023-08-13 11:47:23 - [TEST_CASE][PASSED] - Test Cases/Website/SW-Login/SW-LOG01: Test Cases/Website/SW-Login/SW-LOG01

2023-08-13 11:47:23 - [TEST_STEP][PASSED] - openBrowser("https://demo-app.online/"): Browser is opened with url: 'https://demo-app.online/'

2023-08-13 11:47:23 - [MESSAGE][INFO] - Starting 'Chrome' driver

2023-08-13 11:47:23 - [MESSAGE][INFO] - Action delay is set to 0 milliseconds

2023-08-13 11:47:27 - [MESSAGE][PASSED] - Browser is opened with url: 'https://demo-app.online/'

2023-08-13 11:47:27 - [TEST_STEP][PASSED] - maximizeWindow(): Current window maximized

2023-08-13 11:47:27 - [MESSAGE][PASSED] - Current window maximized

2023-08-13 11:47:27 - [TEST_STEP][PASSED] - click(findTestObject("Object Repository/Web - Login/Page_Be a Profressional Talent with Coding.ID/a_Masuk")): Object: 'Object Repository/Web - Login/Page_Be a Profressional Talent with Coding.ID/a_Masuk' is clicked on

2023-08-13 11:47:28 - [MESSAGE][PASSED] - Object: 'Object Repository/Web - Login/Page_Be a Profressional Talent with Coding.ID/a_Masuk' is clicked on

2023-08-13 11:47:28 - [TEST_STEP][PASSED] - setText(findTestObject("Object Repository/Web - Login/Page_Masuk untuk dapatkan akses di Coding.ID/input_Email_email"), isya_katalon_email): Text 'isya.katalon@gmail.com' is set on object 'Object Repository/Web - Login/Page_Masuk untuk dapatkan akses di Coding.ID/input_Email_email'

2023-08-13 11:47:30 - [MESSAGE][PASSED] - Text 'isya.katalon@gmail.com' is set on object 'Object Repository/Web - Login/Page_Masuk untuk dapatkan akses di Coding.ID/input_Email_email'

2023-08-13 11:47:30 - [TEST_STEP][PASSED] - setText(findTestObject("Object Repository/Web - Login/Page_Masuk untuk dapatkan akses di Coding.ID/input_Kata                                 _98da12"), isya_katalon_password): Text 'password' is set on object 'Object Repository/Web - Login/Page_Masuk untuk dapatkan akses di Coding.ID/input_Kata                                 _98da12'

2023-08-13 11:47:31 - [MESSAGE][PASSED] - Text 'password' is set on object 'Object Repository/Web - Login/Page_Masuk untuk dapatkan akses di Coding.ID/input_Kata                                 _98da12'

2023-08-13 11:47:31 - [TEST_STEP][PASSED] - click(findTestObject("Object Repository/Web - Login/Page_Masuk untuk dapatkan akses di Coding.ID/button_Login")): Object: 'Object Repository/Web - Login/Page_Masuk untuk dapatkan akses di Coding.ID/button_Login' is clicked on

2023-08-13 11:47:32 - [MESSAGE][PASSED] - Object: 'Object Repository/Web - Login/Page_Masuk untuk dapatkan akses di Coding.ID/button_Login' is clicked on

2023-08-13 11:47:32 - [TEST_STEP][PASSED] - click(findTestObject("Object Repository/Web - Login/Page_Be a Profressional Talent with Coding.ID/i_Kontak_fas fa-user-alt")): Object: 'Object Repository/Web - Login/Page_Be a Profressional Talent with Coding.ID/i_Kontak_fas fa-user-alt' is clicked on

2023-08-13 11:47:33 - [MESSAGE][PASSED] - Object: 'Object Repository/Web - Login/Page_Be a Profressional Talent with Coding.ID/i_Kontak_fas fa-user-alt' is clicked on

2023-08-13 11:47:33 - [TEST_STEP][PASSED] - takeScreenshot(): Taking screenshot successfully

2023-08-13 11:47:33 - [MESSAGE][PASSED] - Taking screenshot successfully
[[ATTACHMENT|C:\\Users\\rizky\\git\\tim2_katalonfinalproject\\Reports\\20230813_114720\\SW-LOGIN\\20230813_114721\\1691902053402.png]]

2023-08-13 11:47:33 - [TEST_STEP][PASSED] - closeBrowser(): Browser is closed

2023-08-13 11:47:34 - [MESSAGE][PASSED] - Browser is closed]]></system-out>
         <system-err><![CDATA[]]></system-err>
      </testcase>
      <testcase name="Test Cases/Website/SW-Login/SW-LOG03" time="9.142" classname="Test Cases/Website/SW-Login/SW-LOG03" status="PASSED">
         <system-out><![CDATA[2023-08-13 11:47:34 - [TEST_CASE][PASSED] - Test Cases/Website/SW-Login/SW-LOG03: Test Cases/Website/SW-Login/SW-LOG03

2023-08-13 11:47:34 - [TEST_STEP][PASSED] - openBrowser("https://demo-app.online/"): Browser is opened with url: 'https://demo-app.online/'

2023-08-13 11:47:35 - [MESSAGE][INFO] - Starting 'Chrome' driver

2023-08-13 11:47:35 - [MESSAGE][INFO] - Action delay is set to 0 milliseconds

2023-08-13 11:47:37 - [MESSAGE][PASSED] - Browser is opened with url: 'https://demo-app.online/'

2023-08-13 11:47:37 - [TEST_STEP][PASSED] - maximizeWindow(): Current window maximized

2023-08-13 11:47:37 - [MESSAGE][PASSED] - Current window maximized

2023-08-13 11:47:37 - [TEST_STEP][PASSED] - click(findTestObject("Object Repository/Web - Login/Page_Be a Profressional Talent with Coding.ID/a_Masuk")): Object: 'Object Repository/Web - Login/Page_Be a Profressional Talent with Coding.ID/a_Masuk' is clicked on

2023-08-13 11:47:38 - [MESSAGE][PASSED] - Object: 'Object Repository/Web - Login/Page_Be a Profressional Talent with Coding.ID/a_Masuk' is clicked on

2023-08-13 11:47:38 - [TEST_STEP][PASSED] - setText(findTestObject("Object Repository/Web - Login/Page_Masuk untuk dapatkan akses di Coding.ID/input_Email_email"), "isya.katalon17@gmail.com"): Text 'isya.katalon17@gmail.com' is set on object 'Object Repository/Web - Login/Page_Masuk untuk dapatkan akses di Coding.ID/input_Email_email'

2023-08-13 11:47:39 - [MESSAGE][PASSED] - Text 'isya.katalon17@gmail.com' is set on object 'Object Repository/Web - Login/Page_Masuk untuk dapatkan akses di Coding.ID/input_Email_email'

2023-08-13 11:47:39 - [TEST_STEP][PASSED] - setText(findTestObject("Object Repository/Web - Login/Page_Masuk untuk dapatkan akses di Coding.ID/input_Kata                                 _98da12"), "password17"): Text 'password17' is set on object 'Object Repository/Web - Login/Page_Masuk untuk dapatkan akses di Coding.ID/input_Kata                                 _98da12'

2023-08-13 11:47:40 - [MESSAGE][PASSED] - Text 'password17' is set on object 'Object Repository/Web - Login/Page_Masuk untuk dapatkan akses di Coding.ID/input_Kata                                 _98da12'

2023-08-13 11:47:40 - [TEST_STEP][PASSED] - click(findTestObject("Object Repository/Web - Login/Page_Masuk untuk dapatkan akses di Coding.ID/button_Login")): Object: 'Object Repository/Web - Login/Page_Masuk untuk dapatkan akses di Coding.ID/button_Login' is clicked on

2023-08-13 11:47:41 - [MESSAGE][PASSED] - Object: 'Object Repository/Web - Login/Page_Masuk untuk dapatkan akses di Coding.ID/button_Login' is clicked on

2023-08-13 11:47:41 - [TEST_STEP][PASSED] - verifyElementText(findTestObject("Web - Login/Page_Masuk untuk dapatkan akses di Coding.ID/small_Email atau kata sandi salah"), "Email atau kata sandi salah"): Actual text and expected text of test object 'Object Repository/Web - Login/Page_Masuk untuk dapatkan akses di Coding.ID/small_Email atau kata sandi salah' are matched.

2023-08-13 11:47:42 - [MESSAGE][PASSED] - Actual text and expected text of test object 'Object Repository/Web - Login/Page_Masuk untuk dapatkan akses di Coding.ID/small_Email atau kata sandi salah' are matched.

2023-08-13 11:47:42 - [TEST_STEP][PASSED] - takeScreenshot(): Taking screenshot successfully

2023-08-13 11:47:42 - [MESSAGE][PASSED] - Taking screenshot successfully
[[ATTACHMENT|C:\\Users\\rizky\\git\\tim2_katalonfinalproject\\Reports\\20230813_114720\\SW-LOGIN\\20230813_114721\\1691902062702.png]]

2023-08-13 11:47:42 - [TEST_STEP][PASSED] - closeBrowser(): Browser is closed

2023-08-13 11:47:43 - [MESSAGE][PASSED] - Browser is closed]]></system-out>
         <system-err><![CDATA[]]></system-err>
      </testcase>
      <testcase name="Test Cases/Website/SW-Login/SW-LOG04" time="11.346" classname="Test Cases/Website/SW-Login/SW-LOG04" status="PASSED">
         <system-out><![CDATA[2023-08-13 11:47:43 - [TEST_CASE][PASSED] - Test Cases/Website/SW-Login/SW-LOG04: Test Cases/Website/SW-Login/SW-LOG04

2023-08-13 11:47:44 - [TEST_STEP][PASSED] - openBrowser("https://demo-app.online/"): Browser is opened with url: 'https://demo-app.online/'

2023-08-13 11:47:44 - [MESSAGE][INFO] - Starting 'Chrome' driver

2023-08-13 11:47:44 - [MESSAGE][INFO] - Action delay is set to 0 milliseconds

2023-08-13 11:47:49 - [MESSAGE][PASSED] - Browser is opened with url: 'https://demo-app.online/'

2023-08-13 11:47:49 - [TEST_STEP][PASSED] - maximizeWindow(): Current window maximized

2023-08-13 11:47:49 - [MESSAGE][PASSED] - Current window maximized

2023-08-13 11:47:49 - [TEST_STEP][PASSED] - click(findTestObject("Object Repository/Web - Login/Page_Be a Profressional Talent with Coding.ID/a_Masuk")): Object: 'Object Repository/Web - Login/Page_Be a Profressional Talent with Coding.ID/a_Masuk' is clicked on

2023-08-13 11:47:51 - [MESSAGE][PASSED] - Object: 'Object Repository/Web - Login/Page_Be a Profressional Talent with Coding.ID/a_Masuk' is clicked on

2023-08-13 11:47:51 - [TEST_STEP][PASSED] - setText(findTestObject("Object Repository/Web - Login/Page_Masuk untuk dapatkan akses di Coding.ID/input_Email_email"), "isya"): Text 'isya' is set on object 'Object Repository/Web - Login/Page_Masuk untuk dapatkan akses di Coding.ID/input_Email_email'

2023-08-13 11:47:52 - [MESSAGE][PASSED] - Text 'isya' is set on object 'Object Repository/Web - Login/Page_Masuk untuk dapatkan akses di Coding.ID/input_Email_email'

2023-08-13 11:47:52 - [TEST_STEP][PASSED] - setText(findTestObject("Web - Login/Page_Masuk untuk dapatkan akses di Coding.ID/input_Kata                                 _98da12"), "password"): Text 'password' is set on object 'Object Repository/Web - Login/Page_Masuk untuk dapatkan akses di Coding.ID/input_Kata                                 _98da12'

2023-08-13 11:47:53 - [MESSAGE][PASSED] - Text 'password' is set on object 'Object Repository/Web - Login/Page_Masuk untuk dapatkan akses di Coding.ID/input_Kata                                 _98da12'

2023-08-13 11:47:53 - [TEST_STEP][PASSED] - click(findTestObject("Object Repository/Web - Login/Page_Masuk untuk dapatkan akses di Coding.ID/button_Login")): Object: 'Object Repository/Web - Login/Page_Masuk untuk dapatkan akses di Coding.ID/button_Login' is clicked on

2023-08-13 11:47:53 - [MESSAGE][PASSED] - Object: 'Object Repository/Web - Login/Page_Masuk untuk dapatkan akses di Coding.ID/button_Login' is clicked on

2023-08-13 11:47:53 - [TEST_STEP][PASSED] - verifyMatch(getAttribute(findTestObject("Object Repository/Web - Login/Page_Masuk untuk dapatkan akses di Coding.ID/input_Email_email"), "validationMessage"), "Please include an '@' in the email address.*", true): Actual text 'Please include an '@' in the email address. 'isya' is missing an '@'.' and expected text 'Please include an '@' in the email address.*' are matched  using regular expression

2023-08-13 11:47:53 - [MESSAGE][PASSED] - Attribute 'validationMessage' of object 'Object Repository/Web - Login/Page_Masuk untuk dapatkan akses di Coding.ID/input_Email_email' is: 'Please include an '@' in the email address. 'isya' is missing an '@'.'

2023-08-13 11:47:53 - [MESSAGE][PASSED] - Actual text 'Please include an '@' in the email address. 'isya' is missing an '@'.' and expected text 'Please include an '@' in the email address.*' are matched  using regular expression

2023-08-13 11:47:53 - [TEST_STEP][PASSED] - takeScreenshot(): Taking screenshot successfully

2023-08-13 11:47:54 - [MESSAGE][PASSED] - Taking screenshot successfully
[[ATTACHMENT|C:\\Users\\rizky\\git\\tim2_katalonfinalproject\\Reports\\20230813_114720\\SW-LOGIN\\20230813_114721\\1691902074132.png]]

2023-08-13 11:47:54 - [TEST_STEP][PASSED] - closeBrowser(): Browser is closed

2023-08-13 11:47:54 - [MESSAGE][PASSED] - Browser is closed]]></system-out>
         <system-err><![CDATA[]]></system-err>
      </testcase>
      <testcase name="Test Cases/Website/SW-Login/SW-LOG05" time="12.685" classname="Test Cases/Website/SW-Login/SW-LOG05" status="PASSED">
         <system-out><![CDATA[2023-08-13 11:47:54 - [TEST_CASE][PASSED] - Test Cases/Website/SW-Login/SW-LOG05: Test Cases/Website/SW-Login/SW-LOG05

2023-08-13 11:47:55 - [TEST_STEP][PASSED] - openBrowser("https://demo-app.online/"): Browser is opened with url: 'https://demo-app.online/'

2023-08-13 11:47:55 - [MESSAGE][INFO] - Starting 'Chrome' driver

2023-08-13 11:47:55 - [MESSAGE][INFO] - Action delay is set to 0 milliseconds

2023-08-13 11:48:02 - [MESSAGE][PASSED] - Browser is opened with url: 'https://demo-app.online/'

2023-08-13 11:48:02 - [TEST_STEP][PASSED] - maximizeWindow(): Current window maximized

2023-08-13 11:48:02 - [MESSAGE][PASSED] - Current window maximized

2023-08-13 11:48:02 - [TEST_STEP][PASSED] - click(findTestObject("Object Repository/Web - Login/Page_Be a Profressional Talent with Coding.ID/a_Masuk")): Object: 'Object Repository/Web - Login/Page_Be a Profressional Talent with Coding.ID/a_Masuk' is clicked on

2023-08-13 11:48:03 - [MESSAGE][PASSED] - Object: 'Object Repository/Web - Login/Page_Be a Profressional Talent with Coding.ID/a_Masuk' is clicked on

2023-08-13 11:48:03 - [TEST_STEP][PASSED] - setText(findTestObject("Object Repository/Web - Login/Page_Masuk untuk dapatkan akses di Coding.ID/input_Email_email"), ""): Text '' is set on object 'Object Repository/Web - Login/Page_Masuk untuk dapatkan akses di Coding.ID/input_Email_email'

2023-08-13 11:48:05 - [MESSAGE][PASSED] - Text '' is set on object 'Object Repository/Web - Login/Page_Masuk untuk dapatkan akses di Coding.ID/input_Email_email'

2023-08-13 11:48:05 - [TEST_STEP][PASSED] - setText(findTestObject("Web - Login/Page_Masuk untuk dapatkan akses di Coding.ID/input_Kata                                 _98da12"), "password"): Text 'password' is set on object 'Object Repository/Web - Login/Page_Masuk untuk dapatkan akses di Coding.ID/input_Kata                                 _98da12'

2023-08-13 11:48:05 - [MESSAGE][PASSED] - Text 'password' is set on object 'Object Repository/Web - Login/Page_Masuk untuk dapatkan akses di Coding.ID/input_Kata                                 _98da12'

2023-08-13 11:48:05 - [TEST_STEP][PASSED] - click(findTestObject("Object Repository/Web - Login/Page_Masuk untuk dapatkan akses di Coding.ID/button_Login")): Object: 'Object Repository/Web - Login/Page_Masuk untuk dapatkan akses di Coding.ID/button_Login' is clicked on

2023-08-13 11:48:06 - [MESSAGE][PASSED] - Object: 'Object Repository/Web - Login/Page_Masuk untuk dapatkan akses di Coding.ID/button_Login' is clicked on

2023-08-13 11:48:06 - [TEST_STEP][PASSED] - verifyEqual(getAttribute(findTestObject("Object Repository/Web - Login/Page_Masuk untuk dapatkan akses di Coding.ID/input_Email_email"), "validationMessage"), "Please fill out this field."): Actual object 'Please fill out this field.' and expected object 'Please fill out this field.' are equal

2023-08-13 11:48:06 - [MESSAGE][PASSED] - Attribute 'validationMessage' of object 'Object Repository/Web - Login/Page_Masuk untuk dapatkan akses di Coding.ID/input_Email_email' is: 'Please fill out this field.'

2023-08-13 11:48:06 - [MESSAGE][PASSED] - Actual object 'Please fill out this field.' and expected object 'Please fill out this field.' are equal

2023-08-13 11:48:06 - [TEST_STEP][PASSED] - takeScreenshot(): Taking screenshot successfully

2023-08-13 11:48:06 - [MESSAGE][PASSED] - Taking screenshot successfully
[[ATTACHMENT|C:\\Users\\rizky\\git\\tim2_katalonfinalproject\\Reports\\20230813_114720\\SW-LOGIN\\20230813_114721\\1691902086825.png]]

2023-08-13 11:48:06 - [TEST_STEP][PASSED] - closeBrowser(): Browser is closed

2023-08-13 11:48:07 - [MESSAGE][PASSED] - Browser is closed]]></system-out>
         <system-err><![CDATA[]]></system-err>
      </testcase>
      <testcase name="Test Cases/Website/SW-Login/SW-LOG06" time="8.201" classname="Test Cases/Website/SW-Login/SW-LOG06" status="PASSED">
         <system-out><![CDATA[2023-08-13 11:48:07 - [TEST_CASE][PASSED] - Test Cases/Website/SW-Login/SW-LOG06: Test Cases/Website/SW-Login/SW-LOG06

2023-08-13 11:48:07 - [TEST_STEP][PASSED] - openBrowser("https://demo-app.online/"): Browser is opened with url: 'https://demo-app.online/'

2023-08-13 11:48:07 - [MESSAGE][INFO] - Starting 'Chrome' driver

2023-08-13 11:48:07 - [MESSAGE][INFO] - Action delay is set to 0 milliseconds

2023-08-13 11:48:10 - [MESSAGE][PASSED] - Browser is opened with url: 'https://demo-app.online/'

2023-08-13 11:48:10 - [TEST_STEP][PASSED] - maximizeWindow(): Current window maximized

2023-08-13 11:48:11 - [MESSAGE][PASSED] - Current window maximized

2023-08-13 11:48:11 - [TEST_STEP][PASSED] - click(findTestObject("Object Repository/Web - Login/Page_Be a Profressional Talent with Coding.ID/a_Masuk")): Object: 'Object Repository/Web - Login/Page_Be a Profressional Talent with Coding.ID/a_Masuk' is clicked on

2023-08-13 11:48:12 - [MESSAGE][PASSED] - Object: 'Object Repository/Web - Login/Page_Be a Profressional Talent with Coding.ID/a_Masuk' is clicked on

2023-08-13 11:48:12 - [TEST_STEP][PASSED] - setText(findTestObject("Object Repository/Web - Login/Page_Masuk untuk dapatkan akses di Coding.ID/input_Email_email"), "isya.katalon@gmail.com"): Text 'isya.katalon@gmail.com' is set on object 'Object Repository/Web - Login/Page_Masuk untuk dapatkan akses di Coding.ID/input_Email_email'

2023-08-13 11:48:13 - [MESSAGE][PASSED] - Text 'isya.katalon@gmail.com' is set on object 'Object Repository/Web - Login/Page_Masuk untuk dapatkan akses di Coding.ID/input_Email_email'

2023-08-13 11:48:13 - [TEST_STEP][PASSED] - setText(findTestObject("Web - Login/Page_Masuk untuk dapatkan akses di Coding.ID/input_Kata                                 _98da12"), ""): Text '' is set on object 'Object Repository/Web - Login/Page_Masuk untuk dapatkan akses di Coding.ID/input_Kata                                 _98da12'

2023-08-13 11:48:14 - [MESSAGE][PASSED] - Text '' is set on object 'Object Repository/Web - Login/Page_Masuk untuk dapatkan akses di Coding.ID/input_Kata                                 _98da12'

2023-08-13 11:48:14 - [TEST_STEP][PASSED] - click(findTestObject("Object Repository/Web - Login/Page_Masuk untuk dapatkan akses di Coding.ID/button_Login")): Object: 'Object Repository/Web - Login/Page_Masuk untuk dapatkan akses di Coding.ID/button_Login' is clicked on

2023-08-13 11:48:14 - [MESSAGE][PASSED] - Object: 'Object Repository/Web - Login/Page_Masuk untuk dapatkan akses di Coding.ID/button_Login' is clicked on

2023-08-13 11:48:14 - [TEST_STEP][PASSED] - verifyEqual(getAttribute(findTestObject("Web - Login/Page_Masuk untuk dapatkan akses di Coding.ID/input_Kata                                 _98da12"), "validationMessage"), "Please fill out this field."): Actual object 'Please fill out this field.' and expected object 'Please fill out this field.' are equal

2023-08-13 11:48:14 - [MESSAGE][PASSED] - Attribute 'validationMessage' of object 'Object Repository/Web - Login/Page_Masuk untuk dapatkan akses di Coding.ID/input_Kata                                 _98da12' is: 'Please fill out this field.'

2023-08-13 11:48:14 - [MESSAGE][PASSED] - Actual object 'Please fill out this field.' and expected object 'Please fill out this field.' are equal

2023-08-13 11:48:14 - [TEST_STEP][PASSED] - takeScreenshot(): Taking screenshot successfully

2023-08-13 11:48:15 - [MESSAGE][PASSED] - Taking screenshot successfully
[[ATTACHMENT|C:\\Users\\rizky\\git\\tim2_katalonfinalproject\\Reports\\20230813_114720\\SW-LOGIN\\20230813_114721\\1691902095062.png]]

2023-08-13 11:48:15 - [TEST_STEP][PASSED] - closeBrowser(): Browser is closed

2023-08-13 11:48:15 - [MESSAGE][PASSED] - Browser is closed]]></system-out>
         <system-err><![CDATA[]]></system-err>
      </testcase>
      <testcase name="Test Cases/Website/SW-Login/SW-LOG10" time="9.272" classname="Test Cases/Website/SW-Login/SW-LOG10" status="PASSED">
         <system-out><![CDATA[2023-08-13 11:48:15 - [TEST_CASE][PASSED] - Test Cases/Website/SW-Login/SW-LOG10: Test Cases/Website/SW-Login/SW-LOG10

2023-08-13 11:48:15 - [TEST_STEP][PASSED] - openBrowser("https://demo-app.online/"): Browser is opened with url: 'https://demo-app.online/'

2023-08-13 11:48:15 - [MESSAGE][INFO] - Starting 'Chrome' driver

2023-08-13 11:48:15 - [MESSAGE][INFO] - Action delay is set to 0 milliseconds

2023-08-13 11:48:20 - [MESSAGE][PASSED] - Browser is opened with url: 'https://demo-app.online/'

2023-08-13 11:48:20 - [TEST_STEP][PASSED] - maximizeWindow(): Current window maximized

2023-08-13 11:48:20 - [MESSAGE][PASSED] - Current window maximized

2023-08-13 11:48:20 - [TEST_STEP][PASSED] - click(findTestObject("Object Repository/Web - Login/Page_Be a Profressional Talent with Coding.ID/a_Masuk")): Object: 'Object Repository/Web - Login/Page_Be a Profressional Talent with Coding.ID/a_Masuk' is clicked on

2023-08-13 11:48:21 - [MESSAGE][PASSED] - Object: 'Object Repository/Web - Login/Page_Be a Profressional Talent with Coding.ID/a_Masuk' is clicked on

2023-08-13 11:48:21 - [TEST_STEP][PASSED] - setText(findTestObject("Object Repository/Web - Login/Page_Masuk untuk dapatkan akses di Coding.ID/input_Email_email"), "@gmail.com"): Text '@gmail.com' is set on object 'Object Repository/Web - Login/Page_Masuk untuk dapatkan akses di Coding.ID/input_Email_email'

2023-08-13 11:48:22 - [MESSAGE][PASSED] - Text '@gmail.com' is set on object 'Object Repository/Web - Login/Page_Masuk untuk dapatkan akses di Coding.ID/input_Email_email'

2023-08-13 11:48:22 - [TEST_STEP][PASSED] - setText(findTestObject("Web - Login/Page_Masuk untuk dapatkan akses di Coding.ID/input_Kata                                 _98da12"), "password"): Text 'password' is set on object 'Object Repository/Web - Login/Page_Masuk untuk dapatkan akses di Coding.ID/input_Kata                                 _98da12'

2023-08-13 11:48:23 - [MESSAGE][PASSED] - Text 'password' is set on object 'Object Repository/Web - Login/Page_Masuk untuk dapatkan akses di Coding.ID/input_Kata                                 _98da12'

2023-08-13 11:48:23 - [TEST_STEP][PASSED] - click(findTestObject("Object Repository/Web - Login/Page_Masuk untuk dapatkan akses di Coding.ID/button_Login")): Object: 'Object Repository/Web - Login/Page_Masuk untuk dapatkan akses di Coding.ID/button_Login' is clicked on

2023-08-13 11:48:23 - [MESSAGE][PASSED] - Object: 'Object Repository/Web - Login/Page_Masuk untuk dapatkan akses di Coding.ID/button_Login' is clicked on

2023-08-13 11:48:23 - [TEST_STEP][PASSED] - verifyMatch(getAttribute(findTestObject("Object Repository/Web - Login/Page_Masuk untuk dapatkan akses di Coding.ID/input_Email_email"), "validationMessage"), "Please enter a part followed by '@'.*", true): Actual text 'Please enter a part followed by '@'. '@gmail.com' is incomplete.' and expected text 'Please enter a part followed by '@'.*' are matched  using regular expression

2023-08-13 11:48:24 - [MESSAGE][PASSED] - Attribute 'validationMessage' of object 'Object Repository/Web - Login/Page_Masuk untuk dapatkan akses di Coding.ID/input_Email_email' is: 'Please enter a part followed by '@'. '@gmail.com' is incomplete.'

2023-08-13 11:48:24 - [MESSAGE][PASSED] - Actual text 'Please enter a part followed by '@'. '@gmail.com' is incomplete.' and expected text 'Please enter a part followed by '@'.*' are matched  using regular expression

2023-08-13 11:48:24 - [TEST_STEP][PASSED] - takeScreenshot(): Taking screenshot successfully

2023-08-13 11:48:24 - [MESSAGE][PASSED] - Taking screenshot successfully
[[ATTACHMENT|C:\\Users\\rizky\\git\\tim2_katalonfinalproject\\Reports\\20230813_114720\\SW-LOGIN\\20230813_114721\\1691902104337.png]]

2023-08-13 11:48:24 - [TEST_STEP][PASSED] - closeBrowser(): Browser is closed

2023-08-13 11:48:25 - [MESSAGE][PASSED] - Browser is closed]]></system-out>
         <system-err><![CDATA[]]></system-err>
      </testcase>
      <testcase name="Test Cases/Website/SW-Login/SW-LOG11" time="7.721" classname="Test Cases/Website/SW-Login/SW-LOG11" status="PASSED">
         <system-out><![CDATA[2023-08-13 11:48:25 - [TEST_CASE][PASSED] - Test Cases/Website/SW-Login/SW-LOG11: Test Cases/Website/SW-Login/SW-LOG11

2023-08-13 11:48:25 - [TEST_STEP][PASSED] - openBrowser("https://demo-app.online/"): Browser is opened with url: 'https://demo-app.online/'

2023-08-13 11:48:25 - [MESSAGE][INFO] - Starting 'Chrome' driver

2023-08-13 11:48:25 - [MESSAGE][INFO] - Action delay is set to 0 milliseconds

2023-08-13 11:48:27 - [MESSAGE][PASSED] - Browser is opened with url: 'https://demo-app.online/'

2023-08-13 11:48:27 - [TEST_STEP][PASSED] - maximizeWindow(): Current window maximized

2023-08-13 11:48:28 - [MESSAGE][PASSED] - Current window maximized

2023-08-13 11:48:28 - [TEST_STEP][PASSED] - click(findTestObject("Object Repository/Web - Login/Page_Be a Profressional Talent with Coding.ID/a_Masuk")): Object: 'Object Repository/Web - Login/Page_Be a Profressional Talent with Coding.ID/a_Masuk' is clicked on

2023-08-13 11:48:29 - [MESSAGE][PASSED] - Object: 'Object Repository/Web - Login/Page_Be a Profressional Talent with Coding.ID/a_Masuk' is clicked on

2023-08-13 11:48:29 - [TEST_STEP][PASSED] - setText(findTestObject("Object Repository/Web - Login/Page_Masuk untuk dapatkan akses di Coding.ID/input_Email_email"), "isya.katalon@"): Text 'isya.katalon@' is set on object 'Object Repository/Web - Login/Page_Masuk untuk dapatkan akses di Coding.ID/input_Email_email'

2023-08-13 11:48:30 - [MESSAGE][PASSED] - Text 'isya.katalon@' is set on object 'Object Repository/Web - Login/Page_Masuk untuk dapatkan akses di Coding.ID/input_Email_email'

2023-08-13 11:48:30 - [TEST_STEP][PASSED] - setText(findTestObject("Web - Login/Page_Masuk untuk dapatkan akses di Coding.ID/input_Kata                                 _98da12"), "password"): Text 'password' is set on object 'Object Repository/Web - Login/Page_Masuk untuk dapatkan akses di Coding.ID/input_Kata                                 _98da12'

2023-08-13 11:48:31 - [MESSAGE][PASSED] - Text 'password' is set on object 'Object Repository/Web - Login/Page_Masuk untuk dapatkan akses di Coding.ID/input_Kata                                 _98da12'

2023-08-13 11:48:31 - [TEST_STEP][PASSED] - click(findTestObject("Object Repository/Web - Login/Page_Masuk untuk dapatkan akses di Coding.ID/button_Login")): Object: 'Object Repository/Web - Login/Page_Masuk untuk dapatkan akses di Coding.ID/button_Login' is clicked on

2023-08-13 11:48:31 - [MESSAGE][PASSED] - Object: 'Object Repository/Web - Login/Page_Masuk untuk dapatkan akses di Coding.ID/button_Login' is clicked on

2023-08-13 11:48:31 - [TEST_STEP][PASSED] - verifyMatch(getAttribute(findTestObject("Object Repository/Web - Login/Page_Masuk untuk dapatkan akses di Coding.ID/input_Email_email"), "validationMessage"), "Please enter a part following '@'.*", true): Actual text 'Please enter a part following '@'. 'isya.katalon@' is incomplete.' and expected text 'Please enter a part following '@'.*' are matched  using regular expression

2023-08-13 11:48:31 - [MESSAGE][PASSED] - Attribute 'validationMessage' of object 'Object Repository/Web - Login/Page_Masuk untuk dapatkan akses di Coding.ID/input_Email_email' is: 'Please enter a part following '@'. 'isya.katalon@' is incomplete.'

2023-08-13 11:48:31 - [MESSAGE][PASSED] - Actual text 'Please enter a part following '@'. 'isya.katalon@' is incomplete.' and expected text 'Please enter a part following '@'.*' are matched  using regular expression

2023-08-13 11:48:31 - [TEST_STEP][PASSED] - takeScreenshot(): Taking screenshot successfully

2023-08-13 11:48:32 - [MESSAGE][PASSED] - Taking screenshot successfully
[[ATTACHMENT|C:\\Users\\rizky\\git\\tim2_katalonfinalproject\\Reports\\20230813_114720\\SW-LOGIN\\20230813_114721\\1691902112061.png]]

2023-08-13 11:48:32 - [TEST_STEP][PASSED] - closeBrowser(): Browser is closed

2023-08-13 11:48:32 - [MESSAGE][PASSED] - Browser is closed]]></system-out>
         <system-err><![CDATA[]]></system-err>
      </testcase>
      <testcase name="Test Cases/Website/SW-Login/SW-LOG12" time="10.797" classname="Test Cases/Website/SW-Login/SW-LOG12" status="PASSED">
         <system-out><![CDATA[2023-08-13 11:48:32 - [TEST_CASE][PASSED] - Test Cases/Website/SW-Login/SW-LOG12: Test Cases/Website/SW-Login/SW-LOG12

2023-08-13 11:48:32 - [TEST_STEP][PASSED] - openBrowser("https://demo-app.online/"): Browser is opened with url: 'https://demo-app.online/'

2023-08-13 11:48:32 - [MESSAGE][INFO] - Starting 'Chrome' driver

2023-08-13 11:48:32 - [MESSAGE][INFO] - Action delay is set to 0 milliseconds

2023-08-13 11:48:38 - [MESSAGE][PASSED] - Browser is opened with url: 'https://demo-app.online/'

2023-08-13 11:48:38 - [TEST_STEP][PASSED] - maximizeWindow(): Current window maximized

2023-08-13 11:48:39 - [MESSAGE][PASSED] - Current window maximized

2023-08-13 11:48:39 - [TEST_STEP][PASSED] - click(findTestObject("Object Repository/Web - Login/Page_Be a Profressional Talent with Coding.ID/a_Masuk")): Object: 'Object Repository/Web - Login/Page_Be a Profressional Talent with Coding.ID/a_Masuk' is clicked on

2023-08-13 11:48:40 - [MESSAGE][PASSED] - Object: 'Object Repository/Web - Login/Page_Be a Profressional Talent with Coding.ID/a_Masuk' is clicked on

2023-08-13 11:48:40 - [TEST_STEP][PASSED] - setText(findTestObject("Object Repository/Web - Login/Page_Masuk untuk dapatkan akses di Coding.ID/input_Email_email"), "isya.katalon@gmail@"): Text 'isya.katalon@gmail@' is set on object 'Object Repository/Web - Login/Page_Masuk untuk dapatkan akses di Coding.ID/input_Email_email'

2023-08-13 11:48:41 - [MESSAGE][PASSED] - Text 'isya.katalon@gmail@' is set on object 'Object Repository/Web - Login/Page_Masuk untuk dapatkan akses di Coding.ID/input_Email_email'

2023-08-13 11:48:41 - [TEST_STEP][PASSED] - setText(findTestObject("Web - Login/Page_Masuk untuk dapatkan akses di Coding.ID/input_Kata                                 _98da12"), "password"): Text 'password' is set on object 'Object Repository/Web - Login/Page_Masuk untuk dapatkan akses di Coding.ID/input_Kata                                 _98da12'

2023-08-13 11:48:41 - [MESSAGE][PASSED] - Text 'password' is set on object 'Object Repository/Web - Login/Page_Masuk untuk dapatkan akses di Coding.ID/input_Kata                                 _98da12'

2023-08-13 11:48:41 - [TEST_STEP][PASSED] - click(findTestObject("Object Repository/Web - Login/Page_Masuk untuk dapatkan akses di Coding.ID/button_Login")): Object: 'Object Repository/Web - Login/Page_Masuk untuk dapatkan akses di Coding.ID/button_Login' is clicked on

2023-08-13 11:48:42 - [MESSAGE][PASSED] - Object: 'Object Repository/Web - Login/Page_Masuk untuk dapatkan akses di Coding.ID/button_Login' is clicked on

2023-08-13 11:48:42 - [TEST_STEP][PASSED] - verifyMatch(getAttribute(findTestObject("Object Repository/Web - Login/Page_Masuk untuk dapatkan akses di Coding.ID/input_Email_email"), "validationMessage"), "A part following '@' should not contain the symbol '@'.*", true): Actual text 'A part following '@' should not contain the symbol '@'.' and expected text 'A part following '@' should not contain the symbol '@'.*' are matched  using regular expression

2023-08-13 11:48:42 - [MESSAGE][PASSED] - Attribute 'validationMessage' of object 'Object Repository/Web - Login/Page_Masuk untuk dapatkan akses di Coding.ID/input_Email_email' is: 'A part following '@' should not contain the symbol '@'.'

2023-08-13 11:48:42 - [MESSAGE][PASSED] - Actual text 'A part following '@' should not contain the symbol '@'.' and expected text 'A part following '@' should not contain the symbol '@'.*' are matched  using regular expression

2023-08-13 11:48:42 - [TEST_STEP][PASSED] - takeScreenshot(): Taking screenshot successfully

2023-08-13 11:48:43 - [MESSAGE][PASSED] - Taking screenshot successfully
[[ATTACHMENT|C:\\Users\\rizky\\git\\tim2_katalonfinalproject\\Reports\\20230813_114720\\SW-LOGIN\\20230813_114721\\1691902122855.png]]

2023-08-13 11:48:43 - [TEST_STEP][PASSED] - closeBrowser(): Browser is closed

2023-08-13 11:48:43 - [MESSAGE][PASSED] - Browser is closed]]></system-out>
         <system-err><![CDATA[]]></system-err>
      </testcase>
      <system-out><![CDATA[2023-08-13 11:47:22 - [TEST_SUITE][PASSED] - SW-LOGIN: Test Cases/Website/SW-Login/SW-LOG12]]></system-out>
      <system-err><![CDATA[]]></system-err>
   </testsuite>
</testsuites>
